#-----------------------------------------------------------
# Webtalk v2017.4 (64-bit)
# SW Build 2086221 on Fri Dec 15 20:55:39 MST 2017
# 
# Start of session at: Fri Jan 19 23:16:45 2018
# Process ID: 7128
# Current directory: D:/zynq7000/zynq/vivado_examples/FPGA_Part/CodeSrc/CH29/MIZ702_1280X720P_OV/MIZ702.sdk/webtalk
# Command line: wbtcv.exe -mode batch -source sdk_webtalk.tcl
# Log file: D:/zynq7000/zynq/vivado_examples/FPGA_Part/CodeSrc/CH29/MIZ702_1280X720P_OV/MIZ702.sdk/webtalk/webtalk.log
# Journal file: D:/zynq7000/zynq/vivado_examples/FPGA_Part/CodeSrc/CH29/MIZ702_1280X720P_OV/MIZ702.sdk/webtalk\webtalk.jou
#-----------------------------------------------------------
source sdk_webtalk.tcl
# webtalk_init -webtalk_dir D:\\zynq7000\\zynq\\vivado_examples\\FPGA_Part\\CodeSrc\\CH29\\MIZ702_1280X720P_OV\\MIZ702.sdk\\webtalk
# webtalk_register_client -client project
# webtalk_add_data -client project -key date_generated -value "2018-01-19 23:16:43" -context "software_version_and_target_device"
# webtalk_add_data -client project -key product_version -value "SDK v2017.4" -context "software_version_and_target_device"
# webtalk_add_data -client project -key build_version -value "2017.4" -context "software_version_and_target_device"
# webtalk_add_data -client project -key os_platform -value "amd64" -context "software_version_and_target_device"
# webtalk_add_data -client project -key registration_id -value "" -context "software_version_and_target_device"
# webtalk_add_data -client project -key tool_flow -value "SDK" -context "software_version_and_target_device"
# webtalk_add_data -client project -key beta -value "false" -context "software_version_and_target_device"
# webtalk_add_data -client project -key route_design -value "NA" -context "software_version_and_target_device"
# webtalk_add_data -client project -key target_family -value "NA" -context "software_version_and_target_device"
# webtalk_add_data -client project -key target_device -value "NA" -context "software_version_and_target_device"
# webtalk_add_data -client project -key target_package -value "NA" -context "software_version_and_target_device"
# webtalk_add_data -client project -key target_speed -value "NA" -context "software_version_and_target_device"
# webtalk_add_data -client project -key random_id -value "2qbb5ubbtbetl7ip1b0hffco8m" -context "software_version_and_target_device"
# webtalk_add_data -client project -key project_id -value "2017.4_1" -context "software_version_and_target_device"
# webtalk_add_data -client project -key project_iteration -value "1" -context "software_version_and_target_device"
# webtalk_add_data -client project -key os_name -value "Microsoft Windows 8 or later , 64-bit" -context "user_environment"
# webtalk_add_data -client project -key os_release -value "major release  (build 9200)" -context "user_environment"
# webtalk_add_data -client project -key cpu_name -value "Intel(R) Core(TM) i5-6500 CPU @ 3.20GHz" -context "user_environment"
# webtalk_add_data -client project -key cpu_speed -value "3192 MHz" -context "user_environment"
# webtalk_add_data -client project -key total_processors -value "1" -context "user_environment"
# webtalk_add_data -client project -key system_ram -value "8.493 GB" -context "user_environment"
# webtalk_register_client -client sdk
# webtalk_add_data -client sdk -key uid -value "1516364005674" -context "sdk\\\\hardware/1516364005674"
# webtalk_add_data -client sdk -key isZynq -value "true" -context "sdk\\\\hardware/1516364005674"
# webtalk_add_data -client sdk -key isZynqMP -value "false" -context "sdk\\\\hardware/1516364005674"
# webtalk_add_data -client sdk -key Processors -value "2" -context "sdk\\\\hardware/1516364005674"
# webtalk_add_data -client sdk -key VivadoVersion -value "2017.4" -context "sdk\\\\hardware/1516364005674"
# webtalk_add_data -client sdk -key Arch -value "zynq" -context "sdk\\\\hardware/1516364005674"
# webtalk_add_data -client sdk -key Device -value "7z010" -context "sdk\\\\hardware/1516364005674"
# webtalk_add_data -client sdk -key IsHandoff -value "true" -context "sdk\\\\hardware/1516364005674"
# webtalk_add_data -client sdk -key os -value "NA" -context "sdk\\\\hardware/1516364005674"
# webtalk_add_data -client sdk -key apptemplate -value "NA" -context "sdk\\\\hardware/1516364005674"
# webtalk_add_data -client sdk -key RecordType -value "HWCreation" -context "sdk\\\\hardware/1516364005674"
# webtalk_add_data -client sdk -key uid -value "1516364208670" -context "sdk\\\\bsp/1516364208670"
# webtalk_add_data -client sdk -key hwid -value "1516364005674" -context "sdk\\\\bsp/1516364208670"
# webtalk_add_data -client sdk -key os -value "standalone" -context "sdk\\\\bsp/1516364208670"
# webtalk_add_data -client sdk -key apptemplate -value "zynq_fsbl" -context "sdk\\\\bsp/1516364208670"
# webtalk_add_data -client sdk -key RecordType -value "BSPCreation" -context "sdk\\\\bsp/1516364208670"
# webtalk_add_data -client sdk -key uid -value "1516364220069" -context "sdk\\\\application/1516364220069"
# webtalk_add_data -client sdk -key hwid -value "1516364005674" -context "sdk\\\\application/1516364220069"
# webtalk_add_data -client sdk -key bspid -value "1516364208670" -context "sdk\\\\application/1516364220069"
# webtalk_add_data -client sdk -key newbsp -value "true" -context "sdk\\\\application/1516364220069"
# webtalk_add_data -client sdk -key os -value "standalone" -context "sdk\\\\application/1516364220069"
# webtalk_add_data -client sdk -key apptemplate -value "zynq_fsbl" -context "sdk\\\\application/1516364220069"
# webtalk_add_data -client sdk -key RecordType -value "APPCreation" -context "sdk\\\\application/1516364220069"
# webtalk_add_data -client sdk -key LangUsed -value "C" -context "sdk\\\\application/1516364220069"
# webtalk_add_data -client sdk -key Procused -value "ps7_cortexa9" -context "sdk\\\\application/1516364220069"
# webtalk_add_data -client sdk -key projSize -value "351.0234375" -context "sdk\\\\application/1516364220069"
# webtalk_add_data -client sdk -key uid -value "NA" -context "sdk\\\\bsp/1516375003319"
# webtalk_add_data -client sdk -key RecordType -value "ToolUsage" -context "sdk\\\\bsp/1516375003319"
# webtalk_add_data -client sdk -key BootgenCount -value "0" -context "sdk\\\\bsp/1516375003319"
# webtalk_add_data -client sdk -key DebugCount -value "0" -context "sdk\\\\bsp/1516375003319"
# webtalk_add_data -client sdk -key PerfCount -value "0" -context "sdk\\\\bsp/1516375003319"
# webtalk_add_data -client sdk -key FlashCount -value "0" -context "sdk\\\\bsp/1516375003319"
# webtalk_add_data -client sdk -key CrossTriggCount -value "0" -context "sdk\\\\bsp/1516375003319"
# webtalk_add_data -client sdk -key QemuDebugCount -value "0" -context "sdk\\\\bsp/1516375003319"
# webtalk_transmit -clientid 2845743192 -regid "" -xml D:\\zynq7000\\zynq\\vivado_examples\\FPGA_Part\\CodeSrc\\CH29\\MIZ702_1280X720P_OV\\MIZ702.sdk\\webtalk\\usage_statistics_ext_sdk.xml -html D:\\zynq7000\\zynq\\vivado_examples\\FPGA_Part\\CodeSrc\\CH29\\MIZ702_1280X720P_OV\\MIZ702.sdk\\webtalk\\usage_statistics_ext_sdk.html -wdm D:\\zynq7000\\zynq\\vivado_examples\\FPGA_Part\\CodeSrc\\CH29\\MIZ702_1280X720P_OV\\MIZ702.sdk\\webtalk\\sdk_webtalk.wdm -intro "<H3>SDK Usage Report</H3><BR>"
# webtalk_terminate
INFO: [Common 17-206] Exiting Webtalk at Fri Jan 19 23:16:47 2018...
