#-----------------------------------------------------------
# Webtalk v2017.4 (64-bit)
# SW Build 2086221 on Fri Dec 15 20:55:39 MST 2017
# 
# Start of session at: Fri Jan 26 22:43:30 2018
# Process ID: 10744
# Current directory: D:/zynq7000/zynq/vivado_examples/FPGA_Part/CodeSrc/CH29/MIZ702_1280X720P_OV/MIZ702.sdk/webtalk
# Command line: wbtcv.exe -mode batch -source sdk_webtalk.tcl
# Log file: D:/zynq7000/zynq/vivado_examples/FPGA_Part/CodeSrc/CH29/MIZ702_1280X720P_OV/MIZ702.sdk/webtalk/webtalk.log
# Journal file: D:/zynq7000/zynq/vivado_examples/FPGA_Part/CodeSrc/CH29/MIZ702_1280X720P_OV/MIZ702.sdk/webtalk\webtalk.jou
#-----------------------------------------------------------
source sdk_webtalk.tcl
# webtalk_init -webtalk_dir D:\\zynq7000\\zynq\\vivado_examples\\FPGA_Part\\CodeSrc\\CH29\\MIZ702_1280X720P_OV\\MIZ702.sdk\\webtalk
# webtalk_register_client -client project
# webtalk_add_data -client project -key date_generated -value "2018-01-26 22:43:29" -context "software_version_and_target_device"
# webtalk_add_data -client project -key product_version -value "SDK v2017.4" -context "software_version_and_target_device"
# webtalk_add_data -client project -key build_version -value "2017.4" -context "software_version_and_target_device"
# webtalk_add_data -client project -key os_platform -value "amd64" -context "software_version_and_target_device"
# webtalk_add_data -client project -key registration_id -value "" -context "software_version_and_target_device"
# webtalk_add_data -client project -key tool_flow -value "SDK" -context "software_version_and_target_device"
# webtalk_add_data -client project -key beta -value "false" -context "software_version_and_target_device"
# webtalk_add_data -client project -key route_design -value "NA" -context "software_version_and_target_device"
# webtalk_add_data -client project -key target_family -value "NA" -context "software_version_and_target_device"
# webtalk_add_data -client project -key target_device -value "NA" -context "software_version_and_target_device"
# webtalk_add_data -client project -key target_package -value "NA" -context "software_version_and_target_device"
# webtalk_add_data -client project -key target_speed -value "NA" -context "software_version_and_target_device"
# webtalk_add_data -client project -key random_id -value "gmmil0vr34fr7ta0qp84k0e6ib" -context "software_version_and_target_device"
# webtalk_add_data -client project -key project_id -value "2017.4_10" -context "software_version_and_target_device"
# webtalk_add_data -client project -key project_iteration -value "10" -context "software_version_and_target_device"
# webtalk_add_data -client project -key os_name -value "Microsoft Windows 8 or later , 64-bit" -context "user_environment"
# webtalk_add_data -client project -key os_release -value "major release  (build 9200)" -context "user_environment"
# webtalk_add_data -client project -key cpu_name -value "Intel(R) Core(TM) i5-6500 CPU @ 3.20GHz" -context "user_environment"
# webtalk_add_data -client project -key cpu_speed -value "3192 MHz" -context "user_environment"
# webtalk_add_data -client project -key total_processors -value "1" -context "user_environment"
# webtalk_add_data -client project -key system_ram -value "8.493 GB" -context "user_environment"
# webtalk_register_client -client sdk
# webtalk_add_data -client sdk -key uid -value "1516974546563" -context "sdk\\\\bsp/1516974546563"
# webtalk_add_data -client sdk -key hwid -value "1516446359246" -context "sdk\\\\bsp/1516974546563"
# webtalk_add_data -client sdk -key os -value "device_tree" -context "sdk\\\\bsp/1516974546563"
# webtalk_add_data -client sdk -key apptemplate -value "null" -context "sdk\\\\bsp/1516974546563"
# webtalk_add_data -client sdk -key RecordType -value "BSPCreation" -context "sdk\\\\bsp/1516974546563"
# webtalk_add_data -client sdk -key uid -value "1516974811730" -context "sdk\\\\bsp/1516974811730"
# webtalk_add_data -client sdk -key hwid -value "1516446359246" -context "sdk\\\\bsp/1516974811730"
# webtalk_add_data -client sdk -key os -value "device_tree" -context "sdk\\\\bsp/1516974811730"
# webtalk_add_data -client sdk -key apptemplate -value "null" -context "sdk\\\\bsp/1516974811730"
# webtalk_add_data -client sdk -key RecordType -value "BSPCreation" -context "sdk\\\\bsp/1516974811730"
# webtalk_add_data -client sdk -key uid -value "1516976025707" -context "sdk\\\\bsp/1516976025707"
# webtalk_add_data -client sdk -key hwid -value "1516446359246" -context "sdk\\\\bsp/1516976025707"
# webtalk_add_data -client sdk -key os -value "device_tree" -context "sdk\\\\bsp/1516976025707"
# webtalk_add_data -client sdk -key apptemplate -value "null" -context "sdk\\\\bsp/1516976025707"
# webtalk_add_data -client sdk -key RecordType -value "BSPCreation" -context "sdk\\\\bsp/1516976025707"
# webtalk_add_data -client sdk -key uid -value "NA" -context "sdk\\\\bsp/1516977809351"
# webtalk_add_data -client sdk -key RecordType -value "ToolUsage" -context "sdk\\\\bsp/1516977809351"
# webtalk_add_data -client sdk -key BootgenCount -value "0" -context "sdk\\\\bsp/1516977809351"
# webtalk_add_data -client sdk -key DebugCount -value "0" -context "sdk\\\\bsp/1516977809351"
# webtalk_add_data -client sdk -key PerfCount -value "0" -context "sdk\\\\bsp/1516977809351"
# webtalk_add_data -client sdk -key FlashCount -value "0" -context "sdk\\\\bsp/1516977809351"
# webtalk_add_data -client sdk -key CrossTriggCount -value "0" -context "sdk\\\\bsp/1516977809351"
# webtalk_add_data -client sdk -key QemuDebugCount -value "0" -context "sdk\\\\bsp/1516977809351"
# webtalk_transmit -clientid 1251253572 -regid "" -xml D:\\zynq7000\\zynq\\vivado_examples\\FPGA_Part\\CodeSrc\\CH29\\MIZ702_1280X720P_OV\\MIZ702.sdk\\webtalk\\usage_statistics_ext_sdk.xml -html D:\\zynq7000\\zynq\\vivado_examples\\FPGA_Part\\CodeSrc\\CH29\\MIZ702_1280X720P_OV\\MIZ702.sdk\\webtalk\\usage_statistics_ext_sdk.html -wdm D:\\zynq7000\\zynq\\vivado_examples\\FPGA_Part\\CodeSrc\\CH29\\MIZ702_1280X720P_OV\\MIZ702.sdk\\webtalk\\sdk_webtalk.wdm -intro "<H3>SDK Usage Report</H3><BR>"
# webtalk_terminate
INFO: [Common 17-206] Exiting Webtalk at Fri Jan 26 22:43:31 2018...
