#-----------------------------------------------------------
# hsi v2017.4 (64-bit)
# SW Build 2086221 on Fri Dec 15 20:55:39 MST 2017
# 
# Start of session at: Fri Jan 26 22:00:43 2018
# Process ID: 3668
# Current directory: D:/zynq7000/zynq/vivado_examples/FPGA_Part/CodeSrc/CH29/MIZ702_1280X720P_OV/MIZ702.sdk
# Command line: hsi.exe -mode tcl
# Log file: D:/zynq7000/zynq/vivado_examples/FPGA_Part/CodeSrc/CH29/MIZ702_1280X720P_OV/MIZ702.sdk/hsi.log
# Journal file: D:/zynq7000/zynq/vivado_examples/FPGA_Part/CodeSrc/CH29/MIZ702_1280X720P_OV/MIZ702.sdk\hsi.jou
#-----------------------------------------------------------
hsi% hsi% hsi% open
wrong # args: should be "open fileName ?access? ?permissions?"
hsi% open_hw_design D:\zynq7000\zynq\vivado_examples\FPGA_Part\CodeSrc\CH29\MIZ702_1280X720P_OV\MIZ702.sdk\system_wrapper_hw_platform_2/system.hdf
ERROR: [HDF 64-5] File not found - D:zynq7000zynqivado_examplesFPGA_PartCodeSrcCH29MIZ702_1280X720P_OVMIZ702.sdksystem_wrapper_hw_platform_2/system.hdf
ERROR: [Hsi 55-1451] Error: running open_hw_design.
ERROR: [Common 17-39] 'open_hw_design' failed due to earlier errors.

hsi% open_hw_design D:\zynq7000\zynq\vivado_examples\FPGA_Part\CodeSrc\CH29\MIZ702_1280X720P_OV\MIZ702.sdk\system_wrapper_hw_platform_2\system.hdf
ERROR: [Common 17-1294] Unable to create directory [D:/zynq7000/zynq/vivado_examples/FPGA_Part/CodeSrc/CH29/MIZ702_1280X720P_OV/MIZ702.sdk/.Xil/hsi-3668-DESKTOP-VK2TAK2/D:zynq7000zynqivado_examplesFPGA_PartCodeSrcCH29MIZ702_1280X720P_OVMIZ702.sdksystem_wrapper_hw_platform_2system.hdf].

hsi% open_hw_design D:/zynq7000/zynq/vivado_examples/FPGA_Part/CodeSrc/CH29/MIZ702_1280X720P_OV/MIZ702.sdk/system_wrapper_hw_platform_2/system.hdf
INFO: [Hsi 55-1698] elapsed time for repository loading 1 seconds
system_wrapper
hsi% set_repo_path D:/sw_repo/device-tree-xlnx-xilinx-v2017.4
ERROR: [Hsi 55-1550] Repository Directory D:/sw_repo/device-tree-xlnx-xilinx-v2017.4 doesn't exist in the disk
ERROR: [Common 17-39] 'set_repo_path' failed due to earlier errors.

hsi% set_repo_path D:/sw_repo/device-tree-xlnx-xilinx-v2017.4
ERROR: [Hsi 55-1550] Repository Directory D:/sw_repo/device-tree-xlnx-xilinx-v2017.4 doesn't exist in the disk
ERROR: [Common 17-39] 'set_repo_path' failed due to earlier errors.

hsi% set_repo_path D:/sw_repo/device-tree-xlnx-xilinx-v2017.4
hsi% create_sw_design device-tree -os device-tree -proc ps7_cortexa9_0
ERROR: [Hsi 55-1597] SwCore device-tree is not found in Repositories
ERROR: [Hsi 55-1597] SwCore device-tree is not found in Repositories
ERROR: [Hsi 55-1594] Core device-tree of version  not found in repositories
ERROR: [Hsi 55-1447] Error: running create_sw_design.
ERROR: [Common 17-39] 'create_sw_design' failed due to earlier errors.

hsi% 