#
# A fatal error has been detected by the Java Runtime Environment:
#
#  EXCEPTION_UNCAUGHT_CXX_EXCEPTION (0xe06d7363) at pc=0x000007fefd23965d, pid=12132, tid=12152
#
# JRE version: Java(TM) SE Runtime Environment (8.0_45-b15) (build 1.8.0_45-b15)
# Java VM: Java HotSpot(TM) 64-Bit Server VM (25.45-b02 mixed mode windows-amd64 compressed oops)
# Problematic frame:
# C  [KERNELBASE.dll+0x965d]
#
# Failed to write core dump. Minidumps are not enabled by default on client versions of Windows
#
# If you would like to submit a bug report, please visit:
#   http://bugreport.java.com/bugreport/crash.jsp
#

---------------  T H R E A D  ---------------

Current thread (0x0000000015182800):  VMThread [stack: 0x00000000160d0000,0x00000000161d0000] [id=12152]

siginfo: ExceptionCode=0xe06d7363, ExceptionInformation=0x0000000019930520 0x00000000161cf4c8 0x000007fef3252cb8 0x000007fef31a0000 

Registers:
RAX=0x00000000613127cc, RBX=0x000007fef3252cb8, RCX=0x00000000161ced10, RDX=0x00000000000000d0
RSP=0x00000000161cf320, RBP=0x00000000161cf450, RSI=0x00000000ffffffff, RDI=0x0000000024a9cc80
R8 =0x0000000000000000, R9 =0x0000000000000000, R10=0x000007fef31a0000, R11=0x00000000161cf360
R12=0x0000000000000001, R13=0x0000000000000008, R14=0x0000000000000000, R15=0xffffffffffffffff
RIP=0x000007fefd23965d, EFLAGS=0x0000000000000206

Top of Stack: (sp=0x00000000161cf320)
0x00000000161cf320:   000007fef3252cb8 00000000ffffffff
0x00000000161cf330:   0000000024a9cc80 00000000002b48f0
0x00000000161cf340:   00000001e06d7363 0000000000000000
0x00000000161cf350:   000007fefd23965d 000007fe00000004
0x00000000161cf360:   0000000019930520 00000000161cf4c8
0x00000000161cf370:   000007fef3252cb8 000007fef31a0000
0x00000000161cf380:   0000000000000000 00000000161cf408
0x00000000161cf390:   0000000000000028 0000000024a9cc70
0x00000000161cf3a0:   0000000017640d20 0000000000000000
0x00000000161cf3b0:   000007fffff98000 0000000077020bb3
0x00000000161cf3c0:   0000000000000000 0000000000000008
0x00000000161cf3d0:   0000000000000001 0000000024a9cc80
0x00000000161cf3e0:   00000000ffffffff 000007fef31fe92c
0x00000000161cf3f0:   000007fef3252cb8 00000000161cf460
0x00000000161cf400:   0000000000000001 000007fef31a00f8
0x00000000161cf410:   00000001e06d7363 0000000000000000 

Instructions: (pc=0x000007fefd23965d)
0x000007fefd23963d:   54 24 24 48 89 4c 24 28 4d 85 c9 0f 85 5a 1a 01
0x000007fefd23964d:   00 89 4c 24 38 48 8d 4c 24 20 ff 15 43 1c 04 00
0x000007fefd23965d:   48 81 c4 c8 00 00 00 c3 90 90 90 90 90 90 90 90
0x000007fefd23966d:   90 90 90 48 8b c4 48 89 58 08 48 89 68 10 48 89 


Register to memory mapping:

RAX=0x00000000613127cc is an unknown value
RBX=0x000007fef3252cb8 is an unknown value
RCX=0x00000000161ced10 is an unknown value
RDX=0x00000000000000d0 is an unknown value
RSP=0x00000000161cf320 is an unknown value
RBP=0x00000000161cf450 is an unknown value
RSI=0x00000000ffffffff is an unallocated location in the heap
RDI=0x0000000024a9cc80 is an unknown value
R8 =0x0000000000000000 is an unknown value
R9 =0x0000000000000000 is an unknown value
R10=0x000007fef31a0000 is an unknown value
R11=0x00000000161cf360 is an unknown value
R12=0x0000000000000001 is an unknown value
R13=0x0000000000000008 is an unknown value
R14=0x0000000000000000 is an unknown value
R15=0xffffffffffffffff is an unknown value


Stack: [0x00000000160d0000,0x00000000161d0000],  sp=0x00000000161cf320,  free space=1020k
Native frames: (J=compiled Java code, j=interpreted, Vv=VM code, C=native code)
C  [KERNELBASE.dll+0x965d]
C  [MSVCR110.dll+0x5e92c]
C  [MSVCR110.dll+0x1315c]
C  [MSVCR110.dll+0x136a9]
C  [MSVCR110.dll+0x13e9c]
C  [MSVCR110.dll+0x239e]
C  [MSVCR110.dll+0xaf9e]
C  [MSVCP110.dll+0x397b9]
C  [librdi_common.dll+0x14283e]
C  [librdi_common.dll+0x141449]
C  [librdi_target_manager.dll+0x2400]
C  [librdi_target_manager.dll+0x2682]
C  [ntdll.dll+0x235f1]
C  [ntdll.dll+0x23400]
C  [MSVCR100.dll+0x20cf5]
V  [jvm.dll+0x20f135]
V  [jvm.dll+0x247ef7]
V  [jvm.dll+0x247196]
V  [jvm.dll+0x247631]
V  [jvm.dll+0x24784e]
V  [jvm.dll+0x29853a]
C  [MSVCR100.dll+0x21db7]
C  [MSVCR100.dll+0x21e53]
C  [kernel32.dll+0x159ed]
C  [ntdll.dll+0x2b371]

VM_Operation (0x000000000012f500): Exit, mode: safepoint, requested by thread 0x00000000026f8000


---------------  P R O C E S S  ---------------

Java Threads: ( => current thread )
  0x000000001b69d000 JavaThread "Spawner Reaper" daemon [_thread_in_native, id=21448, stack(0x0000000024cc0000,0x0000000024dc0000)]
  0x0000000019e24800 JavaThread "Thread-19" daemon [_thread_blocked, id=12416, stack(0x0000000025c10000,0x0000000025d10000)]
  0x000000001be4e800 JavaThread "TCF Locator DNS Lookup" daemon [_thread_blocked, id=11664, stack(0x0000000020e00000,0x0000000020f00000)]
  0x000000001be4d800 JavaThread "TCF Locator Timer" daemon [_thread_blocked, id=11456, stack(0x0000000020d00000,0x0000000020e00000)]
  0x000000001be4d000 JavaThread "TCF Locator Receiver" daemon [_thread_in_native, id=11484, stack(0x0000000020c00000,0x0000000020d00000)]
  0x000000001be4b800 JavaThread "TCF Timer Dispatcher" daemon [_thread_blocked, id=11608, stack(0x0000000020a00000,0x0000000020b00000)]
  0x000000001a68f000 JavaThread "EMF Reference Cleaner" daemon [_thread_blocked, id=11396, stack(0x000000001ae10000,0x000000001af10000)]
  0x0000000015239800 JavaThread "Service Thread" daemon [_thread_blocked, id=11344, stack(0x00000000169d0000,0x0000000016ad0000)]
  0x0000000015209000 JavaThread "C1 CompilerThread3" daemon [_thread_blocked, id=10016, stack(0x00000000168d0000,0x00000000169d0000)]
  0x0000000015200000 JavaThread "C2 CompilerThread2" daemon [_thread_blocked, id=10064, stack(0x00000000167d0000,0x00000000168d0000)]
  0x00000000151f5000 JavaThread "C2 CompilerThread1" daemon [_thread_blocked, id=9008, stack(0x00000000166d0000,0x00000000167d0000)]
  0x00000000151f2800 JavaThread "C2 CompilerThread0" daemon [_thread_blocked, id=11108, stack(0x00000000165d0000,0x00000000166d0000)]
  0x00000000151e4800 JavaThread "Attach Listener" daemon [_thread_blocked, id=11056, stack(0x00000000164d0000,0x00000000165d0000)]
  0x00000000151ee800 JavaThread "Signal Dispatcher" daemon [_thread_blocked, id=11224, stack(0x00000000163d0000,0x00000000164d0000)]
  0x000000001400b000 JavaThread "Finalizer" daemon [_thread_blocked, id=11136, stack(0x00000000162d0000,0x00000000163d0000)]
  0x0000000014004800 JavaThread "Reference Handler" daemon [_thread_blocked, id=12148, stack(0x00000000161d0000,0x00000000162d0000)]
  0x00000000026f8000 JavaThread "main" [_thread_blocked, id=9348, stack(0x0000000000030000,0x0000000000130000)]

Other Threads:
=>0x0000000015182800 VMThread [stack: 0x00000000160d0000,0x00000000161d0000] [id=12152]

VM state:at safepoint (shutting down)

VM Mutex/Monitor currently owned by a thread:  ([mutex/lock_event])
[0x000000000284e4e0] Threads_lock - owner thread: 0x0000000015182800

Heap:
 PSYoungGen      total 76288K, used 43565K [0x00000000f5580000, 0x00000000fa300000, 0x0000000100000000)
  eden space 73216K, 59% used [0x00000000f5580000,0x00000000f800b558,0x00000000f9d00000)
  from space 3072K, 0% used [0x00000000fa000000,0x00000000fa000000,0x00000000fa300000)
  to   space 3072K, 0% used [0x00000000f9d00000,0x00000000f9d00000,0x00000000fa000000)
 ParOldGen       total 96256K, used 42956K [0x00000000e0000000, 0x00000000e5e00000, 0x00000000f5580000)
  object space 96256K, 44% used [0x00000000e0000000,0x00000000e29f33c0,0x00000000e5e00000)
 Metaspace       used 88639K, capacity 95100K, committed 95488K, reserved 1132544K
  class space    used 10977K, capacity 13006K, committed 13056K, reserved 1048576K

Card table byte_map: [0x0000000011c10000,0x0000000011d20000] byte_map_base: 0x0000000011510000

Marking Bits: (ParMarkBitMap*) 0x0000000053c74040
 Begin Bits: [0x0000000012520000, 0x0000000012d20000)
 End Bits:   [0x0000000012d20000, 0x0000000013520000)

Polling page: 0x0000000000330000

CodeCache: size=245760Kb used=41831Kb max_used=41840Kb free=203928Kb
 bounds [0x0000000002850000, 0x00000000051a0000, 0x0000000011850000]
 total_blobs=12311 nmethods=11449 adapters=767
 compilation: enabled

Compilation events (10 events):
Event: 2759.329 Thread 0x0000000015200000 nmethod 14345 0x0000000005187d10 code [0x0000000005188080, 0x000000000518bd78]
Event: 2759.340 Thread 0x0000000015209000 14367       3       java.io.File::list (33 bytes)
Event: 2759.341 Thread 0x0000000015209000 nmethod 14367 0x000000000321d390 code [0x000000000321d560, 0x000000000321dca8]
Event: 2759.343 Thread 0x00000000151f2800 nmethod 14339 0x0000000005190890 code [0x0000000005190c40, 0x0000000005193ee0]
Event: 2759.386 Thread 0x0000000015209000 14368   !   3       org.eclipse.osgi.internal.baseadaptor.BaseStorage::compact (215 bytes)
Event: 2759.389 Thread 0x0000000015209000 nmethod 14368 0x0000000004259610 code [0x0000000004259a60, 0x000000000425bf28]
Event: 2759.431 Thread 0x00000000151f5000 14369       4       java.io.File::isDirectory (43 bytes)
Event: 2759.436 Thread 0x00000000151f5000 nmethod 14369 0x0000000003040b50 code [0x0000000003040ca0, 0x0000000003040ea8]
Event: 2759.537 Thread 0x0000000015209000 14370       3       org.eclipse.osgi.framework.internal.core.AbstractBundle::close (52 bytes)
Event: 2759.538 Thread 0x0000000015209000 nmethod 14370 0x0000000002c09150 code [0x0000000002c09380, 0x0000000002c0a088]

GC Heap History (10 events):
Event: 2613.067 GC heap before
{Heap before GC invocations=105 (full 43):
 PSYoungGen      total 76800K, used 192K [0x00000000f5580000, 0x00000000fa400000, 0x0000000100000000)
  eden space 73216K, 0% used [0x00000000f5580000,0x00000000f5580000,0x00000000f9d00000)
  from space 3584K, 5% used [0x00000000fa080000,0x00000000fa0b0000,0x00000000fa400000)
  to   space 3584K, 0% used [0x00000000f9d00000,0x00000000f9d00000,0x00000000fa080000)
 ParOldGen       total 96256K, used 42814K [0x00000000e0000000, 0x00000000e5e00000, 0x00000000f5580000)
  object space 96256K, 44% used [0x00000000e0000000,0x00000000e29cf998,0x00000000e5e00000)
 Metaspace       used 87695K, capacity 94334K, committed 94592K, reserved 1130496K
  class space    used 10878K, capacity 12903K, committed 12928K, reserved 1048576K
Event: 2613.268 GC heap after
Heap after GC invocations=105 (full 43):
 PSYoungGen      total 76800K, used 0K [0x00000000f5580000, 0x00000000fa400000, 0x0000000100000000)
  eden space 73216K, 0% used [0x00000000f5580000,0x00000000f5580000,0x00000000f9d00000)
  from space 3584K, 0% used [0x00000000fa080000,0x00000000fa080000,0x00000000fa400000)
  to   space 3584K, 0% used [0x00000000f9d00000,0x00000000f9d00000,0x00000000fa080000)
 ParOldGen       total 96256K, used 42814K [0x00000000e0000000, 0x00000000e5e00000, 0x00000000f5580000)
  object space 96256K, 44% used [0x00000000e0000000,0x00000000e29cf998,0x00000000e5e00000)
 Metaspace       used 87695K, capacity 94334K, committed 94592K, reserved 1130496K
  class space    used 10878K, capacity 12903K, committed 12928K, reserved 1048576K
}
Event: 2673.077 GC heap before
{Heap before GC invocations=106 (full 43):
 PSYoungGen      total 76800K, used 3339K [0x00000000f5580000, 0x00000000fa400000, 0x0000000100000000)
  eden space 73216K, 4% used [0x00000000f5580000,0x00000000f58c2ea0,0x00000000f9d00000)
  from space 3584K, 0% used [0x00000000fa080000,0x00000000fa080000,0x00000000fa400000)
  to   space 3584K, 0% used [0x00000000f9d00000,0x00000000f9d00000,0x00000000fa080000)
 ParOldGen       total 96256K, used 42814K [0x00000000e0000000, 0x00000000e5e00000, 0x00000000f5580000)
  object space 96256K, 44% used [0x00000000e0000000,0x00000000e29cf998,0x00000000e5e00000)
 Metaspace       used 87695K, capacity 94334K, committed 94592K, reserved 1130496K
  class space    used 10878K, capacity 12903K, committed 12928K, reserved 1048576K
Event: 2673.080 GC heap after
Heap after GC invocations=106 (full 43):
 PSYoungGen      total 73728K, used 192K [0x00000000f5580000, 0x00000000fa300000, 0x0000000100000000)
  eden space 73216K, 0% used [0x00000000f5580000,0x00000000f5580000,0x00000000f9d00000)
  from space 512K, 37% used [0x00000000f9d00000,0x00000000f9d30000,0x00000000f9d80000)
  to   space 3072K, 0% used [0x00000000fa000000,0x00000000fa000000,0x00000000fa300000)
 ParOldGen       total 96256K, used 42814K [0x00000000e0000000, 0x00000000e5e00000, 0x00000000f5580000)
  object space 96256K, 44% used [0x00000000e0000000,0x00000000e29cf998,0x00000000e5e00000)
 Metaspace       used 87695K, capacity 94334K, committed 94592K, reserved 1130496K
  class space    used 10878K, capacity 12903K, committed 12928K, reserved 1048576K
}
Event: 2673.080 GC heap before
{Heap before GC invocations=107 (full 44):
 PSYoungGen      total 73728K, used 192K [0x00000000f5580000, 0x00000000fa300000, 0x0000000100000000)
  eden space 73216K, 0% used [0x00000000f5580000,0x00000000f5580000,0x00000000f9d00000)
  from space 512K, 37% used [0x00000000f9d00000,0x00000000f9d30000,0x00000000f9d80000)
  to   space 3072K, 0% used [0x00000000fa000000,0x00000000fa000000,0x00000000fa300000)
 ParOldGen       total 96256K, used 42814K [0x00000000e0000000, 0x00000000e5e00000, 0x00000000f5580000)
  object space 96256K, 44% used [0x00000000e0000000,0x00000000e29cf998,0x00000000e5e00000)
 Metaspace       used 87695K, capacity 94334K, committed 94592K, reserved 1130496K
  class space    used 10878K, capacity 12903K, committed 12928K, reserved 1048576K
Event: 2673.240 GC heap after
Heap after GC invocations=107 (full 44):
 PSYoungGen      total 73728K, used 0K [0x00000000f5580000, 0x00000000fa300000, 0x0000000100000000)
  eden space 73216K, 0% used [0x00000000f5580000,0x00000000f5580000,0x00000000f9d00000)
  from space 512K, 0% used [0x00000000f9d00000,0x00000000f9d00000,0x00000000f9d80000)
  to   space 3072K, 0% used [0x00000000fa000000,0x00000000fa000000,0x00000000fa300000)
 ParOldGen       total 96256K, used 42814K [0x00000000e0000000, 0x00000000e5e00000, 0x00000000f5580000)
  object space 96256K, 44% used [0x00000000e0000000,0x00000000e29cf998,0x00000000e5e00000)
 Metaspace       used 87695K, capacity 94334K, committed 94592K, reserved 1130496K
  class space    used 10878K, capacity 12903K, committed 12928K, reserved 1048576K
}
Event: 2733.090 GC heap before
{Heap before GC invocations=108 (full 44):
 PSYoungGen      total 73728K, used 9656K [0x00000000f5580000, 0x00000000fa300000, 0x0000000100000000)
  eden space 73216K, 13% used [0x00000000f5580000,0x00000000f5eee0a0,0x00000000f9d00000)
  from space 512K, 0% used [0x00000000f9d00000,0x00000000f9d00000,0x00000000f9d80000)
  to   space 3072K, 0% used [0x00000000fa000000,0x00000000fa000000,0x00000000fa300000)
 ParOldGen       total 96256K, used 42814K [0x00000000e0000000, 0x00000000e5e00000, 0x00000000f5580000)
  object space 96256K, 44% used [0x00000000e0000000,0x00000000e29cf998,0x00000000e5e00000)
 Metaspace       used 87697K, capacity 94334K, committed 94592K, reserved 1130496K
  class space    used 10878K, capacity 12903K, committed 12928K, reserved 1048576K
Event: 2733.093 GC heap after
Heap after GC invocations=108 (full 44):
 PSYoungGen      total 76288K, used 480K [0x00000000f5580000, 0x00000000fa300000, 0x0000000100000000)
  eden space 73216K, 0% used [0x00000000f5580000,0x00000000f5580000,0x00000000f9d00000)
  from space 3072K, 15% used [0x00000000fa000000,0x00000000fa078000,0x00000000fa300000)
  to   space 3072K, 0% used [0x00000000f9d00000,0x00000000f9d00000,0x00000000fa000000)
 ParOldGen       total 96256K, used 42814K [0x00000000e0000000, 0x00000000e5e00000, 0x00000000f5580000)
  object space 96256K, 44% used [0x00000000e0000000,0x00000000e29cf998,0x00000000e5e00000)
 Metaspace       used 87697K, capacity 94334K, committed 94592K, reserved 1130496K
  class space    used 10878K, capacity 12903K, committed 12928K, reserved 1048576K
}
Event: 2733.093 GC heap before
{Heap before GC invocations=109 (full 45):
 PSYoungGen      total 76288K, used 480K [0x00000000f5580000, 0x00000000fa300000, 0x0000000100000000)
  eden space 73216K, 0% used [0x00000000f5580000,0x00000000f5580000,0x00000000f9d00000)
  from space 3072K, 15% used [0x00000000fa000000,0x00000000fa078000,0x00000000fa300000)
  to   space 3072K, 0% used [0x00000000f9d00000,0x00000000f9d00000,0x00000000fa000000)
 ParOldGen       total 96256K, used 42814K [0x00000000e0000000, 0x00000000e5e00000, 0x00000000f5580000)
  object space 96256K, 44% used [0x00000000e0000000,0x00000000e29cf998,0x00000000e5e00000)
 Metaspace       used 87697K, capacity 94334K, committed 94592K, reserved 1130496K
  class space    used 10878K, capacity 12903K, committed 12928K, reserved 1048576K
Event: 2733.229 GC heap after
Heap after GC invocations=109 (full 45):
 PSYoungGen      total 76288K, used 0K [0x00000000f5580000, 0x00000000fa300000, 0x0000000100000000)
  eden space 73216K, 0% used [0x00000000f5580000,0x00000000f5580000,0x00000000f9d00000)
  from space 3072K, 0% used [0x00000000fa000000,0x00000000fa000000,0x00000000fa300000)
  to   space 3072K, 0% used [0x00000000f9d00000,0x00000000f9d00000,0x00000000fa000000)
 ParOldGen       total 96256K, used 42956K [0x00000000e0000000, 0x00000000e5e00000, 0x00000000f5580000)
  object space 96256K, 44% used [0x00000000e0000000,0x00000000e29f33c0,0x00000000e5e00000)
 Metaspace       used 87697K, capacity 94334K, committed 94592K, reserved 1130496K
  class space    used 10878K, capacity 12903K, committed 12928K, reserved 1048576K
}

Deoptimization events (10 events):
Event: 2758.009 Thread 0x00000000026f8000 Uncommon trap: reason=class_check action=maybe_recompile pc=0x000000000515ae4c method=org.eclipse.e4.core.internal.contexts.TrackableComputationExt.update(Lorg/eclipse/e4/core/internal/contexts/ContextChangeEvent;)Z @ 62
Event: 2758.009 Thread 0x00000000026f8000 Uncommon trap: reason=class_check action=maybe_recompile pc=0x000000000515ae4c method=org.eclipse.e4.core.internal.contexts.TrackableComputationExt.update(Lorg/eclipse/e4/core/internal/contexts/ContextChangeEvent;)Z @ 62
Event: 2758.009 Thread 0x00000000026f8000 Uncommon trap: reason=class_check action=maybe_recompile pc=0x000000000515ae4c method=org.eclipse.e4.core.internal.contexts.TrackableComputationExt.update(Lorg/eclipse/e4/core/internal/contexts/ContextChangeEvent;)Z @ 62
Event: 2758.075 Thread 0x0000000019e23800 Uncommon trap: reason=unstable_if action=reinterpret pc=0x00000000040e2064 method=java.io.BufferedReader.read()I @ 34
Event: 2758.586 Thread 0x00000000026f8000 Uncommon trap: reason=unstable_if action=reinterpret pc=0x000000000488d908 method=org.eclipse.swt.graphics.Resource.dispose()V @ 15
Event: 2759.126 Thread 0x00000000026f8000 Uncommon trap: reason=null_check action=make_not_entrant pc=0x0000000002cac72c method=org.eclipse.core.runtime.internal.adaptor.EclipseLazyStarter.shouldActivateFor(Ljava/lang/String;Lorg/eclipse/osgi/baseadaptor/BaseData;Lorg/eclipse/core/runtime/internalÂA6BŽ¥@
Event: 2759.129 Thread 0x0000000017387000 Uncommon trap: reason=unstable_if action=reinterpret pc=0x0000000002b27490 method=org.eclipse.osgi.framework.internal.core.BundleContextImpl.dispatchEvent(Ljava/lang/Object;Ljava/lang/Object;ILjava/lang/Object;)V @ 16
Event: 2759.238 Thread 0x000000001be48800 Uncommon trap: reason=unstable_if action=reinterpret pc=0x0000000004cd1304 method=org.eclipse.core.internal.jobs.JobManager.nextJob()Lorg/eclipse/core/runtime/jobs/Job; @ 80
Event: 2759.241 Thread 0x0000000018058000 Uncommon trap: reason=unstable_if action=reinterpret pc=0x0000000004cccfd8 method=org.eclipse.core.internal.jobs.JobManager.nextJob()Lorg/eclipse/core/runtime/jobs/Job; @ 80
Event: 2759.537 Thread 0x00000000026f8000 Uncommon trap: reason=unstable_if action=reinterpret pc=0x0000000003416ea0 method=sun.reflect.UnsafeStaticObjectFieldAccessorImpl.set(Ljava/lang/Object;Ljava/lang/Object;)V @ 13

Internal exceptions (10 events):
Event: 2755.674 Thread 0x000000001be50800 Exception <a 'java/lang/InterruptedException'> (0x00000000f5d58598) thrown at [C:\re\workspace\8-2-build-windows-amd64-cygwin\jdk8u45\3627\hotspot\src\share\vm\runtime\objectMonitor.cpp, line 1683]
Event: 2756.601 Thread 0x00000000026f8000 Implicit null exception at 0x0000000003ab1e4c to 0x0000000003ab1ea9
Event: 2757.750 Thread 0x00000000026f8000 Implicit null exception at 0x00000000046aeb88 to 0x00000000046aee89
Event: 2758.074 Thread 0x0000000019e22000 Exception <a 'java/lang/InterruptedException'> (0x00000000f7a19360) thrown at [C:\re\workspace\8-2-build-windows-amd64-cygwin\jdk8u45\3627\hotspot\src\share\vm\runtime\objectMonitor.cpp, line 1683]
Event: 2759.126 Thread 0x00000000026f8000 Implicit null exception at 0x0000000002caadd7 to 0x0000000002cac709
Event: 2759.256 Thread 0x0000000016cb8800 Exception <a 'java/lang/InterruptedException': sleep interrupted> (0x00000000f7d1b980) thrown at [C:\re\workspace\8-2-build-windows-amd64-cygwin\jdk8u45\3627\hotspot\src\share\vm\prims\jvm.cpp, line 3211]
Event: 2759.261 Thread 0x00000000186af800 Exception <a 'java/lang/InterruptedException'> (0x00000000f7dd29d8) thrown at [C:\re\workspace\8-2-build-windows-amd64-cygwin\jdk8u45\3627\hotspot\src\share\vm\runtime\objectMonitor.cpp, line 1683]
Event: 2759.261 Thread 0x0000000017386800 Exception <a 'java/lang/InterruptedException'> (0x00000000f7de2170) thrown at [C:\re\workspace\8-2-build-windows-amd64-cygwin\jdk8u45\3627\hotspot\src\share\vm\runtime\objectMonitor.cpp, line 1683]
Event: 2759.537 Thread 0x0000000017387000 Exception <a 'java/lang/InterruptedException'> (0x00000000f7d1b808) thrown at [C:\re\workspace\8-2-build-windows-amd64-cygwin\jdk8u45\3627\hotspot\src\share\vm\runtime\objectMonitor.cpp, line 1683]
Event: 2759.537 Thread 0x00000000026f8000 Implicit null exception at 0x0000000003416a9b to 0x0000000003416e8d

Events (10 events):
Event: 2759.537 Thread 0x00000000026f8000 DEOPT PACKING pc=0x0000000003416ea0 sp=0x000000000012eae0
Event: 2759.537 Thread 0x00000000026f8000 DEOPT UNPACKING pc=0x000000000289582a sp=0x000000000012ea38 mode 2
Event: 2759.537 Thread 0x00000000173ca000 Thread exited: 0x00000000173ca000
Event: 2759.538 loading class java/util/IdentityHashMap$KeyIterator
Event: 2759.538 loading class java/util/IdentityHashMap$IdentityHashMapIterator
Event: 2759.538 loading class java/util/IdentityHashMap$IdentityHashMapIterator done
Event: 2759.538 loading class java/util/IdentityHashMap$KeyIterator done
Event: 2759.538 Thread 0x0000000017ed7800 Thread added: 0x0000000017ed7800
Event: 2759.539 Thread 0x0000000017ed7800 Thread exited: 0x0000000017ed7800
Event: 2759.541 Executing VM operation: Exit


Dynamic libraries:
0x0000000000400000 - 0x000000000044f000 	D:\Xilinx\SDK\2015.4\eclipse\win64.o\eclipse.exe
0x0000000076fd0000 - 0x000000007717a000 	C:\Windows\SYSTEM32\ntdll.dll
0x0000000076eb0000 - 0x0000000076fcf000 	C:\Windows\system32\kernel32.dll
0x000007fefd230000 - 0x000007fefd29b000 	C:\Windows\system32\KERNELBASE.dll
0x0000000076db0000 - 0x0000000076eaa000 	C:\Windows\system32\USER32.dll
0x000007fefdee0000 - 0x000007fefdf47000 	C:\Windows\system32\GDI32.dll
0x000007fefd2e0000 - 0x000007fefd2ee000 	C:\Windows\system32\LPK.dll
0x000007fefd2f0000 - 0x000007fefd3ba000 	C:\Windows\system32\USP10.dll
0x000007fefda20000 - 0x000007fefdabf000 	C:\Windows\system32\msvcrt.dll
0x000007fefb8c0000 - 0x000007fefbab4000 	C:\Windows\WinSxS\amd64_microsoft.windows.common-controls_6595b64144ccf1df_6.0.7601.18837_none_fa3b1e3d17594757\COMCTL32.dll
0x000007fefde60000 - 0x000007fefded1000 	C:\Windows\system32\SHLWAPI.dll
0x000007fefde30000 - 0x000007fefde5e000 	C:\Windows\system32\IMM32.DLL
0x000007fefd3e0000 - 0x000007fefd4e9000 	C:\Windows\system32\MSCTF.dll
0x0000000072000000 - 0x0000000072012000 	D:\Xilinx\SDK\2015.4\eclipse\win64.o\plugins\org.eclipse.equinox.launcher.win32.win32.x86_64_1.1.200.v20140116-2212\eclipse_1503.dll
0x000007fefdac0000 - 0x000007fefdb9b000 	C:\Windows\system32\ADVAPI32.dll
0x000007fefd3c0000 - 0x000007fefd3df000 	C:\Windows\SYSTEM32\sechost.dll
0x000007feff150000 - 0x000007feff27d000 	C:\Windows\system32\RPCRT4.dll
0x000007fefc030000 - 0x000007fefc03c000 	C:\Windows\system32\VERSION.dll
0x000007fefb630000 - 0x000007fefb686000 	C:\Windows\system32\uxtheme.dll
0x0000000053470000 - 0x0000000053cf3000 	D:\Xilinx\SDK\2015.4\tps\win64\jre\bin\server\jvm.dll
0x000007fef7ed0000 - 0x000007fef7ed9000 	C:\Windows\system32\WSOCK32.dll
0x000007fefdf50000 - 0x000007fefdf9d000 	C:\Windows\system32\WS2_32.dll
0x000007fefde20000 - 0x000007fefde28000 	C:\Windows\system32\NSI.dll
0x000007fef91d0000 - 0x000007fef920b000 	C:\Windows\system32\WINMM.dll
0x0000000077190000 - 0x0000000077197000 	C:\Windows\system32\PSAPI.DLL
0x000000006cbc0000 - 0x000000006cc91000 	C:\Windows\system32\MSVCR100.dll
0x0000000059ce0000 - 0x0000000059cef000 	D:\Xilinx\SDK\2015.4\tps\win64\jre\bin\verify.dll
0x0000000056c40000 - 0x0000000056c69000 	D:\Xilinx\SDK\2015.4\tps\win64\jre\bin\java.dll
0x0000000056c20000 - 0x0000000056c36000 	D:\Xilinx\SDK\2015.4\tps\win64\jre\bin\zip.dll
0x000007fefe3c0000 - 0x000007feff149000 	C:\Windows\system32\SHELL32.dll
0x000007fefe130000 - 0x000007fefe333000 	C:\Windows\system32\ole32.dll
0x000007fefced0000 - 0x000007fefcedf000 	C:\Windows\system32\profapi.dll
0x000007fefc760000 - 0x000007fefc777000 	C:\Windows\system32\CRYPTSP.dll
0x000007fefc460000 - 0x000007fefc4a7000 	C:\Windows\system32\rsaenh.dll
0x000007fefc220000 - 0x000007fefc23e000 	C:\Windows\system32\USERENV.dll
0x000007fefcd60000 - 0x000007fefcd6f000 	C:\Windows\system32\CRYPTBASE.dll
0x0000000056be0000 - 0x0000000056bfa000 	D:\Xilinx\SDK\2015.4\tps\win64\jre\bin\net.dll
0x000007fefc700000 - 0x000007fefc755000 	C:\Windows\system32\mswsock.dll
0x000007fefc6f0000 - 0x000007fefc6f7000 	C:\Windows\System32\wship6.dll
0x000007fefab60000 - 0x000007fefab87000 	C:\Windows\system32\IPHLPAPI.DLL
0x000007fefab50000 - 0x000007fefab5b000 	C:\Windows\system32\WINNSI.DLL
0x000007fefa820000 - 0x000007fefa838000 	C:\Windows\system32\dhcpcsvc.DLL
0x000007fefa800000 - 0x000007fefa811000 	C:\Windows\system32\dhcpcsvc6.DLL
0x00000000568a0000 - 0x00000000568b1000 	D:\Xilinx\SDK\2015.4\tps\win64\jre\bin\nio.dll
0x000007fefafe0000 - 0x000007fefaff5000 	C:\Windows\system32\NLAapi.dll
0x000007fef7eb0000 - 0x000007fef7ec5000 	C:\Windows\system32\napinsp.dll
0x000007fef7e90000 - 0x000007fef7ea9000 	C:\Windows\system32\pnrpnsp.dll
0x000007fefc580000 - 0x000007fefc5db000 	C:\Windows\system32\DNSAPI.dll
0x000007fef7e80000 - 0x000007fef7e8b000 	C:\Windows\System32\winrnr.dll
0x000007fefc100000 - 0x000007fefc107000 	C:\Windows\System32\wshtcpip.dll
0x000007fef7e70000 - 0x000007fef7e78000 	C:\Windows\system32\rasadhlp.dll
0x000007fefa8a0000 - 0x000007fefa8f3000 	C:\Windows\System32\fwpuclnt.dll
0x000007fefd940000 - 0x000007fefda18000 	C:\Windows\system32\OLEAUT32.DLL
0x000000001af10000 - 0x000000001afb8000 	C:\Users\Administrator\.Xilinx\SDK\2015.4\org.eclipse.osgi\bundles\303\1\.cp\swt-win32-4335.dll
0x000007fefd510000 - 0x000007fefd5a7000 	C:\Windows\system32\comdlg32.dll
0x000007fef93f0000 - 0x000007fef9461000 	C:\Windows\system32\WINSPOOL.DRV
0x000007fefd810000 - 0x000007fefd93a000 	C:\Windows\system32\WININET.dll
0x000007fefdfa0000 - 0x000007fefe124000 	C:\Windows\system32\urlmon.dll
0x000007fefd1f0000 - 0x000007fefd225000 	C:\Windows\system32\XmlLite.dll
0x000007fefd080000 - 0x000007fefd1ec000 	C:\Windows\system32\CRYPT32.dll
0x000007fefcf70000 - 0x000007fefcf7f000 	C:\Windows\system32\MSASN1.dll
0x000007fefd5b0000 - 0x000007fefd80f000 	C:\Windows\system32\iertutil.dll
0x000007fefb6c0000 - 0x000007fefb6d8000 	C:\Windows\system32\dwmapi.dll
0x000007fefb740000 - 0x000007fefb86c000 	C:\Windows\system32\propsys.dll
0x000007fefdba0000 - 0x000007fefdc39000 	C:\Windows\system32\CLBCatQ.DLL
0x0000000002580000 - 0x000000000259e000 	C:\Users\Administrator\.Xilinx\SDK\2015.4\org.eclipse.osgi\bundles\303\1\.cp\swt-gdip-win32-4335.dll
0x000007fefb410000 - 0x000007fefb626000 	C:\Windows\WinSxS\amd64_microsoft.windows.gdiplus_6595b64144ccf1df_1.1.7601.19061_none_2b299db671e86e03\gdiplus.dll
0x000007fefb150000 - 0x000007fefb27a000 	C:\Windows\system32\WindowsCodecs.dll
0x0000000180000000 - 0x0000000180012000 	C:\Users\Administrator\.Xilinx\SDK\2015.4\org.eclipse.osgi\bundles\121\1\.cp\os\win32\x86_64\localfile_1_0_0.dll
0x000007fefb720000 - 0x000007fefb731000 	C:\Users\Administrator\.Xilinx\SDK\2015.4\org.eclipse.osgi\bundles\124\1\.cp\jWinHttp-1.0.0.dll
0x000007fef8f30000 - 0x000007fef8fa1000 	C:\Windows\system32\WINHTTP.dll
0x000007fef8ec0000 - 0x000007fef8f24000 	C:\Windows\system32\webio.dll
0x000007fefaad0000 - 0x000007fefab24000 	C:\Windows\system32\oleacc.dll
0x000007fefaa00000 - 0x000007fefaa07000 	C:\Windows\system32\msimg32.dll
0x000007fefceb0000 - 0x000007fefcec4000 	C:\Windows\system32\RpcRtRemote.dll
0x000007fefce10000 - 0x000007fefce67000 	C:\Windows\system32\apphelp.dll
0x000007fefb710000 - 0x000007fefb71f000 	D:\Xilinx\SDK\2015.4\lib\win64.o\librdi_repo_manager.dll
0x000007fef6510000 - 0x000007fef653a000 	D:\Xilinx\SDK\2015.4\lib\win64.o\libisl_sysinfo.dll
0x000007fef31a0000 - 0x000007fef3274000 	C:\Windows\system32\MSVCR110.dll
0x000007fef30a0000 - 0x000007fef3147000 	C:\Windows\system32\MSVCP110.dll
0x000007fecd830000 - 0x000007fece1bd000 	D:\Xilinx\SDK\2015.4\lib\win64.o\librdi_common.dll
0x000007fece7e0000 - 0x000007feceb4e000 	D:\Xilinx\SDK\2015.4\lib\win64.o\libCOIN-all.dll
0x000007fece5c0000 - 0x000007fece7de000 	D:\Xilinx\SDK\2015.4\lib\win64.o\libXil_lmgr11.dll
0x000007fefb030000 - 0x000007fefb046000 	C:\Windows\system32\NETAPI32.dll
0x000007fefb020000 - 0x000007fefb02c000 	C:\Windows\system32\netutils.dll
0x000007fefc9e0000 - 0x000007fefca03000 	C:\Windows\system32\srvcli.dll
0x000007fefb000000 - 0x000007fefb015000 	C:\Windows\system32\wkscli.dll
0x000007fefcf80000 - 0x000007fefcfba000 	C:\Windows\system32\WINTRUST.dll
0x000007fef6fe0000 - 0x000007fef6ff0000 	D:\Xilinx\SDK\2015.4\lib\win64.o\libboost_date_time.dll
0x000007fef64e0000 - 0x000007fef6502000 	D:\Xilinx\SDK\2015.4\lib\win64.o\libboost_filesystem.dll
0x000007fef6fd0000 - 0x000007fef6fd9000 	D:\Xilinx\SDK\2015.4\lib\win64.o\libboost_system.dll
0x000007fef62c0000 - 0x000007fef6334000 	D:\Xilinx\SDK\2015.4\lib\win64.o\libboost_program_options.dll
0x000007fecfd00000 - 0x000007fecfdfa000 	D:\Xilinx\SDK\2015.4\lib\win64.o\libboost_regex.dll
0x000007fef64c0000 - 0x000007fef64d3000 	D:\Xilinx\SDK\2015.4\lib\win64.o\libboost_signals.dll
0x000007fef62a0000 - 0x000007fef62bd000 	D:\Xilinx\SDK\2015.4\lib\win64.o\libboost_thread.dll
0x000007fef6460000 - 0x000007fef646b000 	D:\Xilinx\SDK\2015.4\lib\win64.o\libboost_chrono.dll
0x000007fef64b0000 - 0x000007fef64bb000 	D:\Xilinx\SDK\2015.4\lib\win64.o\libboost_xilinx.dll
0x000007fef6220000 - 0x000007fef62a0000 	D:\Xilinx\SDK\2015.4\lib\win64.o\libhdlpsolve.dll
0x000007fed06c0000 - 0x000007fed075a000 	D:\Xilinx\SDK\2015.4\lib\win64.o\libhdxml.dll
0x000007fecd3f0000 - 0x000007fecd824e00 	D:\Xilinx\SDK\2015.4\lib\win64.o\libisl_iostreams.dll
0x000007fef6200000 - 0x000007fef6216000 	D:\Xilinx\SDK\2015.4\lib\win64.o\libboost_iostreams.dll
0x000007fed0690000 - 0x000007fed06b3000 	D:\Xilinx\SDK\2015.4\lib\win64.o\librdizlib.dll
0x000007fed0cc0000 - 0x000007fed0ce3000 	D:\Xilinx\SDK\2015.4\lib\win64.o\libisl_iosutils.dll
0x000007fef61e0000 - 0x000007fef61f5000 	D:\Xilinx\SDK\2015.4\lib\win64.o\pthreadVC2.dll
0x000007fed0440000 - 0x000007fed0494000 	D:\Xilinx\SDK\2015.4\lib\win64.o\librdi_commonxillic.dll
0x000007fece490000 - 0x000007fece5c0000 	D:\Xilinx\SDK\2015.4\lib\win64.o\librdi_curl.dll
0x000007fef5fd0000 - 0x000007fef5fe8000 	D:\Xilinx\SDK\2015.4\lib\win64.o\librdiconfig.dll
0x0000000056550000 - 0x0000000056677000 	D:\Xilinx\SDK\2015.4\lib\win64.o\tcl85t.dll
0x0000000021ea0000 - 0x0000000022103000 	D:\Xilinx\SDK\2015.4\lib\win64.o\xerces-c_3_1.dll
0x000007fef0e30000 - 0x000007fef0e53000 	C:\Windows\system32\VCOMP110.DLL
0x000007fece2a0000 - 0x000007fece48c000 	D:\Xilinx\SDK\2015.4\lib\win64.o\librdi_hsm.dll
0x000007fed03f0000 - 0x000007fed0433000 	D:\Xilinx\SDK\2015.4\lib\win64.o\librdi_hdf.dll
0x000007fecd190000 - 0x000007fecd3e5000 	D:\Xilinx\SDK\2015.4\lib\win64.o\librdi_ippcw.dll
0x000007fecc140000 - 0x000007fecc950000 	D:\Xilinx\SDK\2015.4\lib\win64.o\libXil_lmgr11FNP.dll
0x000007fefa090000 - 0x000007fefa09b000 	C:\Windows\system32\snmpapi.dll
0x000007fefdc40000 - 0x000007fefde17000 	C:\Windows\system32\SETUPAPI.dll
0x000007fefd2a0000 - 0x000007fefd2d6000 	C:\Windows\system32\CFGMGR32.dll
0x000007fefcfc0000 - 0x000007fefcfda000 	C:\Windows\system32\DEVOBJ.dll
0x000007fefcd30000 - 0x000007fefcd55000 	C:\Windows\system32\SspiCli.dll
0x0000000071080000 - 0x00000000710a6000 	D:\Xilinx\SDK\2015.4\eclipse\win64.o\plugins\gnu.io.rxtx.win32.x86_64_2.1.7.3_v20071015\os\win32\x86_64\rxtxSerial.dll
0x000007fef6490000 - 0x000007fef64a6000 	D:\Xilinx\SDK\2015.4\eclipse\win64.o\plugins\org.eclipse.cdt.core.win32.x86_64_5.2.0.201402142303\os\win32\x86_64\spawner.dll
0x000007fef63e0000 - 0x000007fef63ea000 	D:\Xilinx\SDK\2015.4\lib\win64.o\librdi_jtag_settings.dll
0x000007fed05c0000 - 0x000007fed05e9000 	D:\Xilinx\SDK\2015.4\lib\win64.o\librdi_debug_dialog.dll
0x000007fed0cb0000 - 0x000007fed0cb8000 	D:\Xilinx\SDK\2015.4\lib\win64.o\librdi_target_manager.dll
0x0000000063440000 - 0x0000000063443000 	C:\Windows\system32\icmp.Dll
0x000007fef4dd0000 - 0x000007fef4ef5000 	C:\Windows\system32\dbghelp.dll

VM Arguments:
jvm_args: -Dcom.xilinx.sdk.args.hwspec=E:/E_work/XILINXDesign/2016/Miz702/Miz702/15_Study/CH28/MIZ702/MIZ702.sdk/system_wrapper.hdf -Xms64m -Xmx512m & 
java_command: <unknown>
java_class_path (initial): D:\Xilinx\SDK\2015.4\eclipse\win64.o\\plugins/org.eclipse.equinox.launcher_1.3.0.v20130327-1440.jar
Launcher Type: generic

Environment Variables:
PATH=D:/Xilinx/SDK/2015.4/tps/win64/jre/bin/server;D:/Xilinx/SDK/2015.4/tps/win64/jre/bin;D:/Xilinx/SDK/2015.4/tps/win64/jre/lib/amd64;D:\Xilinx\SDK\2015.4\gnuwin\bin;D:\Xilinx\SDK\2015.4\gnu\microblaze\nt\bin;D:\Xilinx\SDK\2015.4\gnu\microblaze\linux_toolchain\nt64_le\bin;D:\Xilinx\SDK\2015.4\gnu\microblaze\linux_toolchain\nt64_be\bin;D:\Xilinx\SDK\2015.4\gnu\arm\nt\bin;D:\Xilinx\SDK\2015.4\gnu\aarch64\nt\aarch64-none\bin;D:\Xilinx\SDK\2015.4\gnu\aarch64\nt\aarch64-linux\bin;D:\Xilinx\SDK\2015.4\gnu\armr5\nt\gcc-arm-none-eabi\bin;D:\Xilinx\SDK\2015.4\gnu\aarch32\nt\gcc-arm-none-eabi\bin;D:\Xilinx\SDK\2015.4\gnu\aarch32\nt\gcc-arm-linux-gnueabi\bin;D:\Xilinx\SDK\2015.4\bin;D:\Xilinx\SDK\2015.4\lib\win64.o;D:\Xilinx\SDK\2015.4\tps\win64\jre\bin\server;D:\Xilinx\SDK\2015.4\tps\win64\jre\bin;D:\Xilinx\Vivado\2015.4\ids_lite\ISE\bin\nt64;D:\Xilinx\Vivado\2015.4\ids_lite\ISE\lib\nt64;D:\Xilinx\Vivado\2015.4\bin;D:\Xilinx\Vivado\2015.4\lib\win64.o;D:\Xilinx\Vivado\2015.4\tps\win64\jre\bin\server;D:\Xilinx\Vivado\2015.4\tps\win64\jre\bin;D:\Xilinx\Vivado_HLS\2015.4\bin;C:\Program Files (x86)\NVIDIA Corporation\PhysX\Common;C:\Windows\system32;C:\Windows;C:\Windows\System32\Wbem;C:\Windows\System32\WindowsPowerShell\v1.0\;D:\Program Files (x86)\Altium Designer Summer 09\System;e:\E_work\XILINXDesign\2016\Miz702\Miz702\15_Study\CH28\MIZ702;
USERNAME=Administrator
OS=Windows_NT
PROCESSOR_IDENTIFIER=Intel64 Family 6 Model 42 Stepping 7, GenuineIntel



---------------  S Y S T E M  ---------------

OS: Windows 7 , 64 bit Build 7601 (6.1.7601.19135)

CPU:total 8 (4 cores per cpu, 2 threads per core) family 6 model 42 stepping 7, cmov, cx8, fxsr, mmx, sse, sse2, sse3, ssse3, sse4.1, sse4.2, popcnt, avx, aes, clmul, ht, tsc, tscinvbit

Memory: 4k page, physical 8335200k(3903760k free), swap 16668564k(11658468k free)

vm_info: Java HotSpot(TM) 64-Bit Server VM (25.45-b02) for windows-amd64 JRE (1.8.0_45-b15), built on Apr 30 2015 12:40:44 by "java_re" with MS VC++ 10.0 (VS2010)

time: Tue Aug 09 23:19:33 2016
elapsed time: 2759 seconds (0d 0h 45m 59s)

