#
# A fatal error has been detected by the Java Runtime Environment:
#
#  EXCEPTION_UNCAUGHT_CXX_EXCEPTION (0xe06d7363) at pc=0x000007fefd23965d, pid=20136, tid=21048
#
# JRE version: Java(TM) SE Runtime Environment (8.0_45-b15) (build 1.8.0_45-b15)
# Java VM: Java HotSpot(TM) 64-Bit Server VM (25.45-b02 mixed mode windows-amd64 compressed oops)
# Problematic frame:
# C  [KERNELBASE.dll+0x965d]
#
# Failed to write core dump. Minidumps are not enabled by default on client versions of Windows
#
# If you would like to submit a bug report, please visit:
#   http://bugreport.java.com/bugreport/crash.jsp
#

---------------  T H R E A D  ---------------

Current thread (0x00000000150d2800):  VMThread [stack: 0x0000000016020000,0x0000000016120000] [id=21048]

siginfo: ExceptionCode=0xe06d7363, ExceptionInformation=0x0000000019930520 0x000000001611f6c8 0x000007fef3252cb8 0x000007fef31a0000 

Registers:
RAX=0x00000000616bfcf1, RBX=0x000007fef3252cb8, RCX=0x000000001611ef10, RDX=0x00000000000000d0
RSP=0x000000001611f520, RBP=0x000000001611f650, RSI=0x00000000ffffffff, RDI=0x0000000025a36ab0
R8 =0x0000000000000000, R9 =0x0000000000000000, R10=0x000007fef31a0000, R11=0x000000001611f560
R12=0x0000000000000001, R13=0x0000000000000008, R14=0x0000000000000000, R15=0xffffffffffffffff
RIP=0x000007fefd23965d, EFLAGS=0x0000000000000202

Top of Stack: (sp=0x000000001611f520)
0x000000001611f520:   000007fef3252cb8 00000000ffffffff
0x000000001611f530:   0000000025a36ab0 00000000002e48f0
0x000000001611f540:   00000001e06d7363 0000000000000000
0x000000001611f550:   000007fefd23965d 000007fe00000004
0x000000001611f560:   0000000019930520 000000001611f6c8
0x000000001611f570:   000007fef3252cb8 000007fef31a0000
0x000000001611f580:   0000000000000000 000000001611f608
0x000000001611f590:   0000000000000028 0000000025a36aa0
0x000000001611f5a0:   00000000175c9b10 0000000000000000
0x000000001611f5b0:   000007fffff98000 0000000077020bb3
0x000000001611f5c0:   0000000000000000 0000000000000008
0x000000001611f5d0:   0000000000000001 0000000025a36ab0
0x000000001611f5e0:   00000000ffffffff 000007fef31fe92c
0x000000001611f5f0:   000007fef3252cb8 000000001611f660
0x000000001611f600:   0000000000000001 000007fef31a00f8
0x000000001611f610:   00000001e06d7363 0000000000000000 

Instructions: (pc=0x000007fefd23965d)
0x000007fefd23963d:   54 24 24 48 89 4c 24 28 4d 85 c9 0f 85 5a 1a 01
0x000007fefd23964d:   00 89 4c 24 38 48 8d 4c 24 20 ff 15 43 1c 04 00
0x000007fefd23965d:   48 81 c4 c8 00 00 00 c3 90 90 90 90 90 90 90 90
0x000007fefd23966d:   90 90 90 48 8b c4 48 89 58 08 48 89 68 10 48 89 


Register to memory mapping:

RAX=0x00000000616bfcf1 is an unknown value
RBX=0x000007fef3252cb8 is an unknown value
RCX=0x000000001611ef10 is an unknown value
RDX=0x00000000000000d0 is an unknown value
RSP=0x000000001611f520 is an unknown value
RBP=0x000000001611f650 is an unknown value
RSI=0x00000000ffffffff is an unallocated location in the heap
RDI=0x0000000025a36ab0 is an unknown value
R8 =0x0000000000000000 is an unknown value
R9 =0x0000000000000000 is an unknown value
R10=0x000007fef31a0000 is an unknown value
R11=0x000000001611f560 is an unknown value
R12=0x0000000000000001 is an unknown value
R13=0x0000000000000008 is an unknown value
R14=0x0000000000000000 is an unknown value
R15=0xffffffffffffffff is an unknown value


Stack: [0x0000000016020000,0x0000000016120000],  sp=0x000000001611f520,  free space=1021k
Native frames: (J=compiled Java code, j=interpreted, Vv=VM code, C=native code)
C  [KERNELBASE.dll+0x965d]
C  [MSVCR110.dll+0x5e92c]
C  [MSVCR110.dll+0x1315c]
C  [MSVCR110.dll+0x136a9]
C  [MSVCR110.dll+0x13e9c]
C  [MSVCR110.dll+0x239e]
C  [MSVCR110.dll+0xaf9e]
C  [MSVCP110.dll+0x397b9]
C  [librdi_common.dll+0x14283e]
C  [librdi_common.dll+0x141449]
C  [librdi_target_manager.dll+0x2400]
C  [librdi_target_manager.dll+0x2682]
C  [ntdll.dll+0x235f1]
C  [ntdll.dll+0x23400]
C  [MSVCR100.dll+0x20cf5]
V  [jvm.dll+0x20f135]
V  [jvm.dll+0x247ef7]
V  [jvm.dll+0x247196]
V  [jvm.dll+0x247631]
V  [jvm.dll+0x24784e]
V  [jvm.dll+0x29853a]
C  [MSVCR100.dll+0x21db7]
C  [MSVCR100.dll+0x21e53]
C  [kernel32.dll+0x159ed]
C  [ntdll.dll+0x2b371]

VM_Operation (0x000000000012f500): Exit, mode: safepoint, requested by thread 0x0000000002668000


---------------  P R O C E S S  ---------------

Java Threads: ( => current thread )
  0x000000001d425800 JavaThread "Thread-18" daemon [_thread_blocked, id=17632, stack(0x0000000026a30000,0x0000000026b30000)]
  0x000000001a5f0000 JavaThread "TCF Locator DNS Lookup" daemon [_thread_blocked, id=12120, stack(0x00000000226d0000,0x00000000227d0000)]
  0x000000001a5ef800 JavaThread "TCF Locator Timer" daemon [_thread_blocked, id=8284, stack(0x000000001e380000,0x000000001e480000)]
  0x000000001a5ec000 JavaThread "TCF Locator Receiver" daemon [_thread_in_native, id=20080, stack(0x000000001e280000,0x000000001e380000)]
  0x000000001a5ee000 JavaThread "TCF Timer Dispatcher" daemon [_thread_blocked, id=12520, stack(0x000000001e080000,0x000000001e180000)]
  0x0000000019d63800 JavaThread "EMF Reference Cleaner" daemon [_thread_blocked, id=19076, stack(0x000000001aa80000,0x000000001ab80000)]
  0x00000000151ec800 JavaThread "Service Thread" daemon [_thread_blocked, id=20768, stack(0x0000000016920000,0x0000000016a20000)]
  0x000000001516a000 JavaThread "C1 CompilerThread3" daemon [_thread_blocked, id=21040, stack(0x0000000016820000,0x0000000016920000)]
  0x000000001514f800 JavaThread "C2 CompilerThread2" daemon [_thread_blocked, id=18776, stack(0x0000000016720000,0x0000000016820000)]
  0x0000000015148800 JavaThread "C2 CompilerThread1" daemon [_thread_blocked, id=21092, stack(0x0000000016620000,0x0000000016720000)]
  0x0000000015135800 JavaThread "C2 CompilerThread0" daemon [_thread_blocked, id=20764, stack(0x0000000016520000,0x0000000016620000)]
  0x0000000015134800 JavaThread "Attach Listener" daemon [_thread_blocked, id=21036, stack(0x0000000016420000,0x0000000016520000)]
  0x000000001513e800 JavaThread "Signal Dispatcher" daemon [_thread_blocked, id=19036, stack(0x0000000016320000,0x0000000016420000)]
  0x0000000013f5b000 JavaThread "Finalizer" daemon [_thread_blocked, id=21492, stack(0x0000000016220000,0x0000000016320000)]
  0x0000000013f54800 JavaThread "Reference Handler" daemon [_thread_blocked, id=21196, stack(0x0000000016120000,0x0000000016220000)]
  0x0000000002668000 JavaThread "main" [_thread_blocked, id=12984, stack(0x0000000000030000,0x0000000000130000)]

Other Threads:
=>0x00000000150d2800 VMThread [stack: 0x0000000016020000,0x0000000016120000] [id=21048]

VM state:at safepoint (shutting down)

VM Mutex/Monitor currently owned by a thread:  ([mutex/lock_event])
[0x000000000279e4e0] Threads_lock - owner thread: 0x00000000150d2800

Heap:
 PSYoungGen      total 110592K, used 34603K [0x00000000f5580000, 0x00000000fde80000, 0x0000000100000000)
  eden space 82944K, 41% used [0x00000000f5580000,0x00000000f774ac68,0x00000000fa680000)
  from space 27648K, 0% used [0x00000000fc380000,0x00000000fc380000,0x00000000fde80000)
  to   space 28672K, 0% used [0x00000000fa680000,0x00000000fa680000,0x00000000fc280000)
 ParOldGen       total 107520K, used 39424K [0x00000000e0000000, 0x00000000e6900000, 0x00000000f5580000)
  object space 107520K, 36% used [0x00000000e0000000,0x00000000e2680150,0x00000000e6900000)
 Metaspace       used 87282K, capacity 94198K, committed 94592K, reserved 1130496K
  class space    used 11009K, capacity 13121K, committed 13184K, reserved 1048576K

Card table byte_map: [0x0000000011b60000,0x0000000011c70000] byte_map_base: 0x0000000011460000

Marking Bits: (ParMarkBitMap*) 0x00000000558e4040
 Begin Bits: [0x0000000012470000, 0x0000000012c70000)
 End Bits:   [0x0000000012c70000, 0x0000000013470000)

Polling page: 0x0000000000220000

CodeCache: size=245760Kb used=29016Kb max_used=29183Kb free=216743Kb
 bounds [0x00000000027a0000, 0x0000000004470000, 0x00000000117a0000]
 total_blobs=9129 nmethods=8273 adapters=764
 compilation: enabled

Compilation events (10 events):
Event: 896.588 Thread 0x000000001516a000 10262   !   3       org.eclipse.osgi.internal.baseadaptor.BaseStorage::compact (215 bytes)
Event: 896.591 Thread 0x000000001516a000 nmethod 10262 0x0000000003e59f50 code [0x0000000003e5a3a0, 0x0000000003e5c868]
Event: 896.603 Thread 0x0000000015148800 10263       4       java.io.WinNTFileSystem::resolve (231 bytes)
Event: 896.615 Thread 0x0000000015148800 nmethod 10263 0x0000000002d724d0 code [0x0000000002d72660, 0x0000000002d72ff8]
Event: 896.675 Thread 0x0000000015135800 10264       4       java.io.File::isDirectory (43 bytes)
Event: 896.679 Thread 0x0000000015135800 nmethod 10264 0x0000000002d71f50 code [0x0000000002d720a0, 0x0000000002d722a8]
Event: 896.690 Thread 0x000000001514f800 10265       4       java.io.File::<init> (113 bytes)
Event: 896.695 Thread 0x000000001514f800 nmethod 10265 0x0000000002f58610 code [0x0000000002f58780, 0x0000000002f58b18]
Event: 896.720 Thread 0x000000001516a000 10266       3       org.eclipse.osgi.framework.internal.core.AbstractBundle::close (52 bytes)
Event: 896.721 Thread 0x000000001516a000 nmethod 10266 0x000000000371c890 code [0x000000000371cac0, 0x000000000371d7c8]

GC Heap History (10 events):
Event: 589.003 GC heap before
{Heap before GC invocations=33 (full 11):
 PSYoungGen      total 113664K, used 128K [0x00000000f5580000, 0x00000000fe380000, 0x0000000100000000)
  eden space 82944K, 0% used [0x00000000f5580000,0x00000000f5580000,0x00000000fa680000)
  from space 30720K, 0% used [0x00000000fc580000,0x00000000fc5a0000,0x00000000fe380000)
  to   space 31232K, 0% used [0x00000000fa680000,0x00000000fa680000,0x00000000fc500000)
 ParOldGen       total 107520K, used 43728K [0x00000000e0000000, 0x00000000e6900000, 0x00000000f5580000)
  object space 107520K, 40% used [0x00000000e0000000,0x00000000e2ab42c8,0x00000000e6900000)
 Metaspace       used 86420K, capacity 93472K, committed 93696K, reserved 1130496K
  class space    used 10919K, capacity 13038K, committed 13056K, reserved 1048576K
Event: 589.394 GC heap after
Heap after GC invocations=33 (full 11):
 PSYoungGen      total 113664K, used 0K [0x00000000f5580000, 0x00000000fe380000, 0x0000000100000000)
  eden space 82944K, 0% used [0x00000000f5580000,0x00000000f5580000,0x00000000fa680000)
  from space 30720K, 0% used [0x00000000fc580000,0x00000000fc580000,0x00000000fe380000)
  to   space 31232K, 0% used [0x00000000fa680000,0x00000000fa680000,0x00000000fc500000)
 ParOldGen       total 107520K, used 41627K [0x00000000e0000000, 0x00000000e6900000, 0x00000000f5580000)
  object space 107520K, 38% used [0x00000000e0000000,0x00000000e28a6fb0,0x00000000e6900000)
 Metaspace       used 86399K, capacity 93436K, committed 93696K, reserved 1130496K
  class space    used 10915K, capacity 13032K, committed 13056K, reserved 1048576K
}
Event: 649.014 GC heap before
{Heap before GC invocations=34 (full 11):
 PSYoungGen      total 113664K, used 9299K [0x00000000f5580000, 0x00000000fe380000, 0x0000000100000000)
  eden space 82944K, 11% used [0x00000000f5580000,0x00000000f5e94f38,0x00000000fa680000)
  from space 30720K, 0% used [0x00000000fc580000,0x00000000fc580000,0x00000000fe380000)
  to   space 31232K, 0% used [0x00000000fa680000,0x00000000fa680000,0x00000000fc500000)
 ParOldGen       total 107520K, used 41627K [0x00000000e0000000, 0x00000000e6900000, 0x00000000f5580000)
  object space 107520K, 38% used [0x00000000e0000000,0x00000000e28a6fb0,0x00000000e6900000)
 Metaspace       used 86458K, capacity 93436K, committed 93696K, reserved 1130496K
  class space    used 10915K, capacity 13032K, committed 13056K, reserved 1048576K
Event: 649.019 GC heap after
Heap after GC invocations=34 (full 11):
 PSYoungGen      total 83968K, used 864K [0x00000000f5580000, 0x00000000fe080000, 0x0000000100000000)
  eden space 82944K, 0% used [0x00000000f5580000,0x00000000f5580000,0x00000000fa680000)
  from space 1024K, 84% used [0x00000000fa680000,0x00000000fa758000,0x00000000fa780000)
  to   space 29696K, 0% used [0x00000000fc380000,0x00000000fc380000,0x00000000fe080000)
 ParOldGen       total 107520K, used 41635K [0x00000000e0000000, 0x00000000e6900000, 0x00000000f5580000)
  object space 107520K, 38% used [0x00000000e0000000,0x00000000e28a8fb0,0x00000000e6900000)
 Metaspace       used 86458K, capacity 93436K, committed 93696K, reserved 1130496K
  class space    used 10915K, capacity 13032K, committed 13056K, reserved 1048576K
}
Event: 649.019 GC heap before
{Heap before GC invocations=35 (full 12):
 PSYoungGen      total 83968K, used 864K [0x00000000f5580000, 0x00000000fe080000, 0x0000000100000000)
  eden space 82944K, 0% used [0x00000000f5580000,0x00000000f5580000,0x00000000fa680000)
  from space 1024K, 84% used [0x00000000fa680000,0x00000000fa758000,0x00000000fa780000)
  to   space 29696K, 0% used [0x00000000fc380000,0x00000000fc380000,0x00000000fe080000)
 ParOldGen       total 107520K, used 41635K [0x00000000e0000000, 0x00000000e6900000, 0x00000000f5580000)
  object space 107520K, 38% used [0x00000000e0000000,0x00000000e28a8fb0,0x00000000e6900000)
 Metaspace       used 86458K, capacity 93436K, committed 93696K, reserved 1130496K
  class space    used 10915K, capacity 13032K, committed 13056K, reserved 1048576K
Event: 649.345 GC heap after
Heap after GC invocations=35 (full 12):
 PSYoungGen      total 83968K, used 0K [0x00000000f5580000, 0x00000000fe080000, 0x0000000100000000)
  eden space 82944K, 0% used [0x00000000f5580000,0x00000000f5580000,0x00000000fa680000)
  from space 1024K, 0% used [0x00000000fa680000,0x00000000fa680000,0x00000000fa780000)
  to   space 29696K, 0% used [0x00000000fc380000,0x00000000fc380000,0x00000000fe080000)
 ParOldGen       total 107520K, used 39585K [0x00000000e0000000, 0x00000000e6900000, 0x00000000f5580000)
  object space 107520K, 36% used [0x00000000e0000000,0x00000000e26a8678,0x00000000e6900000)
 Metaspace       used 86424K, capacity 93382K, committed 93696K, reserved 1130496K
  class space    used 10910K, capacity 13023K, committed 13056K, reserved 1048576K
}
Event: 709.024 GC heap before
{Heap before GC invocations=36 (full 12):
 PSYoungGen      total 83968K, used 3538K [0x00000000f5580000, 0x00000000fe080000, 0x0000000100000000)
  eden space 82944K, 4% used [0x00000000f5580000,0x00000000f58f4b50,0x00000000fa680000)
  from space 1024K, 0% used [0x00000000fa680000,0x00000000fa680000,0x00000000fa780000)
  to   space 29696K, 0% used [0x00000000fc380000,0x00000000fc380000,0x00000000fe080000)
 ParOldGen       total 107520K, used 39585K [0x00000000e0000000, 0x00000000e6900000, 0x00000000f5580000)
  object space 107520K, 36% used [0x00000000e0000000,0x00000000e26a8678,0x00000000e6900000)
 Metaspace       used 86425K, capacity 93382K, committed 93696K, reserved 1130496K
  class space    used 10910K, capacity 13023K, committed 13056K, reserved 1048576K
Event: 709.028 GC heap after
Heap after GC invocations=36 (full 12):
 PSYoungGen      total 110592K, used 128K [0x00000000f5580000, 0x00000000fde80000, 0x0000000100000000)
  eden space 82944K, 0% used [0x00000000f5580000,0x00000000f5580000,0x00000000fa680000)
  from space 27648K, 0% used [0x00000000fc380000,0x00000000fc3a0000,0x00000000fde80000)
  to   space 28672K, 0% used [0x00000000fa680000,0x00000000fa680000,0x00000000fc280000)
 ParOldGen       total 107520K, used 39585K [0x00000000e0000000, 0x00000000e6900000, 0x00000000f5580000)
  object space 107520K, 36% used [0x00000000e0000000,0x00000000e26a8678,0x00000000e6900000)
 Metaspace       used 86425K, capacity 93382K, committed 93696K, reserved 1130496K
  class space    used 10910K, capacity 13023K, committed 13056K, reserved 1048576K
}
Event: 709.028 GC heap before
{Heap before GC invocations=37 (full 13):
 PSYoungGen      total 110592K, used 128K [0x00000000f5580000, 0x00000000fde80000, 0x0000000100000000)
  eden space 82944K, 0% used [0x00000000f5580000,0x00000000f5580000,0x00000000fa680000)
  from space 27648K, 0% used [0x00000000fc380000,0x00000000fc3a0000,0x00000000fde80000)
  to   space 28672K, 0% used [0x00000000fa680000,0x00000000fa680000,0x00000000fc280000)
 ParOldGen       total 107520K, used 39585K [0x00000000e0000000, 0x00000000e6900000, 0x00000000f5580000)
  object space 107520K, 36% used [0x00000000e0000000,0x00000000e26a8678,0x00000000e6900000)
 Metaspace       used 86425K, capacity 93382K, committed 93696K, reserved 1130496K
  class space    used 10910K, capacity 13023K, committed 13056K, reserved 1048576K
Event: 709.301 GC heap after
Heap after GC invocations=37 (full 13):
 PSYoungGen      total 110592K, used 0K [0x00000000f5580000, 0x00000000fde80000, 0x0000000100000000)
  eden space 82944K, 0% used [0x00000000f5580000,0x00000000f5580000,0x00000000fa680000)
  from space 27648K, 0% used [0x00000000fc380000,0x00000000fc380000,0x00000000fde80000)
  to   space 28672K, 0% used [0x00000000fa680000,0x00000000fa680000,0x00000000fc280000)
 ParOldGen       total 107520K, used 39424K [0x00000000e0000000, 0x00000000e6900000, 0x00000000f5580000)
  object space 107520K, 36% used [0x00000000e0000000,0x00000000e2680150,0x00000000e6900000)
 Metaspace       used 86425K, capacity 93382K, committed 93696K, reserved 1130496K
  class space    used 10910K, capacity 13023K, committed 13056K, reserved 1048576K
}

Deoptimization events (10 events):
Event: 714.017 Thread 0x0000000002668000 Uncommon trap: reason=unstable_if action=reinterpret pc=0x0000000004307db8 method=org.eclipse.emf.ecore.impl.MinimalEObjectImpl.setField(ILjava/lang/Object;)V @ 9
Event: 714.048 Thread 0x0000000002668000 Uncommon trap: reason=unstable_if action=reinterpret pc=0x000000000439db74 method=org.eclipse.equinox.internal.event.EventHandlerTracker.getHandlers(Ljava/lang/String;)Ljava/util/Set; @ 28
Event: 714.051 Thread 0x0000000002668000 Uncommon trap: reason=class_check action=maybe_recompile pc=0x00000000043bddd0 method=org.eclipse.e4.core.internal.contexts.ContextObjectSupplier$ContextInjectionListener.update(Lorg/eclipse/e4/core/contexts/IEclipseContext;I[Ljava/lang/Object;)Z @ 173
Event: 714.051 Thread 0x0000000002668000 Uncommon trap: reason=class_check action=maybe_recompile pc=0x00000000043bddd0 method=org.eclipse.e4.core.internal.contexts.ContextObjectSupplier$ContextInjectionListener.update(Lorg/eclipse/e4/core/contexts/IEclipseContext;I[Ljava/lang/Object;)Z @ 173
Event: 714.051 Thread 0x0000000002668000 Uncommon trap: reason=class_check action=maybe_recompile pc=0x00000000043bddd0 method=org.eclipse.e4.core.internal.contexts.ContextObjectSupplier$ContextInjectionListener.update(Lorg/eclipse/e4/core/contexts/IEclipseContext;I[Ljava/lang/Object;)Z @ 173
Event: 714.125 Thread 0x0000000017cb7800 Uncommon trap: reason=unstable_if action=reinterpret pc=0x000000000424698c method=org.eclipse.equinox.internal.event.EventHandlerTracker.getHandlers(Ljava/lang/String;)Ljava/util/Set; @ 28
Event: 895.332 Thread 0x000000001d424800 Uncommon trap: reason=unstable_if action=reinterpret pc=0x0000000003ebcbe4 method=java.io.BufferedReader.read()I @ 34
Event: 896.397 Thread 0x0000000002668000 Uncommon trap: reason=null_check action=make_not_entrant pc=0x00000000032e2ac4 method=org.eclipse.core.runtime.internal.adaptor.EclipseLazyStarter.shouldActivateFor(Ljava/lang/String;Lorg/eclipse/osgi/baseadaptor/BaseData;Lorg/eclipse/core/runtime/internaló:*Á5Œ@
Event: 896.401 Thread 0x0000000017cb7800 Uncommon trap: reason=unstable_if action=reinterpret pc=0x000000000337add0 method=org.eclipse.osgi.framework.internal.core.BundleContextImpl.dispatchEvent(Ljava/lang/Object;Ljava/lang/Object;ILjava/lang/Object;)V @ 16
Event: 896.720 Thread 0x0000000002668000 Uncommon trap: reason=unstable_if action=reinterpret pc=0x00000000035eaed0 method=sun.reflect.UnsafeStaticObjectFieldAccessorImpl.set(Ljava/lang/Object;Ljava/lang/Object;)V @ 13

Internal exceptions (10 events):
Event: 715.137 Thread 0x000000001a5f1800 Exception <a 'java/net/ConnectException': Connection refused: connect> (0x00000000f6dd6aa0) thrown at [C:\re\workspace\8-2-build-windows-amd64-cygwin\jdk8u45\3627\hotspot\src\share\vm\prims\jni.cpp, line 735]
Event: 725.849 Thread 0x000000001a5f4800 Exception <a 'java/lang/InterruptedException'> (0x00000000f6ea02b8) thrown at [C:\re\workspace\8-2-build-windows-amd64-cygwin\jdk8u45\3627\hotspot\src\share\vm\runtime\objectMonitor.cpp, line 1683]
Event: 895.330 Thread 0x000000001d421800 Exception <a 'java/lang/InterruptedException'> (0x00000000f70fc7b0) thrown at [C:\re\workspace\8-2-build-windows-amd64-cygwin\jdk8u45\3627\hotspot\src\share\vm\runtime\objectMonitor.cpp, line 1683]
Event: 896.188 Thread 0x000000001a5f3000 Exception <a 'java/net/ConnectException': Connection refused: connect> (0x00000000f6ef7330) thrown at [C:\re\workspace\8-2-build-windows-amd64-cygwin\jdk8u45\3627\hotspot\src\share\vm\prims\jni.cpp, line 735]
Event: 896.397 Thread 0x0000000002668000 Implicit null exception at 0x00000000032e104b to 0x00000000032e2aa1
Event: 896.475 Thread 0x0000000016dac000 Exception <a 'java/lang/InterruptedException': sleep interrupted> (0x00000000f74d7d88) thrown at [C:\re\workspace\8-2-build-windows-amd64-cygwin\jdk8u45\3627\hotspot\src\share\vm\prims\jvm.cpp, line 3211]
Event: 896.480 Thread 0x000000001c6ae800 Exception <a 'java/lang/InterruptedException'> (0x00000000f72889a8) thrown at [C:\re\workspace\8-2-build-windows-amd64-cygwin\jdk8u45\3627\hotspot\src\share\vm\runtime\objectMonitor.cpp, line 1683]
Event: 896.480 Thread 0x0000000017cb9800 Exception <a 'java/lang/InterruptedException'> (0x00000000f75a72f8) thrown at [C:\re\workspace\8-2-build-windows-amd64-cygwin\jdk8u45\3627\hotspot\src\share\vm\runtime\objectMonitor.cpp, line 1683]
Event: 896.720 Thread 0x0000000017cb7800 Exception <a 'java/lang/InterruptedException'> (0x00000000f73d3cd8) thrown at [C:\re\workspace\8-2-build-windows-amd64-cygwin\jdk8u45\3627\hotspot\src\share\vm\runtime\objectMonitor.cpp, line 1683]
Event: 896.720 Thread 0x0000000002668000 Implicit null exception at 0x00000000035eabb7 to 0x00000000035eaebd

Events (10 events):
Event: 896.720 Thread 0x0000000002668000 DEOPT UNPACKING pc=0x00000000027e582a sp=0x000000000012ea38 mode 2
Event: 896.720 Thread 0x0000000016f42000 Thread exited: 0x0000000016f42000
Event: 896.721 loading class java/util/IdentityHashMap$KeyIterator
Event: 896.721 loading class java/util/IdentityHashMap$IdentityHashMapIterator
Event: 896.721 loading class java/util/IdentityHashMap$IdentityHashMapIterator done
Event: 896.721 loading class java/util/IdentityHashMap$KeyIterator done
Event: 896.721 Thread 0x000000001a5f6000 Thread added: 0x000000001a5f6000
Event: 896.721 Thread 0x000000001516a000 flushing nmethod 0x0000000003c1f2d0
Event: 896.722 Thread 0x000000001a5f6000 Thread exited: 0x000000001a5f6000
Event: 896.724 Executing VM operation: Exit


Dynamic libraries:
0x0000000000400000 - 0x000000000044f000 	D:\Xilinx\SDK\2015.4\eclipse\win64.o\eclipse.exe
0x0000000076fd0000 - 0x000000007717a000 	C:\Windows\SYSTEM32\ntdll.dll
0x0000000076eb0000 - 0x0000000076fcf000 	C:\Windows\system32\kernel32.dll
0x000007fefd230000 - 0x000007fefd29b000 	C:\Windows\system32\KERNELBASE.dll
0x0000000076db0000 - 0x0000000076eaa000 	C:\Windows\system32\USER32.dll
0x000007fefdee0000 - 0x000007fefdf47000 	C:\Windows\system32\GDI32.dll
0x000007fefd2e0000 - 0x000007fefd2ee000 	C:\Windows\system32\LPK.dll
0x000007fefd2f0000 - 0x000007fefd3ba000 	C:\Windows\system32\USP10.dll
0x000007fefda20000 - 0x000007fefdabf000 	C:\Windows\system32\msvcrt.dll
0x000007fefb8c0000 - 0x000007fefbab4000 	C:\Windows\WinSxS\amd64_microsoft.windows.common-controls_6595b64144ccf1df_6.0.7601.18837_none_fa3b1e3d17594757\COMCTL32.dll
0x000007fefde60000 - 0x000007fefded1000 	C:\Windows\system32\SHLWAPI.dll
0x000007fefde30000 - 0x000007fefde5e000 	C:\Windows\system32\IMM32.DLL
0x000007fefd3e0000 - 0x000007fefd4e9000 	C:\Windows\system32\MSCTF.dll
0x0000000072000000 - 0x0000000072012000 	D:\Xilinx\SDK\2015.4\eclipse\win64.o\plugins\org.eclipse.equinox.launcher.win32.win32.x86_64_1.1.200.v20140116-2212\eclipse_1503.dll
0x000007fefdac0000 - 0x000007fefdb9b000 	C:\Windows\system32\ADVAPI32.dll
0x000007fefd3c0000 - 0x000007fefd3df000 	C:\Windows\SYSTEM32\sechost.dll
0x000007feff150000 - 0x000007feff27d000 	C:\Windows\system32\RPCRT4.dll
0x000007fefc030000 - 0x000007fefc03c000 	C:\Windows\system32\VERSION.dll
0x000007fefb630000 - 0x000007fefb686000 	C:\Windows\system32\uxtheme.dll
0x00000000550e0000 - 0x0000000055963000 	D:\Xilinx\SDK\2015.4\tps\win64\jre\bin\server\jvm.dll
0x000007fef7ed0000 - 0x000007fef7ed9000 	C:\Windows\system32\WSOCK32.dll
0x000007fefdf50000 - 0x000007fefdf9d000 	C:\Windows\system32\WS2_32.dll
0x000007fefde20000 - 0x000007fefde28000 	C:\Windows\system32\NSI.dll
0x000007fef91d0000 - 0x000007fef920b000 	C:\Windows\system32\WINMM.dll
0x0000000077190000 - 0x0000000077197000 	C:\Windows\system32\PSAPI.DLL
0x000000006cbc0000 - 0x000000006cc91000 	C:\Windows\system32\MSVCR100.dll
0x000000006c940000 - 0x000000006c94f000 	D:\Xilinx\SDK\2015.4\tps\win64\jre\bin\verify.dll
0x00000000643d0000 - 0x00000000643f9000 	D:\Xilinx\SDK\2015.4\tps\win64\jre\bin\java.dll
0x000000006c7d0000 - 0x000000006c7e6000 	D:\Xilinx\SDK\2015.4\tps\win64\jre\bin\zip.dll
0x000007fefe3c0000 - 0x000007feff149000 	C:\Windows\system32\SHELL32.dll
0x000007fefe130000 - 0x000007fefe333000 	C:\Windows\system32\ole32.dll
0x000007fefced0000 - 0x000007fefcedf000 	C:\Windows\system32\profapi.dll
0x000007fefc760000 - 0x000007fefc777000 	C:\Windows\system32\CRYPTSP.dll
0x000007fefc460000 - 0x000007fefc4a7000 	C:\Windows\system32\rsaenh.dll
0x000007fefc220000 - 0x000007fefc23e000 	C:\Windows\system32\USERENV.dll
0x000007fefcd60000 - 0x000007fefcd6f000 	C:\Windows\system32\CRYPTBASE.dll
0x00000000643b0000 - 0x00000000643ca000 	D:\Xilinx\SDK\2015.4\tps\win64\jre\bin\net.dll
0x000007fefc700000 - 0x000007fefc755000 	C:\Windows\system32\mswsock.dll
0x000007fefc6f0000 - 0x000007fefc6f7000 	C:\Windows\System32\wship6.dll
0x000007fefab60000 - 0x000007fefab87000 	C:\Windows\system32\IPHLPAPI.DLL
0x000007fefab50000 - 0x000007fefab5b000 	C:\Windows\system32\WINNSI.DLL
0x000007fefa820000 - 0x000007fefa838000 	C:\Windows\system32\dhcpcsvc.DLL
0x000007fefa800000 - 0x000007fefa811000 	C:\Windows\system32\dhcpcsvc6.DLL
0x0000000064390000 - 0x00000000643a1000 	D:\Xilinx\SDK\2015.4\tps\win64\jre\bin\nio.dll
0x000007fefafe0000 - 0x000007fefaff5000 	C:\Windows\system32\NLAapi.dll
0x000007fef7eb0000 - 0x000007fef7ec5000 	C:\Windows\system32\napinsp.dll
0x000007fef7e90000 - 0x000007fef7ea9000 	C:\Windows\system32\pnrpnsp.dll
0x000007fefc580000 - 0x000007fefc5db000 	C:\Windows\system32\DNSAPI.dll
0x000007fef7e80000 - 0x000007fef7e8b000 	C:\Windows\System32\winrnr.dll
0x000007fefc100000 - 0x000007fefc107000 	C:\Windows\System32\wshtcpip.dll
0x000007fef7e70000 - 0x000007fef7e78000 	C:\Windows\system32\rasadhlp.dll
0x000007fefa8a0000 - 0x000007fefa8f3000 	C:\Windows\System32\fwpuclnt.dll
0x000007fefd940000 - 0x000007fefda18000 	C:\Windows\system32\OLEAUT32.DLL
0x0000000017320000 - 0x00000000173c8000 	C:\Users\Administrator\.Xilinx\SDK\2015.4\org.eclipse.osgi\bundles\303\1\.cp\swt-win32-4335.dll
0x000007fefd510000 - 0x000007fefd5a7000 	C:\Windows\system32\comdlg32.dll
0x000007fef93f0000 - 0x000007fef9461000 	C:\Windows\system32\WINSPOOL.DRV
0x000007fefd810000 - 0x000007fefd93a000 	C:\Windows\system32\WININET.dll
0x000007fefdfa0000 - 0x000007fefe124000 	C:\Windows\system32\urlmon.dll
0x000007fefd1f0000 - 0x000007fefd225000 	C:\Windows\system32\XmlLite.dll
0x000007fefd080000 - 0x000007fefd1ec000 	C:\Windows\system32\CRYPT32.dll
0x000007fefcf70000 - 0x000007fefcf7f000 	C:\Windows\system32\MSASN1.dll
0x000007fefd5b0000 - 0x000007fefd80f000 	C:\Windows\system32\iertutil.dll
0x000007fefb6c0000 - 0x000007fefb6d8000 	C:\Windows\system32\dwmapi.dll
0x000007fefb740000 - 0x000007fefb86c000 	C:\Windows\system32\propsys.dll
0x000007fefdba0000 - 0x000007fefdc39000 	C:\Windows\system32\CLBCatQ.DLL
0x0000000002700000 - 0x000000000271e000 	C:\Users\Administrator\.Xilinx\SDK\2015.4\org.eclipse.osgi\bundles\303\1\.cp\swt-gdip-win32-4335.dll
0x000007fefb410000 - 0x000007fefb626000 	C:\Windows\WinSxS\amd64_microsoft.windows.gdiplus_6595b64144ccf1df_1.1.7601.19061_none_2b299db671e86e03\gdiplus.dll
0x000007fefb150000 - 0x000007fefb27a000 	C:\Windows\system32\WindowsCodecs.dll
0x0000000180000000 - 0x0000000180012000 	C:\Users\Administrator\.Xilinx\SDK\2015.4\org.eclipse.osgi\bundles\121\1\.cp\os\win32\x86_64\localfile_1_0_0.dll
0x000007fefb720000 - 0x000007fefb731000 	C:\Users\Administrator\.Xilinx\SDK\2015.4\org.eclipse.osgi\bundles\124\1\.cp\jWinHttp-1.0.0.dll
0x000007fef8f30000 - 0x000007fef8fa1000 	C:\Windows\system32\WINHTTP.dll
0x000007fef8ec0000 - 0x000007fef8f24000 	C:\Windows\system32\webio.dll
0x000007fefaad0000 - 0x000007fefab24000 	C:\Windows\system32\oleacc.dll
0x000007fefceb0000 - 0x000007fefcec4000 	C:\Windows\system32\RpcRtRemote.dll
0x000007fefce10000 - 0x000007fefce67000 	C:\Windows\system32\apphelp.dll
0x000007fefb710000 - 0x000007fefb71f000 	D:\Xilinx\SDK\2015.4\lib\win64.o\librdi_repo_manager.dll
0x000007fef6510000 - 0x000007fef653a000 	D:\Xilinx\SDK\2015.4\lib\win64.o\libisl_sysinfo.dll
0x000007fef31a0000 - 0x000007fef3274000 	C:\Windows\system32\MSVCR110.dll
0x000007fef30a0000 - 0x000007fef3147000 	C:\Windows\system32\MSVCP110.dll
0x000007fecd830000 - 0x000007fece1bd000 	D:\Xilinx\SDK\2015.4\lib\win64.o\librdi_common.dll
0x000007fece7e0000 - 0x000007feceb4e000 	D:\Xilinx\SDK\2015.4\lib\win64.o\libCOIN-all.dll
0x000007fed0ce0000 - 0x000007fed0efe000 	D:\Xilinx\SDK\2015.4\lib\win64.o\libXil_lmgr11.dll
0x000007fefb030000 - 0x000007fefb046000 	C:\Windows\system32\NETAPI32.dll
0x000007fefb020000 - 0x000007fefb02c000 	C:\Windows\system32\netutils.dll
0x000007fefc9e0000 - 0x000007fefca03000 	C:\Windows\system32\srvcli.dll
0x000007fefb000000 - 0x000007fefb015000 	C:\Windows\system32\wkscli.dll
0x000007fefcf80000 - 0x000007fefcfba000 	C:\Windows\system32\WINTRUST.dll
0x000007fef6fe0000 - 0x000007fef6ff0000 	D:\Xilinx\SDK\2015.4\lib\win64.o\libboost_date_time.dll
0x000007fef64e0000 - 0x000007fef6502000 	D:\Xilinx\SDK\2015.4\lib\win64.o\libboost_filesystem.dll
0x000007fef6fd0000 - 0x000007fef6fd9000 	D:\Xilinx\SDK\2015.4\lib\win64.o\libboost_system.dll
0x000007fef63f0000 - 0x000007fef6464000 	D:\Xilinx\SDK\2015.4\lib\win64.o\libboost_program_options.dll
0x000007fed04f0000 - 0x000007fed05ea000 	D:\Xilinx\SDK\2015.4\lib\win64.o\libboost_regex.dll
0x000007fef64c0000 - 0x000007fef64d3000 	D:\Xilinx\SDK\2015.4\lib\win64.o\libboost_signals.dll
0x000007fef64a0000 - 0x000007fef64bd000 	D:\Xilinx\SDK\2015.4\lib\win64.o\libboost_thread.dll
0x000007fef63e0000 - 0x000007fef63eb000 	D:\Xilinx\SDK\2015.4\lib\win64.o\libboost_chrono.dll
0x000007fef6490000 - 0x000007fef649b000 	D:\Xilinx\SDK\2015.4\lib\win64.o\libboost_xilinx.dll
0x000007fef62c0000 - 0x000007fef6340000 	D:\Xilinx\SDK\2015.4\lib\win64.o\libhdlpsolve.dll
0x000007fef6220000 - 0x000007fef62ba000 	D:\Xilinx\SDK\2015.4\lib\win64.o\libhdxml.dll
0x000007fece3a0000 - 0x000007fece7d4e00 	D:\Xilinx\SDK\2015.4\lib\win64.o\libisl_iostreams.dll
0x000007fef6200000 - 0x000007fef6216000 	D:\Xilinx\SDK\2015.4\lib\win64.o\libboost_iostreams.dll
0x000007fef61d0000 - 0x000007fef61f3000 	D:\Xilinx\SDK\2015.4\lib\win64.o\librdizlib.dll
0x000007fed0cb0000 - 0x000007fed0cd3000 	D:\Xilinx\SDK\2015.4\lib\win64.o\libisl_iosutils.dll
0x000007fed0740000 - 0x000007fed0755000 	D:\Xilinx\SDK\2015.4\lib\win64.o\pthreadVC2.dll
0x000007fed06e0000 - 0x000007fed0734000 	D:\Xilinx\SDK\2015.4\lib\win64.o\librdi_commonxillic.dll
0x000007fed03c0000 - 0x000007fed04f0000 	D:\Xilinx\SDK\2015.4\lib\win64.o\librdi_curl.dll
0x000007fef5fd0000 - 0x000007fef5fe8000 	D:\Xilinx\SDK\2015.4\lib\win64.o\librdiconfig.dll
0x0000000064260000 - 0x0000000064387000 	D:\Xilinx\SDK\2015.4\lib\win64.o\tcl85t.dll
0x0000000023b00000 - 0x0000000023d63000 	D:\Xilinx\SDK\2015.4\lib\win64.o\xerces-c_3_1.dll
0x000007fef0e30000 - 0x000007fef0e53000 	C:\Windows\system32\VCOMP110.DLL
0x000007fecd640000 - 0x000007fecd82c000 	D:\Xilinx\SDK\2015.4\lib\win64.o\librdi_hsm.dll
0x000007fed0690000 - 0x000007fed06d3000 	D:\Xilinx\SDK\2015.4\lib\win64.o\librdi_hdf.dll
0x000007fecd3e0000 - 0x000007fecd635000 	D:\Xilinx\SDK\2015.4\lib\win64.o\librdi_ippcw.dll
0x000007fefaa00000 - 0x000007fefaa07000 	C:\Windows\system32\msimg32.dll
0x000007fecc390000 - 0x000007feccba0000 	D:\Xilinx\SDK\2015.4\lib\win64.o\libXil_lmgr11FNP.dll
0x000007fefa090000 - 0x000007fefa09b000 	C:\Windows\system32\snmpapi.dll
0x000007fefdc40000 - 0x000007fefde17000 	C:\Windows\system32\SETUPAPI.dll
0x000007fefd2a0000 - 0x000007fefd2d6000 	C:\Windows\system32\CFGMGR32.dll
0x000007fefcfc0000 - 0x000007fefcfda000 	C:\Windows\system32\DEVOBJ.dll
0x000007fefcd30000 - 0x000007fefcd55000 	C:\Windows\system32\SspiCli.dll
0x0000000071080000 - 0x00000000710a6000 	D:\Xilinx\SDK\2015.4\eclipse\win64.o\plugins\gnu.io.rxtx.win32.x86_64_2.1.7.3_v20071015\os\win32\x86_64\rxtxSerial.dll
0x000007fed0670000 - 0x000007fed0686000 	D:\Xilinx\SDK\2015.4\eclipse\win64.o\plugins\org.eclipse.cdt.core.win32.x86_64_5.2.0.201402142303\os\win32\x86_64\spawner.dll
0x000007fed03b0000 - 0x000007fed03ba000 	D:\Xilinx\SDK\2015.4\lib\win64.o\librdi_jtag_settings.dll
0x000007fecfd90000 - 0x000007fecfdb9000 	D:\Xilinx\SDK\2015.4\lib\win64.o\librdi_debug_dialog.dll
0x000007fecfd80000 - 0x000007fecfd88000 	D:\Xilinx\SDK\2015.4\lib\win64.o\librdi_target_manager.dll
0x0000000063440000 - 0x0000000063443000 	C:\Windows\system32\icmp.Dll
0x000007fef4dd0000 - 0x000007fef4ef5000 	C:\Windows\system32\dbghelp.dll

VM Arguments:
jvm_args: -Dcom.xilinx.sdk.args.hwspec=E:/E_work/XILINXDesign/2016/Miz702/Miz702/15_Study/CH28/MIZ702/MIZ702.sdk/system_wrapper.hdf -Xms64m -Xmx512m & 
java_command: <unknown>
java_class_path (initial): D:\Xilinx\SDK\2015.4\eclipse\win64.o\\plugins/org.eclipse.equinox.launcher_1.3.0.v20130327-1440.jar
Launcher Type: generic

Environment Variables:
PATH=D:/Xilinx/SDK/2015.4/tps/win64/jre/bin/server;D:/Xilinx/SDK/2015.4/tps/win64/jre/bin;D:/Xilinx/SDK/2015.4/tps/win64/jre/lib/amd64;D:\Xilinx\SDK\2015.4\gnuwin\bin;D:\Xilinx\SDK\2015.4\gnu\microblaze\nt\bin;D:\Xilinx\SDK\2015.4\gnu\microblaze\linux_toolchain\nt64_le\bin;D:\Xilinx\SDK\2015.4\gnu\microblaze\linux_toolchain\nt64_be\bin;D:\Xilinx\SDK\2015.4\gnu\arm\nt\bin;D:\Xilinx\SDK\2015.4\gnu\aarch64\nt\aarch64-none\bin;D:\Xilinx\SDK\2015.4\gnu\aarch64\nt\aarch64-linux\bin;D:\Xilinx\SDK\2015.4\gnu\armr5\nt\gcc-arm-none-eabi\bin;D:\Xilinx\SDK\2015.4\gnu\aarch32\nt\gcc-arm-none-eabi\bin;D:\Xilinx\SDK\2015.4\gnu\aarch32\nt\gcc-arm-linux-gnueabi\bin;D:\Xilinx\SDK\2015.4\bin;D:\Xilinx\SDK\2015.4\lib\win64.o;D:\Xilinx\SDK\2015.4\tps\win64\jre\bin\server;D:\Xilinx\SDK\2015.4\tps\win64\jre\bin;D:\Xilinx\Vivado\2015.4\ids_lite\ISE\bin\nt64;D:\Xilinx\Vivado\2015.4\ids_lite\ISE\lib\nt64;D:\Xilinx\Vivado\2015.4\bin;D:\Xilinx\Vivado\2015.4\lib\win64.o;D:\Xilinx\Vivado\2015.4\tps\win64\jre\bin\server;D:\Xilinx\Vivado\2015.4\tps\win64\jre\bin;D:\Xilinx\Vivado_HLS\2015.4\bin;C:\Program Files (x86)\NVIDIA Corporation\PhysX\Common;C:\Windows\system32;C:\Windows;C:\Windows\System32\Wbem;C:\Windows\System32\WindowsPowerShell\v1.0\;D:\Program Files (x86)\Altium Designer Summer 09\System;e:\E_work\XILINXDesign\2016\Miz702\Miz702\15_Study\CH28\MIZ702;
USERNAME=Administrator
OS=Windows_NT
PROCESSOR_IDENTIFIER=Intel64 Family 6 Model 42 Stepping 7, GenuineIntel



---------------  S Y S T E M  ---------------

OS: Windows 7 , 64 bit Build 7601 (6.1.7601.19135)

CPU:total 8 (4 cores per cpu, 2 threads per core) family 6 model 42 stepping 7, cmov, cx8, fxsr, mmx, sse, sse2, sse3, ssse3, sse4.1, sse4.2, popcnt, avx, aes, clmul, ht, tsc, tscinvbit

Memory: 4k page, physical 8335200k(3317492k free), swap 16668564k(10996132k free)

vm_info: Java HotSpot(TM) 64-Bit Server VM (25.45-b02) for windows-amd64 JRE (1.8.0_45-b15), built on Apr 30 2015 12:40:44 by "java_re" with MS VC++ 10.0 (VS2010)

time: Tue Aug 09 23:37:21 2016
elapsed time: 897 seconds (0d 0h 14m 57s)

