#
# A fatal error has been detected by the Java Runtime Environment:
#
#  Internal Error (0xc000000d), pid=2240, tid=5108
#
# JRE version: Java(TM) SE Runtime Environment (8.0_45-b15) (build 1.8.0_45-b15)
# Java VM: Java HotSpot(TM) 64-Bit Server VM (25.45-b02 mixed mode windows-amd64 compressed oops)
# Problematic frame:
# C  [ntdll.dll+0x73b81]
#
# Failed to write core dump. Minidumps are not enabled by default on client versions of Windows
#
# If you would like to submit a bug report, please visit:
#   http://bugreport.java.com/bugreport/crash.jsp
#

---------------  T H R E A D  ---------------

Current thread (0x0000000014dd2800):  VMThread [stack: 0x0000000015d20000,0x0000000015e20000] [id=5108]

siginfo: ExceptionCode=0xc000000d

Registers:
RAX=0x000000006281694b, RBX=0x0000000000000000, RCX=0x0000000015e1ef10, RDX=0x0000000000000000
RSP=0x0000000015e1f520, RBP=0x00000000170fd5c0, RSI=0x000007fef0da7408, RDI=0x0000000015e1f668
R8 =0x0000000000000000, R9 =0x0000000000000000, R10=0x0000000000000000, R11=0x0000000000000246
R12=0x0000000017169660, R13=0x0000000017169630, R14=0x00000000170fd6c8, R15=0x0000000000000000
RIP=0x0000000077423b81, EFLAGS=0x0000000000000206

Top of Stack: (sp=0x0000000015e1f520)
0x0000000015e1f520:   0000000000000000 000007fef0da7408
0x0000000015e1f530:   0000000015e1f668 0000000000000000
0x0000000015e1f540:   0000000000000050 0000000000300000
0x0000000015e1f550:   0000000000000000 0000000000000000
0x0000000015e1f560:   0000000000000002 00000000773ff9b8
0x0000000015e1f570:   00000000c000000d 0000000000000000
0x0000000015e1f580:   0000000077423b81 0000000000000000
0x0000000015e1f590:   0000000000000000 0000000000000000
0x0000000015e1f5a0:   0000000000000000 0000000000000000
0x0000000015e1f5b0:   0000000000000000 0000000000000000
0x0000000015e1f5c0:   0000000000000000 0000000000000000
0x0000000015e1f5d0:   0000000000000000 0000000000000000
0x0000000015e1f5e0:   0000000000000000 0000000000000000
0x0000000015e1f5f0:   0000000000000000 0000000000000000
0x0000000015e1f600:   0000000000000000 0000000017169660
0x0000000015e1f610:   000000000000019c 00000000771d3328 

Instructions: (pc=0x0000000077423b81)
0x0000000077423b61:   1b ba fd ff b9 57 00 00 00 c7 44 24 50 0d 00 00
0x0000000077423b71:   c0 e8 09 bd fd ff 48 8d 4c 24 50 e8 3f 54 fa ff
0x0000000077423b81:   4c 8b 1d 50 a8 0b 00 4d 85 db 74 5b 65 48 8b 04
0x0000000077423b91:   25 30 00 00 00 f6 80 ee 17 00 00 08 74 12 65 48 


Register to memory mapping:

RAX=0x000000006281694b is an unknown value
RBX=0x0000000000000000 is an unknown value
RCX=0x0000000015e1ef10 is an unknown value
RDX=0x0000000000000000 is an unknown value
RSP=0x0000000015e1f520 is an unknown value
RBP=0x00000000170fd5c0 is an unknown value
RSI=0x000007fef0da7408 is an unknown value
RDI=0x0000000015e1f668 is an unknown value
R8 =0x0000000000000000 is an unknown value
R9 =0x0000000000000000 is an unknown value
R10=0x0000000000000000 is an unknown value
R11=0x0000000000000246 is an unknown value
R12=0x0000000017169660 is an unknown value
R13=0x0000000017169630 is an unknown value
R14=0x00000000170fd6c8 is an unknown value
R15=0x0000000000000000 is an unknown value


Stack: [0x0000000015d20000,0x0000000015e20000],  sp=0x0000000015e1f520,  free space=1021k
Native frames: (J=compiled Java code, j=interpreted, Vv=VM code, C=native code)
C  [ntdll.dll+0x73b81]
C  [kernel32.dll+0x43328]
C  [MSVCR110.dll+0x752d]
C  [MSVCR110.dll+0x73c6]
C  [MSVCR110.dll+0x14cca]
C  [MSVCR110.dll+0x13edc]
C  [MSVCR110.dll+0x239e]
C  [MSVCR110.dll+0xaf9e]
C  [MSVCP110.dll+0x397b9]
C  [librdi_common.dll+0x14283e]
C  [librdi_common.dll+0x141449]
C  0x000007fef6302400
C  0x000007fef6302682
C  [ntdll.dll+0x23a81]
C  [ntdll.dll+0x23890]
C  [MSVCR100.dll+0x20ccd]
V  [jvm.dll+0x20f135]
V  [jvm.dll+0x247ef7]
V  [jvm.dll+0x247196]
V  [jvm.dll+0x247631]
V  [jvm.dll+0x24784e]
V  [jvm.dll+0x29853a]
C  [MSVCR100.dll+0x21d9f]
C  [MSVCR100.dll+0x21e3b]
C  [kernel32.dll+0x15a4d]
C  [ntdll.dll+0x2b831]

VM_Operation (0x000000000012f500): Exit, mode: safepoint, requested by thread 0x0000000002338000


---------------  P R O C E S S  ---------------

Java Threads: ( => current thread )
  0x000000001bd3d800 JavaThread "Thread-18" daemon [_thread_blocked, id=2928, stack(0x0000000024890000,0x0000000024990000)]
  0x00000000191b3000 JavaThread "TCF Locator DNS Lookup" daemon [_thread_blocked, id=5568, stack(0x0000000019d40000,0x0000000019e40000)]
  0x00000000191b2800 JavaThread "TCF Locator Timer" daemon [_thread_blocked, id=2992, stack(0x0000000019c30000,0x0000000019d30000)]
  0x00000000191b1800 JavaThread "TCF Locator Receiver" daemon [_thread_blocked, id=3656, stack(0x0000000019b20000,0x0000000019c20000)]
  0x00000000191b0000 JavaThread "TCF Timer Dispatcher" daemon [_thread_blocked, id=5088, stack(0x00000000198f0000,0x00000000199f0000)]
  0x000000001b245800 JavaThread "EMF Reference Cleaner" daemon [_thread_blocked, id=1964, stack(0x000000001b920000,0x000000001ba20000)]
  0x0000000014ec8800 JavaThread "Service Thread" daemon [_thread_blocked, id=5516, stack(0x0000000016620000,0x0000000016720000)]
  0x0000000014e52800 JavaThread "C1 CompilerThread3" daemon [_thread_blocked, id=4888, stack(0x0000000016520000,0x0000000016620000)]
  0x0000000014e4c000 JavaThread "C2 CompilerThread2" daemon [_thread_blocked, id=1956, stack(0x0000000016420000,0x0000000016520000)]
  0x0000000014e46800 JavaThread "C2 CompilerThread1" daemon [_thread_blocked, id=4344, stack(0x0000000016320000,0x0000000016420000)]
  0x0000000014e42800 JavaThread "C2 CompilerThread0" daemon [_thread_blocked, id=660, stack(0x0000000016220000,0x0000000016320000)]
  0x0000000014e34800 JavaThread "Attach Listener" daemon [_thread_blocked, id=4616, stack(0x0000000016120000,0x0000000016220000)]
  0x0000000014e3e800 JavaThread "Signal Dispatcher" daemon [_thread_blocked, id=6516, stack(0x0000000016020000,0x0000000016120000)]
  0x0000000013c5e000 JavaThread "Finalizer" daemon [_thread_blocked, id=3408, stack(0x0000000015f20000,0x0000000016020000)]
  0x0000000013c55000 JavaThread "Reference Handler" daemon [_thread_blocked, id=6952, stack(0x0000000015e20000,0x0000000015f20000)]
  0x0000000002338000 JavaThread "main" [_thread_blocked, id=6836, stack(0x0000000000030000,0x0000000000130000)]

Other Threads:
=>0x0000000014dd2800 VMThread [stack: 0x0000000015d20000,0x0000000015e20000] [id=5108]

VM state:at safepoint (shutting down)

VM Mutex/Monitor currently owned by a thread:  ([mutex/lock_event])
[0x000000000249e2d0] Threads_lock - owner thread: 0x0000000014dd2800

Heap:
 PSYoungGen      total 104448K, used 47932K [0x00000000f5580000, 0x00000000fc700000, 0x0000000100000000)
  eden space 100352K, 47% used [0x00000000f5580000,0x00000000f844f098,0x00000000fb780000)
  from space 4096K, 0% used [0x00000000fbe00000,0x00000000fbe00000,0x00000000fc200000)
  to   space 6656K, 0% used [0x00000000fb780000,0x00000000fb780000,0x00000000fbe00000)
 ParOldGen       total 102400K, used 46208K [0x00000000e0000000, 0x00000000e6400000, 0x00000000f5580000)
  object space 102400K, 45% used [0x00000000e0000000,0x00000000e2d20190,0x00000000e6400000)
 Metaspace       used 87732K, capacity 94258K, committed 94592K, reserved 1130496K
  class space    used 11028K, capacity 13110K, committed 13184K, reserved 1048576K

Card table byte_map: [0x0000000011860000,0x0000000011970000] byte_map_base: 0x0000000011160000

Marking Bits: (ParMarkBitMap*) 0x000000005b214040
 Begin Bits: [0x0000000012170000, 0x0000000012970000)
 End Bits:   [0x0000000012970000, 0x0000000013170000)

Polling page: 0x0000000000500000

CodeCache: size=245760Kb used=30954Kb max_used=31403Kb free=214805Kb
 bounds [0x00000000024a0000, 0x00000000043a0000, 0x00000000114a0000]
 total_blobs=9423 nmethods=8563 adapters=767
 compilation: enabled

Compilation events (10 events):
Event: 2602.533 Thread 0x0000000014e52800 10773       1       org.eclipse.osgi.internal.loader.BundleLoaderProxy::getBasicBundleLoader (5 bytes)
Event: 2602.533 Thread 0x0000000014e52800 nmethod 10773 0x0000000002701890 code [0x00000000027019e0, 0x0000000002701af0]
Event: 2602.533 Thread 0x0000000014e52800 10774       1       org.eclipse.osgi.internal.loader.BundleLoaderProxy::getBundleData (5 bytes)
Event: 2602.533 Thread 0x0000000014e52800 nmethod 10774 0x0000000002963890 code [0x00000000029639e0, 0x0000000002963af0]
Event: 2602.546 Thread 0x0000000014e52800 10777       3       java.io.File::list (33 bytes)
Event: 2602.547 Thread 0x0000000014e52800 nmethod 10777 0x0000000002efe650 code [0x0000000002efe820, 0x0000000002efef68]
Event: 2602.553 Thread 0x0000000014e52800 10778   !   3       org.eclipse.osgi.internal.baseadaptor.BaseStorage::compact (215 bytes)
Event: 2602.554 Thread 0x0000000014e52800 nmethod 10778 0x000000000415bcd0 code [0x000000000415c120, 0x000000000415e5e8]
Event: 2602.557 Thread 0x0000000014e52800 10779       3       org.eclipse.osgi.framework.internal.core.AbstractBundle::close (52 bytes)
Event: 2602.557 Thread 0x0000000014e52800 nmethod 10779 0x0000000003d50a90 code [0x0000000003d50cc0, 0x0000000003d519c8]

GC Heap History (10 events):
Event: 2268.323 GC heap before
{Heap before GC invocations=87 (full 39):
 PSYoungGen      total 107008K, used 160K [0x00000000f5580000, 0x00000000fc300000, 0x0000000100000000)
  eden space 102912K, 0% used [0x00000000f5580000,0x00000000f5580000,0x00000000fba00000)
  from space 4096K, 3% used [0x00000000fbf00000,0x00000000fbf28000,0x00000000fc300000)
  to   space 4608K, 0% used [0x00000000fba00000,0x00000000fba00000,0x00000000fbe80000)
 ParOldGen       total 102400K, used 39042K [0x00000000e0000000, 0x00000000e6400000, 0x00000000f5580000)
  object space 102400K, 38% used [0x00000000e0000000,0x00000000e2620830,0x00000000e6400000)
 Metaspace       used 82969K, capacity 89560K, committed 89856K, reserved 1126400K
  class space    used 10456K, capacity 12512K, committed 12544K, reserved 1048576K
Event: 2268.415 GC heap after
Heap after GC invocations=87 (full 39):
 PSYoungGen      total 107008K, used 0K [0x00000000f5580000, 0x00000000fc300000, 0x0000000100000000)
  eden space 102912K, 0% used [0x00000000f5580000,0x00000000f5580000,0x00000000fba00000)
  from space 4096K, 0% used [0x00000000fbf00000,0x00000000fbf00000,0x00000000fc300000)
  to   space 4608K, 0% used [0x00000000fba00000,0x00000000fba00000,0x00000000fbe80000)
 ParOldGen       total 102400K, used 39038K [0x00000000e0000000, 0x00000000e6400000, 0x00000000f5580000)
  object space 102400K, 38% used [0x00000000e0000000,0x00000000e261fa00,0x00000000e6400000)
 Metaspace       used 82969K, capacity 89560K, committed 89856K, reserved 1126400K
  class space    used 10456K, capacity 12512K, committed 12544K, reserved 1048576K
}
Event: 2328.330 GC heap before
{Heap before GC invocations=88 (full 39):
 PSYoungGen      total 107008K, used 4002K [0x00000000f5580000, 0x00000000fc300000, 0x0000000100000000)
  eden space 102912K, 3% used [0x00000000f5580000,0x00000000f5968a10,0x00000000fba00000)
  from space 4096K, 0% used [0x00000000fbf00000,0x00000000fbf00000,0x00000000fc300000)
  to   space 4608K, 0% used [0x00000000fba00000,0x00000000fba00000,0x00000000fbe80000)
 ParOldGen       total 102400K, used 39038K [0x00000000e0000000, 0x00000000e6400000, 0x00000000f5580000)
  object space 102400K, 38% used [0x00000000e0000000,0x00000000e261fa00,0x00000000e6400000)
 Metaspace       used 82970K, capacity 89560K, committed 89856K, reserved 1126400K
  class space    used 10456K, capacity 12512K, committed 12544K, reserved 1048576K
Event: 2328.333 GC heap after
Heap after GC invocations=88 (full 39):
 PSYoungGen      total 103424K, used 160K [0x00000000f5580000, 0x00000000fc200000, 0x0000000100000000)
  eden space 102912K, 0% used [0x00000000f5580000,0x00000000f5580000,0x00000000fba00000)
  from space 512K, 31% used [0x00000000fba00000,0x00000000fba28000,0x00000000fba80000)
  to   space 4096K, 0% used [0x00000000fbe00000,0x00000000fbe00000,0x00000000fc200000)
 ParOldGen       total 102400K, used 39038K [0x00000000e0000000, 0x00000000e6400000, 0x00000000f5580000)
  object space 102400K, 38% used [0x00000000e0000000,0x00000000e261fa00,0x00000000e6400000)
 Metaspace       used 82970K, capacity 89560K, committed 89856K, reserved 1126400K
  class space    used 10456K, capacity 12512K, committed 12544K, reserved 1048576K
}
Event: 2328.333 GC heap before
{Heap before GC invocations=89 (full 40):
 PSYoungGen      total 103424K, used 160K [0x00000000f5580000, 0x00000000fc200000, 0x0000000100000000)
  eden space 102912K, 0% used [0x00000000f5580000,0x00000000f5580000,0x00000000fba00000)
  from space 512K, 31% used [0x00000000fba00000,0x00000000fba28000,0x00000000fba80000)
  to   space 4096K, 0% used [0x00000000fbe00000,0x00000000fbe00000,0x00000000fc200000)
 ParOldGen       total 102400K, used 39038K [0x00000000e0000000, 0x00000000e6400000, 0x00000000f5580000)
  object space 102400K, 38% used [0x00000000e0000000,0x00000000e261fa00,0x00000000e6400000)
 Metaspace       used 82970K, capacity 89560K, committed 89856K, reserved 1126400K
  class space    used 10456K, capacity 12512K, committed 12544K, reserved 1048576K
Event: 2328.414 GC heap after
Heap after GC invocations=89 (full 40):
 PSYoungGen      total 103424K, used 0K [0x00000000f5580000, 0x00000000fc200000, 0x0000000100000000)
  eden space 102912K, 0% used [0x00000000f5580000,0x00000000f5580000,0x00000000fba00000)
  from space 512K, 0% used [0x00000000fba00000,0x00000000fba00000,0x00000000fba80000)
  to   space 4096K, 0% used [0x00000000fbe00000,0x00000000fbe00000,0x00000000fc200000)
 ParOldGen       total 102400K, used 39038K [0x00000000e0000000, 0x00000000e6400000, 0x00000000f5580000)
  object space 102400K, 38% used [0x00000000e0000000,0x00000000e261fbd8,0x00000000e6400000)
 Metaspace       used 82970K, capacity 89560K, committed 89856K, reserved 1126400K
  class space    used 10456K, capacity 12512K, committed 12544K, reserved 1048576K
}
Event: 2396.889 GC heap before
{Heap before GC invocations=90 (full 40):
 PSYoungGen      total 103424K, used 48745K [0x00000000f5580000, 0x00000000fc200000, 0x0000000100000000)
  eden space 102912K, 47% used [0x00000000f5580000,0x00000000f851a598,0x00000000fba00000)
  from space 512K, 0% used [0x00000000fba00000,0x00000000fba00000,0x00000000fba80000)
  to   space 4096K, 0% used [0x00000000fbe00000,0x00000000fbe00000,0x00000000fc200000)
 ParOldGen       total 102400K, used 39038K [0x00000000e0000000, 0x00000000e6400000, 0x00000000f5580000)
  object space 102400K, 38% used [0x00000000e0000000,0x00000000e261fbd8,0x00000000e6400000)
 Metaspace       used 86888K, capacity 93686K, committed 93952K, reserved 1130496K
  class space    used 10933K, capacity 13010K, committed 13056K, reserved 1048576K
Event: 2396.892 GC heap after
Heap after GC invocations=90 (full 40):
 PSYoungGen      total 104448K, used 4086K [0x00000000f5580000, 0x00000000fc700000, 0x0000000100000000)
  eden space 100352K, 0% used [0x00000000f5580000,0x00000000f5580000,0x00000000fb780000)
  from space 4096K, 99% used [0x00000000fbe00000,0x00000000fc1fd910,0x00000000fc200000)
  to   space 6656K, 0% used [0x00000000fb780000,0x00000000fb780000,0x00000000fbe00000)
 ParOldGen       total 102400K, used 42851K [0x00000000e0000000, 0x00000000e6400000, 0x00000000f5580000)
  object space 102400K, 41% used [0x00000000e0000000,0x00000000e29d8c28,0x00000000e6400000)
 Metaspace       used 86888K, capacity 93686K, committed 93952K, reserved 1130496K
  class space    used 10933K, capacity 13010K, committed 13056K, reserved 1048576K
}
Event: 2396.892 GC heap before
{Heap before GC invocations=91 (full 41):
 PSYoungGen      total 104448K, used 4086K [0x00000000f5580000, 0x00000000fc700000, 0x0000000100000000)
  eden space 100352K, 0% used [0x00000000f5580000,0x00000000f5580000,0x00000000fb780000)
  from space 4096K, 99% used [0x00000000fbe00000,0x00000000fc1fd910,0x00000000fc200000)
  to   space 6656K, 0% used [0x00000000fb780000,0x00000000fb780000,0x00000000fbe00000)
 ParOldGen       total 102400K, used 42851K [0x00000000e0000000, 0x00000000e6400000, 0x00000000f5580000)
  object space 102400K, 41% used [0x00000000e0000000,0x00000000e29d8c28,0x00000000e6400000)
 Metaspace       used 86888K, capacity 93686K, committed 93952K, reserved 1130496K
  class space    used 10933K, capacity 13010K, committed 13056K, reserved 1048576K
Event: 2397.102 GC heap after
Heap after GC invocations=91 (full 41):
 PSYoungGen      total 104448K, used 0K [0x00000000f5580000, 0x00000000fc700000, 0x0000000100000000)
  eden space 100352K, 0% used [0x00000000f5580000,0x00000000f5580000,0x00000000fb780000)
  from space 4096K, 0% used [0x00000000fbe00000,0x00000000fbe00000,0x00000000fc200000)
  to   space 6656K, 0% used [0x00000000fb780000,0x00000000fb780000,0x00000000fbe00000)
 ParOldGen       total 102400K, used 46208K [0x00000000e0000000, 0x00000000e6400000, 0x00000000f5580000)
  object space 102400K, 45% used [0x00000000e0000000,0x00000000e2d20190,0x00000000e6400000)
 Metaspace       used 86888K, capacity 93686K, committed 93952K, reserved 1130496K
  class space    used 10933K, capacity 13010K, committed 13056K, reserved 1048576K
}

Deoptimization events (10 events):
Event: 2417.650 Thread 0x0000000002338000 Uncommon trap: reason=unstable_if action=reinterpret pc=0x00000000030c0d80 method=java.util.ArrayList.toArray([Ljava/lang/Object;)[Ljava/lang/Object; @ 48
Event: 2417.654 Thread 0x0000000002338000 Uncommon trap: reason=unstable_if action=reinterpret pc=0x0000000002e2dc14 method=org.eclipse.e4.ui.internal.workbench.swt.PartRenderingEngine.someAreVisible(Ljava/util/List;)Z @ 41
Event: 2417.661 Thread 0x0000000002338000 Uncommon trap: reason=unstable_if action=reinterpret pc=0x0000000003686d18 method=org.eclipse.emf.ecore.impl.MinimalEObjectImpl.setField(ILjava/lang/Object;)V @ 9
Event: 2417.661 Thread 0x0000000002338000 Uncommon trap: reason=unstable_if action=reinterpret pc=0x00000000040878b4 method=org.eclipse.emf.ecore.impl.MinimalEObjectImpl.setField(ILjava/lang/Object;)V @ 9
Event: 2417.676 Thread 0x0000000002338000 Uncommon trap: reason=unstable_if action=reinterpret pc=0x000000000428f578 method=org.eclipse.equinox.internal.event.EventHandlerTracker.getHandlers(Ljava/lang/String;)Ljava/util/Set; @ 28
Event: 2417.678 Thread 0x0000000002338000 Uncommon trap: reason=class_check action=maybe_recompile pc=0x0000000004362d80 method=org.eclipse.e4.core.internal.contexts.ContextObjectSupplier$ContextInjectionListener.update(Lorg/eclipse/e4/core/contexts/IEclipseContext;I[Ljava/lang/Object;)Z @ 173
Event: 2417.678 Thread 0x0000000002338000 Uncommon trap: reason=class_check action=maybe_recompile pc=0x0000000004362d80 method=org.eclipse.e4.core.internal.contexts.ContextObjectSupplier$ContextInjectionListener.update(Lorg/eclipse/e4/core/contexts/IEclipseContext;I[Ljava/lang/Object;)Z @ 173
Event: 2602.462 Thread 0x0000000002338000 Uncommon trap: reason=null_check action=make_not_entrant pc=0x0000000002fcd688 method=org.eclipse.core.runtime.internal.adaptor.EclipseLazyStarter.shouldActivateFor(Ljava/lang/String;Lorg/eclipse/osgi/baseadaptor/BaseData;Lorg/eclipse/core/runtime/internalºÈ¬U¤@
Event: 2602.507 Thread 0x0000000018d7c800 Uncommon trap: reason=unstable_if action=reinterpret pc=0x000000000305bbd0 method=org.eclipse.osgi.framework.internal.core.BundleContextImpl.dispatchEvent(Ljava/lang/Object;Ljava/lang/Object;ILjava/lang/Object;)V @ 16
Event: 2602.513 Thread 0x00000000191b4000 Uncommon trap: reason=unstable_if action=reinterpret pc=0x0000000004161c7c method=org.eclipse.core.internal.jobs.JobManager.nextJob()Lorg/eclipse/core/runtime/jobs/Job; @ 80

Internal exceptions (10 events):
Event: 2417.414 Thread 0x0000000002338000 Implicit null exception at 0x0000000002701a0c to 0x0000000002701a69
Event: 2418.837 Thread 0x00000000191ae800 Exception <a 'java/net/ConnectException': Connection refused: connect> (0x00000000f7a0da40) thrown at [C:\re\workspace\8-2-build-windows-amd64-cygwin\jdk8u45\3627\hotspot\src\share\vm\prims\jni.cpp, line 735]
Event: 2429.523 Thread 0x00000000191b7000 Exception <a 'java/lang/InterruptedException'> (0x00000000f7ad0240) thrown at [C:\re\workspace\8-2-build-windows-amd64-cygwin\jdk8u45\3627\hotspot\src\share\vm\runtime\objectMonitor.cpp, line 1683]
Event: 2601.395 Thread 0x000000001bd3b000 Exception <a 'java/lang/InterruptedException'> (0x00000000f7ef6730) thrown at [C:\re\workspace\8-2-build-windows-amd64-cygwin\jdk8u45\3627\hotspot\src\share\vm\runtime\objectMonitor.cpp, line 1683]
Event: 2602.337 Thread 0x00000000191ba800 Exception <a 'java/net/ConnectException': Connection refused: connect> (0x00000000f7b1f468) thrown at [C:\re\workspace\8-2-build-windows-amd64-cygwin\jdk8u45\3627\hotspot\src\share\vm\prims\jni.cpp, line 735]
Event: 2602.462 Thread 0x0000000002338000 Implicit null exception at 0x0000000002fcbd27 to 0x0000000002fcd665
Event: 2602.532 Thread 0x0000000016ca9800 Exception <a 'java/lang/InterruptedException': sleep interrupted> (0x00000000f828f538) thrown at [C:\re\workspace\8-2-build-windows-amd64-cygwin\jdk8u45\3627\hotspot\src\share\vm\prims\jvm.cpp, line 3211]
Event: 2602.534 Thread 0x000000001be0f000 Exception <a 'java/lang/InterruptedException'> (0x00000000f8114420) thrown at [C:\re\workspace\8-2-build-windows-amd64-cygwin\jdk8u45\3627\hotspot\src\share\vm\runtime\objectMonitor.cpp, line 1683]
Event: 2602.534 Thread 0x0000000018c9c000 Exception <a 'java/lang/InterruptedException'> (0x00000000f838a2f8) thrown at [C:\re\workspace\8-2-build-windows-amd64-cygwin\jdk8u45\3627\hotspot\src\share\vm\runtime\objectMonitor.cpp, line 1683]
Event: 2602.557 Thread 0x0000000018d7c800 Exception <a 'java/lang/InterruptedException'> (0x00000000f828d1b0) thrown at [C:\re\workspace\8-2-build-windows-amd64-cygwin\jdk8u45\3627\hotspot\src\share\vm\runtime\objectMonitor.cpp, line 1683]

Events (10 events):
Event: 2602.534 Thread 0x0000000018c9c000 Thread exited: 0x0000000018c9c000
Event: 2602.557 loading class java/util/IdentityHashMap$KeyIterator
Event: 2602.557 loading class java/util/IdentityHashMap$IdentityHashMapIterator
Event: 2602.557 loading class java/util/IdentityHashMap$IdentityHashMapIterator done
Event: 2602.557 loading class java/util/IdentityHashMap$KeyIterator done
Event: 2602.557 Thread 0x000000001697d800 Thread exited: 0x000000001697d800
Event: 2602.557 Thread 0x0000000018d7c800 Thread exited: 0x0000000018d7c800
Event: 2602.557 Thread 0x00000000191ae000 Thread added: 0x00000000191ae000
Event: 2602.558 Thread 0x00000000191ae000 Thread exited: 0x00000000191ae000
Event: 2602.559 Executing VM operation: Exit


Dynamic libraries:
0x0000000000400000 - 0x000000000044f000 	D:\Xilinx\SDK\2015.4\eclipse\win64.o\eclipse.exe
0x00000000773b0000 - 0x0000000077559000 	C:\Windows\SYSTEM32\ntdll.dll
0x0000000077190000 - 0x00000000772b0000 	C:\Windows\system32\kernel32.dll
0x000007fefd2b0000 - 0x000007fefd31c000 	C:\Windows\system32\KERNELBASE.dll
0x00000000772b0000 - 0x00000000773aa000 	C:\Windows\system32\USER32.dll
0x000007feff650000 - 0x000007feff6b7000 	C:\Windows\system32\GDI32.dll
0x000007fefdef0000 - 0x000007fefdefe000 	C:\Windows\system32\LPK.dll
0x000007fefef60000 - 0x000007feff029000 	C:\Windows\system32\USP10.dll
0x000007feff0b0000 - 0x000007feff14f000 	C:\Windows\system32\msvcrt.dll
0x000007fefb980000 - 0x000007fefbb74000 	C:\Windows\WinSxS\amd64_microsoft.windows.common-controls_6595b64144ccf1df_6.0.7601.18837_none_fa3b1e3d17594757\COMCTL32.dll
0x000007fefd8d0000 - 0x000007fefd941000 	C:\Windows\system32\SHLWAPI.dll
0x000007feff150000 - 0x000007feff17e000 	C:\Windows\system32\IMM32.DLL
0x000007feff540000 - 0x000007feff649000 	C:\Windows\system32\MSCTF.dll
0x0000000072000000 - 0x0000000072012000 	D:\Xilinx\SDK\2015.4\eclipse\win64.o\plugins\org.eclipse.equinox.launcher.win32.win32.x86_64_1.1.200.v20140116-2212\eclipse_1503.dll
0x000007fefd5c0000 - 0x000007fefd69b000 	C:\Windows\system32\ADVAPI32.dll
0x000007fefdca0000 - 0x000007fefdcbf000 	C:\Windows\SYSTEM32\sechost.dll
0x000007feff180000 - 0x000007feff2ad000 	C:\Windows\system32\RPCRT4.dll
0x000007fefc2c0000 - 0x000007fefc2cc000 	C:\Windows\system32\VERSION.dll
0x000007fefb920000 - 0x000007fefb976000 	C:\Windows\system32\uxtheme.dll
0x000007fefd0a0000 - 0x000007fefd0f7000 	C:\Windows\system32\apphelp.dll
0x000007fef7870000 - 0x000007fef7c27000 	C:\Windows\system32\QQPINYIN.IME
0x000007fefef10000 - 0x000007fefef5d000 	C:\Windows\system32\WS2_32.dll
0x000007fefd5b0000 - 0x000007fefd5b8000 	C:\Windows\system32\NSI.dll
0x000007fefc440000 - 0x000007fefc451000 	C:\Windows\system32\WTSAPI32.dll
0x000007fefe000000 - 0x000007fefed89000 	C:\Windows\system32\SHELL32.dll
0x000007fefdce0000 - 0x000007fefdee3000 	C:\Windows\system32\ole32.dll
0x000007fefed90000 - 0x000007fefee67000 	C:\Windows\system32\OLEAUT32.dll
0x000007fefaf50000 - 0x000007fefaf57000 	C:\Windows\system32\MSIMG32.dll
0x000007fefb220000 - 0x000007fefb236000 	C:\Windows\system32\NETAPI32.dll
0x000007fefb210000 - 0x000007fefb21c000 	C:\Windows\system32\netutils.dll
0x000007fefcc00000 - 0x000007fefcc23000 	C:\Windows\system32\srvcli.dll
0x000007fefb1f0000 - 0x000007fefb205000 	C:\Windows\system32\wkscli.dll
0x000007fefd1f0000 - 0x000007fefd1ff000 	C:\Windows\system32\profapi.dll
0x000007fefd100000 - 0x000007fefd13d000 	C:\Windows\system32\WINSTA.dll
0x000000005aa10000 - 0x000000005b293000 	D:\Xilinx\SDK\2015.4\tps\win64\jre\bin\server\jvm.dll
0x000007fef3840000 - 0x000007fef3849000 	C:\Windows\system32\WSOCK32.dll
0x000007fef8100000 - 0x000007fef813b000 	C:\Windows\system32\WINMM.dll
0x0000000077580000 - 0x0000000077587000 	C:\Windows\system32\PSAPI.DLL
0x000000005e1d0000 - 0x000000005e2a2000 	C:\Windows\system32\MSVCR100.dll
0x0000000072b00000 - 0x0000000072b0f000 	D:\Xilinx\SDK\2015.4\tps\win64\jre\bin\verify.dll
0x0000000072ad0000 - 0x0000000072af9000 	D:\Xilinx\SDK\2015.4\tps\win64\jre\bin\java.dll
0x0000000072ab0000 - 0x0000000072ac6000 	D:\Xilinx\SDK\2015.4\tps\win64\jre\bin\zip.dll
0x000007fefcac0000 - 0x000007fefcad7000 	C:\Windows\system32\CRYPTSP.dll
0x000007fefc6c0000 - 0x000007fefc707000 	C:\Windows\system32\rsaenh.dll
0x000007fefd550000 - 0x000007fefd56e000 	C:\Windows\system32\USERENV.dll
0x000007fefcff0000 - 0x000007fefcfff000 	C:\Windows\system32\CRYPTBASE.dll
0x0000000072a90000 - 0x0000000072aaa000 	D:\Xilinx\SDK\2015.4\tps\win64\jre\bin\net.dll
0x000007fefca60000 - 0x000007fefcab5000 	C:\Windows\system32\mswsock.dll
0x000007fefcaf0000 - 0x000007fefcaf7000 	C:\Windows\System32\wship6.dll
0x000007fefa4a0000 - 0x000007fefa4c7000 	C:\Windows\system32\IPHLPAPI.DLL
0x000007fefa490000 - 0x000007fefa49b000 	C:\Windows\system32\WINNSI.DLL
0x000007fefa220000 - 0x000007fefa238000 	C:\Windows\system32\dhcpcsvc.DLL
0x000007fefa2a0000 - 0x000007fefa2b1000 	C:\Windows\system32\dhcpcsvc6.DLL
0x0000000072a70000 - 0x0000000072a81000 	D:\Xilinx\SDK\2015.4\tps\win64\jre\bin\nio.dll
0x000007fefb820000 - 0x000007fefb838000 	C:\Windows\system32\dwmapi.dll
0x000007fefadc0000 - 0x000007fefadd5000 	C:\Windows\system32\NLAapi.dll
0x000007fef8570000 - 0x000007fef8585000 	C:\Windows\system32\napinsp.dll
0x000007fef8550000 - 0x000007fef8569000 	C:\Windows\system32\pnrpnsp.dll
0x000007fefc870000 - 0x000007fefc8cb000 	C:\Windows\system32\DNSAPI.dll
0x000007fef8540000 - 0x000007fef854b000 	C:\Windows\System32\winrnr.dll
0x000007fefc820000 - 0x000007fefc827000 	C:\Windows\System32\wshtcpip.dll
0x000007fef8b00000 - 0x000007fef8b08000 	C:\Windows\system32\rasadhlp.dll
0x000007fefa310000 - 0x000007fefa363000 	C:\Windows\System32\fwpuclnt.dll
0x00000000175c0000 - 0x0000000017668000 	C:\Users\Administrator\.Xilinx\SDK\2015.4\org.eclipse.osgi\bundles\303\1\.cp\swt-win32-4335.dll
0x000007fefee70000 - 0x000007fefef07000 	C:\Windows\system32\comdlg32.dll
0x000007fef8080000 - 0x000007fef80f1000 	C:\Windows\system32\WINSPOOL.DRV
0x000007fefd6a0000 - 0x000007fefd8cc000 	C:\Windows\system32\WININET.dll
0x000007fefd330000 - 0x000007fefd334000 	C:\Windows\system32\api-ms-win-downlevel-user32-l1-1-0.dll
0x000007fefd500000 - 0x000007fefd505000 	C:\Windows\system32\api-ms-win-downlevel-advapi32-l1-1-0.dll
0x000007fefd320000 - 0x000007fefd324000 	C:\Windows\system32\api-ms-win-downlevel-shlwapi-l1-1-0.dll
0x000007fefd340000 - 0x000007fefd344000 	C:\Windows\system32\api-ms-win-downlevel-version-l1-1-0.dll
0x000007fefd5a0000 - 0x000007fefd5a3000 	C:\Windows\system32\api-ms-win-downlevel-normaliz-l1-1-0.dll
0x0000000077570000 - 0x0000000077573000 	C:\Windows\system32\normaliz.DLL
0x000007feff2b0000 - 0x000007feff53e000 	C:\Windows\system32\iertutil.dll
0x000007fefd390000 - 0x000007fefd4fc000 	C:\Windows\system32\CRYPT32.dll
0x000007fefd200000 - 0x000007fefd20f000 	C:\Windows\system32\MSASN1.dll
0x000007fefbbd0000 - 0x000007fefbcfc000 	C:\Windows\system32\propsys.dll
0x000007fefdf00000 - 0x000007fefdf99000 	C:\Windows\system32\CLBCatQ.DLL
0x0000000017080000 - 0x000000001709e000 	C:\Users\Administrator\.Xilinx\SDK\2015.4\org.eclipse.osgi\bundles\303\1\.cp\swt-gdip-win32-4335.dll
0x000007fefb5e0000 - 0x000007fefb7f6000 	C:\Windows\WinSxS\amd64_microsoft.windows.gdiplus_6595b64144ccf1df_1.1.7601.18946_none_2b27281071eac12c\gdiplus.dll
0x000007fefb330000 - 0x000007fefb491000 	C:\Windows\system32\WindowsCodecs.dll
0x0000000180000000 - 0x0000000180012000 	C:\Users\Administrator\.Xilinx\SDK\2015.4\org.eclipse.osgi\bundles\121\1\.cp\os\win32\x86_64\localfile_1_0_0.dll
0x000007fef8e20000 - 0x000007fef8e31000 	C:\Users\Administrator\.Xilinx\SDK\2015.4\org.eclipse.osgi\bundles\124\1\.cp\jWinHttp-1.0.0.dll
0x000007fef9530000 - 0x000007fef95a1000 	C:\Windows\system32\WINHTTP.dll
0x000007fef94c0000 - 0x000007fef9524000 	C:\Windows\system32\webio.dll
0x000007fef7e00000 - 0x000007fef7e54000 	C:\Windows\system32\oleacc.dll
0x000007fefd140000 - 0x000007fefd154000 	C:\Windows\system32\RpcRtRemote.dll
0x000007fefb8d0000 - 0x000007fefb8df000 	D:\Xilinx\SDK\2015.4\lib\win64.o\librdi_repo_manager.dll
0x000007fef8d50000 - 0x000007fef8d7a000 	D:\Xilinx\SDK\2015.4\lib\win64.o\libisl_sysinfo.dll
0x000007fef0da0000 - 0x000007fef0e74000 	C:\Windows\system32\MSVCR110.dll
0x000007fef0c50000 - 0x000007fef0cf7000 	C:\Windows\system32\MSVCP110.dll
0x000007fecb040000 - 0x000007fecb9cd000 	D:\Xilinx\SDK\2015.4\lib\win64.o\librdi_common.dll
0x000007fef5610000 - 0x000007fef597e000 	D:\Xilinx\SDK\2015.4\lib\win64.o\libCOIN-all.dll
0x000007fef5ad0000 - 0x000007fef5cee000 	D:\Xilinx\SDK\2015.4\lib\win64.o\libXil_lmgr11.dll
0x000007fefd350000 - 0x000007fefd38a000 	C:\Windows\system32\WINTRUST.dll
0x000007fefa4d0000 - 0x000007fefa4e0000 	D:\Xilinx\SDK\2015.4\lib\win64.o\libboost_date_time.dll
0x000007fef8d20000 - 0x000007fef8d42000 	D:\Xilinx\SDK\2015.4\lib\win64.o\libboost_filesystem.dll
0x000007fefb260000 - 0x000007fefb269000 	D:\Xilinx\SDK\2015.4\lib\win64.o\libboost_system.dll
0x000007fef8ca0000 - 0x000007fef8d14000 	D:\Xilinx\SDK\2015.4\lib\win64.o\libboost_program_options.dll
0x000007fef59d0000 - 0x000007fef5aca000 	D:\Xilinx\SDK\2015.4\lib\win64.o\libboost_regex.dll
0x000007fef8c80000 - 0x000007fef8c93000 	D:\Xilinx\SDK\2015.4\lib\win64.o\libboost_signals.dll
0x000007fef8a50000 - 0x000007fef8a6d000 	D:\Xilinx\SDK\2015.4\lib\win64.o\libboost_thread.dll
0x000007fefa480000 - 0x000007fefa48b000 	D:\Xilinx\SDK\2015.4\lib\win64.o\libboost_chrono.dll
0x000007fef8710000 - 0x000007fef871b000 	D:\Xilinx\SDK\2015.4\lib\win64.o\libboost_xilinx.dll
0x000007fef5590000 - 0x000007fef5610000 	D:\Xilinx\SDK\2015.4\lib\win64.o\libhdlpsolve.dll
0x000007fef4760000 - 0x000007fef47fa000 	D:\Xilinx\SDK\2015.4\lib\win64.o\libhdxml.dll
0x000007fecce40000 - 0x000007fecd274e00 	D:\Xilinx\SDK\2015.4\lib\win64.o\libisl_iostreams.dll
0x000007fef7fc0000 - 0x000007fef7fd6000 	D:\Xilinx\SDK\2015.4\lib\win64.o\libboost_iostreams.dll
0x000007fef63a0000 - 0x000007fef63c3000 	D:\Xilinx\SDK\2015.4\lib\win64.o\librdizlib.dll
0x000007fef59a0000 - 0x000007fef59c3000 	D:\Xilinx\SDK\2015.4\lib\win64.o\libisl_iosutils.dll
0x000007fef5980000 - 0x000007fef5995000 	D:\Xilinx\SDK\2015.4\lib\win64.o\pthreadVC2.dll
0x000007fef5530000 - 0x000007fef5584000 	D:\Xilinx\SDK\2015.4\lib\win64.o\librdi_commonxillic.dll
0x000007feeff20000 - 0x000007fef0050000 	D:\Xilinx\SDK\2015.4\lib\win64.o\librdi_curl.dll
0x000007fef5510000 - 0x000007fef5528000 	D:\Xilinx\SDK\2015.4\lib\win64.o\librdiconfig.dll
0x0000000069bf0000 - 0x0000000069d17000 	D:\Xilinx\SDK\2015.4\lib\win64.o\tcl85t.dll
0x0000000022180000 - 0x00000000223e3000 	D:\Xilinx\SDK\2015.4\lib\win64.o\xerces-c_3_1.dll
0x000007fefd950000 - 0x000007fefdab4000 	C:\Windows\system32\urlmon.dll
0x000007fefd570000 - 0x000007fefd574000 	C:\Windows\system32\api-ms-win-downlevel-ole32-l1-1-0.dll
0x000007feedfa0000 - 0x000007feedfc3000 	C:\Windows\system32\VCOMP110.DLL
0x000007feef9f0000 - 0x000007feefbdc000 	D:\Xilinx\SDK\2015.4\lib\win64.o\librdi_hsm.dll
0x000007fef4710000 - 0x000007fef4753000 	D:\Xilinx\SDK\2015.4\lib\win64.o\librdi_hdf.dll
0x000007feccbe0000 - 0x000007fecce35000 	D:\Xilinx\SDK\2015.4\lib\win64.o\librdi_ippcw.dll
0x000007fec9ff0000 - 0x000007feca800000 	D:\Xilinx\SDK\2015.4\lib\win64.o\libXil_lmgr11FNP.dll
0x000007fef82a0000 - 0x000007fef82ab000 	C:\Windows\system32\snmpapi.dll
0x000007fefdac0000 - 0x000007fefdc97000 	C:\Windows\system32\SETUPAPI.dll
0x000007fefd510000 - 0x000007fefd546000 	C:\Windows\system32\CFGMGR32.dll
0x000007fefd580000 - 0x000007fefd59a000 	C:\Windows\system32\DEVOBJ.dll
0x000007fefcfc0000 - 0x000007fefcfe5000 	C:\Windows\system32\SspiCli.dll

VM Arguments:
jvm_args: -Dcom.xilinx.sdk.args.hwspec=D:/MIZ702/CH29/MIZ702_1280X720P_OV/MIZ702.sdk/system_wrapper.hdf -Xms64m -Xmx512m & 
java_command: <unknown>
java_class_path (initial): D:\Xilinx\SDK\2015.4\eclipse\win64.o\\plugins/org.eclipse.equinox.launcher_1.3.0.v20130327-1440.jar
Launcher Type: generic

Environment Variables:
PATH=D:/Xilinx/SDK/2015.4/tps/win64/jre/bin/server;D:/Xilinx/SDK/2015.4/tps/win64/jre/bin;D:/Xilinx/SDK/2015.4/tps/win64/jre/lib/amd64;D:\Xilinx\SDK\2015.4\gnuwin\bin;D:\Xilinx\SDK\2015.4\gnu\microblaze\nt\bin;D:\Xilinx\SDK\2015.4\gnu\microblaze\linux_toolchain\nt64_le\bin;D:\Xilinx\SDK\2015.4\gnu\microblaze\linux_toolchain\nt64_be\bin;D:\Xilinx\SDK\2015.4\gnu\arm\nt\bin;D:\Xilinx\SDK\2015.4\gnu\aarch64\nt\aarch64-none\bin;D:\Xilinx\SDK\2015.4\gnu\aarch64\nt\aarch64-linux\bin;D:\Xilinx\SDK\2015.4\gnu\armr5\nt\gcc-arm-none-eabi\bin;D:\Xilinx\SDK\2015.4\gnu\aarch32\nt\gcc-arm-none-eabi\bin;D:\Xilinx\SDK\2015.4\gnu\aarch32\nt\gcc-arm-linux-gnueabi\bin;D:\Xilinx\SDK\2015.4\bin;D:\Xilinx\SDK\2015.4\lib\win64.o;D:\Xilinx\SDK\2015.4\tps\win64\jre\bin\server;D:\Xilinx\SDK\2015.4\tps\win64\jre\bin;D:\Xilinx\Vivado\2015.4\ids_lite\ISE\bin\nt64;D:\Xilinx\Vivado\2015.4\ids_lite\ISE\lib\nt64;D:\Xilinx\Vivado\2015.4\bin;D:\Xilinx\Vivado\2015.4\lib\win64.o;D:\Xilinx\Vivado\2015.4\tps\win64\jre\bin\server;D:\Xilinx\Vivado\2015.4\tps\win64\jre\bin;D:\Xilinx\Vivado_HLS\2015.4\bin;C:\Windows\system32;C:\Windows;C:\Windows\System32\Wbem;C:\Windows\System32\WindowsPowerShell\v1.0\;C:\Program Files (x86)\NVIDIA Corporation\PhysX\Common;d:\MIZ702\CH29\MIZ702_1280X720P_OV;
USERNAME=Administrator
OS=Windows_NT
PROCESSOR_IDENTIFIER=Intel64 Family 6 Model 94 Stepping 3, GenuineIntel



---------------  S Y S T E M  ---------------

OS: Windows 7 , 64 bit Build 7601 (6.1.7601.19045)

CPU:total 8 (4 cores per cpu, 2 threads per core) family 6 model 94 stepping 3, cmov, cx8, fxsr, mmx, sse, sse2, sse3, ssse3, sse4.1, sse4.2, popcnt, avx, avx2, aes, clmul, erms, rtm, 3dnowpref, lzcnt, ht, tsc, tscinvbit, bmi1, bmi2, adx

Memory: 4k page, physical 16654348k(10953276k free), swap 33306860k(26846312k free)

vm_info: Java HotSpot(TM) 64-Bit Server VM (25.45-b02) for windows-amd64 JRE (1.8.0_45-b15), built on Apr 30 2015 12:40:44 by "java_re" with MS VC++ 10.0 (VS2010)

time: Sat Aug 13 21:44:11 2016
elapsed time: 2602 seconds (0d 0h 43m 22s)

