#
# A fatal error has been detected by the Java Runtime Environment:
#
#  EXCEPTION_UNCAUGHT_CXX_EXCEPTION (0xe06d7363) at pc=0x000007fefcf1940d, pid=5852, tid=1312
#
# JRE version: Java(TM) SE Runtime Environment (8.0_45-b15) (build 1.8.0_45-b15)
# Java VM: Java HotSpot(TM) 64-Bit Server VM (25.45-b02 mixed mode windows-amd64 compressed oops)
# Problematic frame:
# C  [KERNELBASE.dll+0x940d]
#
# Failed to write core dump. Minidumps are not enabled by default on client versions of Windows
#
# If you would like to submit a bug report, please visit:
#   http://bugreport.java.com/bugreport/crash.jsp
#

---------------  T H R E A D  ---------------

Current thread (0x00000000150f2800):  VMThread [stack: 0x0000000016040000,0x0000000016140000] [id=1312]

siginfo: ExceptionCode=0xe06d7363, ExceptionInformation=0x0000000019930520 0x000000001613f4c8 0x000007fef39e2cb8 0x000007fef3930000 

Registers:
RAX=0x00000000601917e0, RBX=0x000007fef39e2cb8, RCX=0x000000001613ed10, RDX=0x00000000000000d0
RSP=0x000000001613f320, RBP=0x000000001613f450, RSI=0x00000000ffffffff, RDI=0x0000000023884700
R8 =0x0000000000000000, R9 =0x0000000000000000, R10=0x000007fef3930000, R11=0x000000001613f360
R12=0x0000000000000001, R13=0x0000000000000008, R14=0x0000000000000000, R15=0xffffffffffffffff
RIP=0x000007fefcf1940d, EFLAGS=0x0000000000000202

Top of Stack: (sp=0x000000001613f320)
0x000000001613f320:   000007fef39e2cb8 00000000ffffffff
0x000000001613f330:   0000000023884700 00000000003902c0
0x000000001613f340:   00000001e06d7363 0000000000000000
0x000000001613f350:   000007fefcf1940d 000007fe00000004
0x000000001613f360:   0000000019930520 000000001613f4c8
0x000000001613f370:   000007fef39e2cb8 000007fef3930000
0x000000001613f380:   0000000000000000 000000001613f408
0x000000001613f390:   0000000000000028 00000000238846f0
0x000000001613f3a0:   00000000175b9bf0 0000000000000000
0x000000001613f3b0:   000007fffff96000 0000000076f850d3
0x000000001613f3c0:   0000000000000000 0000000000000008
0x000000001613f3d0:   0000000000000001 0000000023884700
0x000000001613f3e0:   00000000ffffffff 000007fef398e92c
0x000000001613f3f0:   000007fef39e2cb8 000000001613f460
0x000000001613f400:   0000000000000001 000007fef39300f8
0x000000001613f410:   00000001e06d7363 0000000000000000 

Instructions: (pc=0x000007fefcf1940d)
0x000007fefcf193ed:   54 24 24 48 89 4c 24 28 4d 85 c9 0f 85 aa 18 00
0x000007fefcf193fd:   00 89 4c 24 38 48 8d 4c 24 20 ff 15 93 1e 04 00
0x000007fefcf1940d:   48 81 c4 c8 00 00 00 c3 90 90 90 90 90 90 90 90
0x000007fefcf1941d:   90 90 90 48 8b c4 48 83 ec 78 41 f7 c0 fe ff ff 


Register to memory mapping:

RAX=0x00000000601917e0 is an unknown value
RBX=0x000007fef39e2cb8 is an unknown value
RCX=0x000000001613ed10 is an unknown value
RDX=0x00000000000000d0 is an unknown value
RSP=0x000000001613f320 is an unknown value
RBP=0x000000001613f450 is an unknown value
RSI=0x00000000ffffffff is an unknown value
RDI=0x0000000023884700 is an unknown value
R8 =0x0000000000000000 is an unknown value
R9 =0x0000000000000000 is an unknown value
R10=0x000007fef3930000 is an unknown value
R11=0x000000001613f360 is an unknown value
R12=0x0000000000000001 is an unknown value
R13=0x0000000000000008 is an unknown value
R14=0x0000000000000000 is an unknown value
R15=0xffffffffffffffff is an unknown value


Stack: [0x0000000016040000,0x0000000016140000],  sp=0x000000001613f320,  free space=1020k
Native frames: (J=compiled Java code, j=interpreted, Vv=VM code, C=native code)
C  [KERNELBASE.dll+0x940d]
C  [MSVCR110.dll+0x5e92c]
C  [MSVCR110.dll+0x1315c]
C  [MSVCR110.dll+0x136a9]
C  [MSVCR110.dll+0x13e9c]
C  [MSVCR110.dll+0x239e]
C  [MSVCR110.dll+0xaf9e]
C  [MSVCP110.dll+0x397b9]
C  [librdi_common.dll+0x14283e]
C  [librdi_common.dll+0x141449]
C  0x000007fef5c22400
C  0x000007fef5c22682
C  [ntdll.dll+0x243a1]
C  [ntdll.dll+0x241b0]
C  [MSVCR100.dll+0x20ccd]
V  [jvm.dll+0x20f135]
V  [jvm.dll+0x247ef7]
V  [jvm.dll+0x247196]
V  [jvm.dll+0x247631]
V  [jvm.dll+0x24784e]
V  [jvm.dll+0x29853a]
C  [MSVCR100.dll+0x21d9f]
C  [MSVCR100.dll+0x21e3b]
C  [kernel32.dll+0x159ed]
C  [ntdll.dll+0x2c541]

VM_Operation (0x000000000012f500): Exit, mode: safepoint, requested by thread 0x0000000002588000


---------------  P R O C E S S  ---------------

Java Threads: ( => current thread )
  0x00000000198b1000 JavaThread "Spawner Reaper" daemon [_thread_in_native, id=4604, stack(0x00000000291b0000,0x00000000292b0000)]
  0x000000001956a800 JavaThread "Thread-18" daemon [_thread_blocked, id=6508, stack(0x0000000027f70000,0x0000000028070000)]
  0x00000000198b0000 JavaThread "TCF Locator DNS Lookup" daemon [_thread_blocked, id=4880, stack(0x00000000181b0000,0x00000000182b0000)]
  0x00000000198ae800 JavaThread "TCF Locator Receiver" daemon [_thread_in_native, id=6260, stack(0x0000000017f90000,0x0000000018090000)]
  0x00000000198ad000 JavaThread "TCF Timer Dispatcher" daemon [_thread_blocked, id=1632, stack(0x0000000017d30000,0x0000000017e30000)]
  0x000000001b2a1800 JavaThread "EMF Reference Cleaner" daemon [_thread_blocked, id=2976, stack(0x000000001a8c0000,0x000000001a9c0000)]
  0x0000000015208800 JavaThread "Service Thread" daemon [_thread_blocked, id=4652, stack(0x0000000016940000,0x0000000016a40000)]
  0x00000000151a7000 JavaThread "C1 CompilerThread3" daemon [_thread_blocked, id=4648, stack(0x0000000016840000,0x0000000016940000)]
  0x0000000015184800 JavaThread "C2 CompilerThread2" daemon [_thread_blocked, id=2224, stack(0x0000000016740000,0x0000000016840000)]
  0x0000000015177800 JavaThread "C2 CompilerThread1" daemon [_thread_blocked, id=196, stack(0x0000000016640000,0x0000000016740000)]
  0x0000000015162000 JavaThread "C2 CompilerThread0" daemon [_thread_blocked, id=7008, stack(0x0000000016540000,0x0000000016640000)]
  0x0000000015154800 JavaThread "Attach Listener" daemon [_thread_blocked, id=4588, stack(0x0000000016440000,0x0000000016540000)]
  0x0000000015153800 JavaThread "Signal Dispatcher" daemon [_thread_blocked, id=4920, stack(0x0000000016340000,0x0000000016440000)]
  0x0000000013f81000 JavaThread "Finalizer" daemon [_thread_blocked, id=6076, stack(0x0000000016240000,0x0000000016340000)]
  0x0000000013f78800 JavaThread "Reference Handler" daemon [_thread_blocked, id=1152, stack(0x0000000016140000,0x0000000016240000)]
  0x0000000002588000 JavaThread "main" [_thread_blocked, id=6888, stack(0x0000000000030000,0x0000000000130000)]

Other Threads:
=>0x00000000150f2800 VMThread [stack: 0x0000000016040000,0x0000000016140000] [id=1312]

VM state:at safepoint (shutting down)

VM Mutex/Monitor currently owned by a thread:  ([mutex/lock_event])
[0x000000000266e2d0] Threads_lock - owner thread: 0x00000000150f2800

Heap:
 PSYoungGen      total 153088K, used 27230K [0x00000000f5580000, 0x0000000100000000, 0x0000000100000000)
  eden space 131584K, 13% used [0x00000000f5580000,0x00000000f66e6770,0x00000000fd600000)
  from space 21504K, 43% used [0x00000000feb00000,0x00000000ff4310a8,0x0000000100000000)
  to   space 21504K, 0% used [0x00000000fd600000,0x00000000fd600000,0x00000000feb00000)
 ParOldGen       total 88576K, used 38369K [0x00000000e0000000, 0x00000000e5680000, 0x00000000f5580000)
  object space 88576K, 43% used [0x00000000e0000000,0x00000000e2578588,0x00000000e5680000)
 Metaspace       used 88468K, capacity 95416K, committed 95488K, reserved 1132544K
  class space    used 11186K, capacity 13240K, committed 13312K, reserved 1048576K

Card table byte_map: [0x0000000011ad0000,0x0000000011be0000] byte_map_base: 0x00000000113d0000

Marking Bits: (ParMarkBitMap*) 0x000000005f424040
 Begin Bits: [0x0000000012490000, 0x0000000012c90000)
 End Bits:   [0x0000000012c90000, 0x0000000013490000)

Polling page: 0x0000000002480000

CodeCache: size=245760Kb used=31728Kb max_used=32356Kb free=214031Kb
 bounds [0x0000000002710000, 0x00000000046f0000, 0x0000000011710000]
 total_blobs=9462 nmethods=8601 adapters=767
 compilation: enabled

Compilation events (10 events):
Event: 2638.808 Thread 0x00000000151a7000 10797       3       java.util.WeakHashMap::size (18 bytes)
Event: 2638.808 Thread 0x00000000151a7000 nmethod 10797 0x0000000003e4e1d0 code [0x0000000003e4e340, 0x0000000003e4e528]
Event: 2638.809 Thread 0x00000000151a7000 10793       3       org.osgi.util.tracker.ServiceTracker$Tracked::customizerRemoved (15 bytes)
Event: 2638.809 Thread 0x00000000151a7000 nmethod 10793 0x00000000041a9d10 code [0x00000000041a9e80, 0x00000000041aa0a8]
Event: 2638.822 Thread 0x00000000151a7000 10804       3       java.io.File::list (33 bytes)
Event: 2638.822 Thread 0x00000000151a7000 nmethod 10804 0x000000000318ad10 code [0x000000000318aee0, 0x000000000318b628]
Event: 2638.829 Thread 0x00000000151a7000 10805   !   3       org.eclipse.osgi.internal.baseadaptor.BaseStorage::compact (215 bytes)
Event: 2638.830 Thread 0x00000000151a7000 nmethod 10805 0x0000000003af93d0 code [0x0000000003af9820, 0x0000000003afbce8]
Event: 2638.835 Thread 0x00000000151a7000 10806       3       org.eclipse.osgi.framework.internal.core.AbstractBundle::close (52 bytes)
Event: 2638.836 Thread 0x00000000151a7000 nmethod 10806 0x0000000002e6add0 code [0x0000000002e6b000, 0x0000000002e6bd08]

GC Heap History (10 events):
Event: 897.979 GC heap before
{Heap before GC invocations=41 (full 16):
 PSYoungGen      total 110592K, used 96K [0x00000000f5580000, 0x00000000fe800000, 0x0000000100000000)
  eden space 110080K, 0% used [0x00000000f5580000,0x00000000f5580000,0x00000000fc100000)
  from space 512K, 18% used [0x00000000fc100000,0x00000000fc118000,0x00000000fc180000)
  to   space 19968K, 0% used [0x00000000fd480000,0x00000000fd480000,0x00000000fe800000)
 ParOldGen       total 88576K, used 38217K [0x00000000e0000000, 0x00000000e5680000, 0x00000000f5580000)
  object space 88576K, 43% used [0x00000000e0000000,0x00000000e2552750,0x00000000e5680000)
 Metaspace       used 81489K, capacity 88222K, committed 88576K, reserved 1126400K
  class space    used 10234K, capacity 12181K, committed 12288K, reserved 1048576K
Event: 898.061 GC heap after
Heap after GC invocations=41 (full 16):
 PSYoungGen      total 110592K, used 0K [0x00000000f5580000, 0x00000000fe800000, 0x0000000100000000)
  eden space 110080K, 0% used [0x00000000f5580000,0x00000000f5580000,0x00000000fc100000)
  from space 512K, 0% used [0x00000000fc100000,0x00000000fc100000,0x00000000fc180000)
  to   space 19968K, 0% used [0x00000000fd480000,0x00000000fd480000,0x00000000fe800000)
 ParOldGen       total 88576K, used 38201K [0x00000000e0000000, 0x00000000e5680000, 0x00000000f5580000)
  object space 88576K, 43% used [0x00000000e0000000,0x00000000e254e600,0x00000000e5680000)
 Metaspace       used 81489K, capacity 88222K, committed 88576K, reserved 1126400K
  class space    used 10234K, capacity 12181K, committed 12288K, reserved 1048576K
}
Event: 957.985 GC heap before
{Heap before GC invocations=42 (full 16):
 PSYoungGen      total 110592K, used 11033K [0x00000000f5580000, 0x00000000fe800000, 0x0000000100000000)
  eden space 110080K, 10% used [0x00000000f5580000,0x00000000f60467d0,0x00000000fc100000)
  from space 512K, 0% used [0x00000000fc100000,0x00000000fc100000,0x00000000fc180000)
  to   space 19968K, 0% used [0x00000000fd480000,0x00000000fd480000,0x00000000fe800000)
 ParOldGen       total 88576K, used 38201K [0x00000000e0000000, 0x00000000e5680000, 0x00000000f5580000)
  object space 88576K, 43% used [0x00000000e0000000,0x00000000e254e600,0x00000000e5680000)
 Metaspace       used 81515K, capacity 88222K, committed 88576K, reserved 1126400K
  class space    used 10234K, capacity 12181K, committed 12288K, reserved 1048576K
Event: 957.991 GC heap after
Heap after GC invocations=42 (full 16):
 PSYoungGen      total 128000K, used 512K [0x00000000f5580000, 0x00000000fe600000, 0x0000000100000000)
  eden space 110080K, 0% used [0x00000000f5580000,0x00000000f5580000,0x00000000fc100000)
  from space 17920K, 2% used [0x00000000fd480000,0x00000000fd500000,0x00000000fe600000)
  to   space 18944K, 0% used [0x00000000fc100000,0x00000000fc100000,0x00000000fd380000)
 ParOldGen       total 88576K, used 38201K [0x00000000e0000000, 0x00000000e5680000, 0x00000000f5580000)
  object space 88576K, 43% used [0x00000000e0000000,0x00000000e254e600,0x00000000e5680000)
 Metaspace       used 81515K, capacity 88222K, committed 88576K, reserved 1126400K
  class space    used 10234K, capacity 12181K, committed 12288K, reserved 1048576K
}
Event: 957.991 GC heap before
{Heap before GC invocations=43 (full 17):
 PSYoungGen      total 128000K, used 512K [0x00000000f5580000, 0x00000000fe600000, 0x0000000100000000)
  eden space 110080K, 0% used [0x00000000f5580000,0x00000000f5580000,0x00000000fc100000)
  from space 17920K, 2% used [0x00000000fd480000,0x00000000fd500000,0x00000000fe600000)
  to   space 18944K, 0% used [0x00000000fc100000,0x00000000fc100000,0x00000000fd380000)
 ParOldGen       total 88576K, used 38201K [0x00000000e0000000, 0x00000000e5680000, 0x00000000f5580000)
  object space 88576K, 43% used [0x00000000e0000000,0x00000000e254e600,0x00000000e5680000)
 Metaspace       used 81515K, capacity 88222K, committed 88576K, reserved 1126400K
  class space    used 10234K, capacity 12181K, committed 12288K, reserved 1048576K
Event: 958.086 GC heap after
Heap after GC invocations=43 (full 17):
 PSYoungGen      total 128000K, used 0K [0x00000000f5580000, 0x00000000fe600000, 0x0000000100000000)
  eden space 110080K, 0% used [0x00000000f5580000,0x00000000f5580000,0x00000000fc100000)
  from space 17920K, 0% used [0x00000000fd480000,0x00000000fd480000,0x00000000fe600000)
  to   space 18944K, 0% used [0x00000000fc100000,0x00000000fc100000,0x00000000fd380000)
 ParOldGen       total 88576K, used 38353K [0x00000000e0000000, 0x00000000e5680000, 0x00000000f5580000)
  object space 88576K, 43% used [0x00000000e0000000,0x00000000e2574588,0x00000000e5680000)
 Metaspace       used 81515K, capacity 88222K, committed 88576K, reserved 1126400K
  class space    used 10234K, capacity 12181K, committed 12288K, reserved 1048576K
}
Event: 1306.831 GC heap before
{Heap before GC invocations=44 (full 17):
 PSYoungGen      total 128000K, used 110080K [0x00000000f5580000, 0x00000000fe600000, 0x0000000100000000)
  eden space 110080K, 100% used [0x00000000f5580000,0x00000000fc100000,0x00000000fc100000)
  from space 17920K, 0% used [0x00000000fd480000,0x00000000fd480000,0x00000000fe600000)
  to   space 18944K, 0% used [0x00000000fc100000,0x00000000fc100000,0x00000000fd380000)
 ParOldGen       total 88576K, used 38353K [0x00000000e0000000, 0x00000000e5680000, 0x00000000f5580000)
  object space 88576K, 43% used [0x00000000e0000000,0x00000000e2574588,0x00000000e5680000)
 Metaspace       used 87307K, capacity 94250K, committed 94336K, reserved 1130496K
  class space    used 11075K, capacity 13137K, committed 13184K, reserved 1048576K
Event: 1306.842 GC heap after
Heap after GC invocations=44 (full 17):
 PSYoungGen      total 129024K, used 14925K [0x00000000f5580000, 0x0000000100000000, 0x0000000100000000)
  eden space 110080K, 0% used [0x00000000f5580000,0x00000000f5580000,0x00000000fc100000)
  from space 18944K, 78% used [0x00000000fc100000,0x00000000fcf936b8,0x00000000fd380000)
  to   space 21504K, 0% used [0x00000000feb00000,0x00000000feb00000,0x0000000100000000)
 ParOldGen       total 88576K, used 38361K [0x00000000e0000000, 0x00000000e5680000, 0x00000000f5580000)
  object space 88576K, 43% used [0x00000000e0000000,0x00000000e2576588,0x00000000e5680000)
 Metaspace       used 87307K, capacity 94250K, committed 94336K, reserved 1130496K
  class space    used 11075K, capacity 13137K, committed 13184K, reserved 1048576K
}
Event: 2637.273 GC heap before
{Heap before GC invocations=45 (full 17):
 PSYoungGen      total 129024K, used 125005K [0x00000000f5580000, 0x0000000100000000, 0x0000000100000000)
  eden space 110080K, 100% used [0x00000000f5580000,0x00000000fc100000,0x00000000fc100000)
  from space 18944K, 78% used [0x00000000fc100000,0x00000000fcf936b8,0x00000000fd380000)
  to   space 21504K, 0% used [0x00000000feb00000,0x00000000feb00000,0x0000000100000000)
 ParOldGen       total 88576K, used 38361K [0x00000000e0000000, 0x00000000e5680000, 0x00000000f5580000)
  object space 88576K, 43% used [0x00000000e0000000,0x00000000e2576588,0x00000000e5680000)
 Metaspace       used 87980K, capacity 94918K, committed 95232K, reserved 1130496K
  class space    used 11139K, capacity 13205K, committed 13312K, reserved 1048576K
Event: 2637.278 GC heap after
Heap after GC invocations=45 (full 17):
 PSYoungGen      total 153088K, used 9412K [0x00000000f5580000, 0x0000000100000000, 0x0000000100000000)
  eden space 131584K, 0% used [0x00000000f5580000,0x00000000f5580000,0x00000000fd600000)
  from space 21504K, 43% used [0x00000000feb00000,0x00000000ff4310a8,0x0000000100000000)
  to   space 21504K, 0% used [0x00000000fd600000,0x00000000fd600000,0x00000000feb00000)
 ParOldGen       total 88576K, used 38369K [0x00000000e0000000, 0x00000000e5680000, 0x00000000f5580000)
  object space 88576K, 43% used [0x00000000e0000000,0x00000000e2578588,0x00000000e5680000)
 Metaspace       used 87980K, capacity 94918K, committed 95232K, reserved 1130496K
  class space    used 11139K, capacity 13205K, committed 13312K, reserved 1048576K
}

Deoptimization events (10 events):
Event: 2637.392 Thread 0x0000000002588000 Uncommon trap: reason=unstable_if action=reinterpret pc=0x000000000402c100 method=org.eclipse.emf.ecore.impl.MinimalEObjectImpl.setField(ILjava/lang/Object;)V @ 9
Event: 2637.401 Thread 0x0000000002588000 Uncommon trap: reason=unstable_if action=reinterpret pc=0x0000000003f2e390 method=org.eclipse.equinox.internal.event.EventHandlerTracker.getHandlers(Ljava/lang/String;)Ljava/util/Set; @ 28
Event: 2637.401 Thread 0x0000000002588000 Uncommon trap: reason=class_check action=maybe_recompile pc=0x00000000037f22d4 method=org.eclipse.e4.core.internal.contexts.TrackableComputationExt.update(Lorg/eclipse/e4/core/internal/contexts/ContextChangeEvent;)Z @ 62
Event: 2637.401 Thread 0x0000000002588000 Uncommon trap: reason=class_check action=maybe_recompile pc=0x00000000037f22d4 method=org.eclipse.e4.core.internal.contexts.TrackableComputationExt.update(Lorg/eclipse/e4/core/internal/contexts/ContextChangeEvent;)Z @ 62
Event: 2637.401 Thread 0x0000000002588000 Uncommon trap: reason=class_check action=maybe_recompile pc=0x00000000037f22d4 method=org.eclipse.e4.core.internal.contexts.TrackableComputationExt.update(Lorg/eclipse/e4/core/internal/contexts/ContextChangeEvent;)Z @ 62
Event: 2637.731 Thread 0x0000000019569800 Uncommon trap: reason=unstable_if action=reinterpret pc=0x00000000042c4fa4 method=java.io.BufferedReader.read()I @ 34
Event: 2638.752 Thread 0x0000000002588000 Uncommon trap: reason=unstable_if action=reinterpret pc=0x00000000031eadc4 method=org.eclipse.core.runtime.internal.adaptor.EclipseLazyStarter.shouldActivateFor(Ljava/lang/String;Lorg/eclipse/osgi/baseadaptor/BaseData;Lorg/eclipse/core/runtime/internal/ada
Event: 2638.776 Thread 0x000000001956d800 Uncommon trap: reason=unstable_if action=reinterpret pc=0x000000000316c7dc method=org.eclipse.osgi.baseadaptor.loader.ClasspathManager.lockClassName(Ljava/lang/String;)Z @ 57
Event: 2638.801 Thread 0x0000000002588000 Uncommon trap: reason=unstable_if action=reinterpret pc=0x0000000002a88d9c method=java.lang.ref.ReferenceQueue.poll()Ljava/lang/ref/Reference; @ 4
Event: 2638.835 Thread 0x0000000002588000 Uncommon trap: reason=unstable_if action=reinterpret pc=0x00000000035cf31c method=sun.reflect.UnsafeStaticObjectFieldAccessorImpl.set(Ljava/lang/Object;Ljava/lang/Object;)V @ 13

Internal exceptions (10 events):
Event: 2636.593 Thread 0x0000000002588000 Implicit null exception at 0x000000000313f5fd to 0x000000000313f661
Event: 2636.848 Thread 0x0000000002588000 Implicit null exception at 0x000000000370a84c to 0x000000000370a8a9
Event: 2637.187 Thread 0x0000000002588000 Implicit null exception at 0x000000000318aed3 to 0x000000000318b3b9
Event: 2637.730 Thread 0x0000000019568000 Exception <a 'java/lang/InterruptedException'> (0x00000000f603ce08) thrown at [C:\re\workspace\8-2-build-windows-amd64-cygwin\jdk8u45\3627\hotspot\src\share\vm\runtime\objectMonitor.cpp, line 1683]
Event: 2638.766 Thread 0x0000000019da2800 Exception <a 'java/lang/InterruptedException'> (0x00000000f63a73d8) thrown at [C:\re\workspace\8-2-build-windows-amd64-cygwin\jdk8u45\3627\hotspot\src\share\vm\runtime\objectMonitor.cpp, line 1683]
Event: 2638.806 Thread 0x0000000016f79000 Exception <a 'java/lang/InterruptedException': sleep interrupted> (0x00000000f6555d38) thrown at [C:\re\workspace\8-2-build-windows-amd64-cygwin\jdk8u45\3627\hotspot\src\share\vm\prims\jvm.cpp, line 3211]
Event: 2638.808 Thread 0x00000000198a4800 Exception <a 'java/lang/InterruptedException'> (0x00000000f633a9c0) thrown at [C:\re\workspace\8-2-build-windows-amd64-cygwin\jdk8u45\3627\hotspot\src\share\vm\runtime\objectMonitor.cpp, line 1683]
Event: 2638.808 Thread 0x000000001919c000 Exception <a 'java/lang/InterruptedException'> (0x00000000f65fa498) thrown at [C:\re\workspace\8-2-build-windows-amd64-cygwin\jdk8u45\3627\hotspot\src\share\vm\runtime\objectMonitor.cpp, line 1683]
Event: 2638.835 Thread 0x0000000019571800 Exception <a 'java/lang/InterruptedException'> (0x00000000f6551860) thrown at [C:\re\workspace\8-2-build-windows-amd64-cygwin\jdk8u45\3627\hotspot\src\share\vm\runtime\objectMonitor.cpp, line 1683]
Event: 2638.835 Thread 0x0000000002588000 Implicit null exception at 0x00000000035cef17 to 0x00000000035cf309

Events (10 events):
Event: 2638.835 Thread 0x0000000002588000 DEOPT PACKING pc=0x00000000035cf31c sp=0x000000000012eae0
Event: 2638.835 Thread 0x0000000002588000 DEOPT UNPACKING pc=0x000000000275582a sp=0x000000000012ea38 mode 2
Event: 2638.835 Thread 0x0000000016ec3000 Thread exited: 0x0000000016ec3000
Event: 2638.835 loading class java/util/IdentityHashMap$KeyIterator
Event: 2638.835 loading class java/util/IdentityHashMap$IdentityHashMapIterator
Event: 2638.836 loading class java/util/IdentityHashMap$IdentityHashMapIterator done
Event: 2638.836 loading class java/util/IdentityHashMap$KeyIterator done
Event: 2638.836 Thread 0x00000000198a4800 Thread added: 0x00000000198a4800
Event: 2638.836 Thread 0x00000000198a4800 Thread exited: 0x00000000198a4800
Event: 2638.837 Executing VM operation: Exit


Dynamic libraries:
0x0000000000400000 - 0x000000000044f000 	D:\Xilinx\SDK\2015.4\eclipse\win64.o\eclipse.exe
0x0000000076f30000 - 0x00000000770d9000 	C:\Windows\SYSTEM32\ntdll.dll
0x0000000076d10000 - 0x0000000076e2f000 	C:\Windows\system32\kernel32.dll
0x000007fefcf10000 - 0x000007fefcf7b000 	C:\Windows\system32\KERNELBASE.dll
0x0000000076e30000 - 0x0000000076f2a000 	C:\Windows\system32\USER32.dll
0x000007fefd190000 - 0x000007fefd1f7000 	C:\Windows\system32\GDI32.dll
0x000007fefd710000 - 0x000007fefd71e000 	C:\Windows\system32\LPK.dll
0x000007fefe220000 - 0x000007fefe2e9000 	C:\Windows\system32\USP10.dll
0x000007fefda60000 - 0x000007fefdaff000 	C:\Windows\system32\msvcrt.dll
0x000007fefb550000 - 0x000007fefb744000 	C:\Windows\WinSxS\amd64_microsoft.windows.common-controls_6595b64144ccf1df_6.0.7601.17514_none_fa396087175ac9ac\COMCTL32.dll
0x000007fefd5f0000 - 0x000007fefd661000 	C:\Windows\system32\SHLWAPI.dll
0x000007fefde70000 - 0x000007fefde9e000 	C:\Windows\system32\IMM32.DLL
0x000007fefd720000 - 0x000007fefd829000 	C:\Windows\system32\MSCTF.dll
0x0000000072000000 - 0x0000000072012000 	D:\Xilinx\SDK\2015.4\eclipse\win64.o\plugins\org.eclipse.equinox.launcher.win32.win32.x86_64_1.1.200.v20140116-2212\eclipse_1503.dll
0x000007fefe2f0000 - 0x000007fefe3cb000 	C:\Windows\system32\ADVAPI32.dll
0x000007fefe100000 - 0x000007fefe11f000 	C:\Windows\SYSTEM32\sechost.dll
0x000007fefd210000 - 0x000007fefd33d000 	C:\Windows\system32\RPCRT4.dll
0x000007fefc130000 - 0x000007fefc13c000 	C:\Windows\system32\VERSION.dll
0x000007fefb350000 - 0x000007fefb3a6000 	C:\Windows\system32\uxtheme.dll
0x000007fefcb80000 - 0x000007fefcbd7000 	C:\Windows\system32\apphelp.dll
0x000007fef9070000 - 0x000007fef9427000 	C:\Windows\system32\QQPINYIN.IME
0x000007fefd140000 - 0x000007fefd18d000 	C:\Windows\system32\WS2_32.dll
0x000007fefd200000 - 0x000007fefd208000 	C:\Windows\system32\NSI.dll
0x000007fefbfb0000 - 0x000007fefbfc1000 	C:\Windows\system32\WTSAPI32.dll
0x000007fefe4b0000 - 0x000007feff238000 	C:\Windows\system32\SHELL32.dll
0x000007fefdb00000 - 0x000007fefdd03000 	C:\Windows\system32\ole32.dll
0x000007fefe3d0000 - 0x000007fefe4a7000 	C:\Windows\system32\OLEAUT32.dll
0x000007fefa9b0000 - 0x000007fefa9b7000 	C:\Windows\system32\MSIMG32.dll
0x000007fefac80000 - 0x000007fefac96000 	C:\Windows\system32\NETAPI32.dll
0x000007fefac70000 - 0x000007fefac7c000 	C:\Windows\system32\netutils.dll
0x000007fefc800000 - 0x000007fefc823000 	C:\Windows\system32\srvcli.dll
0x000007fefac50000 - 0x000007fefac65000 	C:\Windows\system32\wkscli.dll
0x000007fefcd90000 - 0x000007fefcd9f000 	C:\Windows\system32\profapi.dll
0x000007fefcc90000 - 0x000007fefcccd000 	C:\Windows\system32\WINSTA.dll
0x000000005ec20000 - 0x000000005f4a3000 	D:\Xilinx\SDK\2015.4\tps\win64\jre\bin\server\jvm.dll
0x000007fefadb0000 - 0x000007fefadb9000 	C:\Windows\system32\WSOCK32.dll
0x000007fefa0d0000 - 0x000007fefa10b000 	C:\Windows\system32\WINMM.dll
0x0000000077100000 - 0x0000000077107000 	C:\Windows\system32\PSAPI.DLL
0x000000006f280000 - 0x000000006f352000 	C:\Windows\system32\MSVCR100.dll
0x00000000716a0000 - 0x00000000716af000 	D:\Xilinx\SDK\2015.4\tps\win64\jre\bin\verify.dll
0x0000000065190000 - 0x00000000651b9000 	D:\Xilinx\SDK\2015.4\tps\win64\jre\bin\java.dll
0x0000000065170000 - 0x0000000065186000 	D:\Xilinx\SDK\2015.4\tps\win64\jre\bin\zip.dll
0x000007fefc770000 - 0x000007fefc787000 	C:\Windows\system32\CRYPTSP.dll
0x000007fefc250000 - 0x000007fefc297000 	C:\Windows\system32\rsaenh.dll
0x000007fefd120000 - 0x000007fefd13e000 	C:\Windows\system32\USERENV.dll
0x000007fefcbe0000 - 0x000007fefcbef000 	C:\Windows\system32\CRYPTBASE.dll
0x0000000065150000 - 0x000000006516a000 	D:\Xilinx\SDK\2015.4\tps\win64\jre\bin\net.dll
0x000007fefc520000 - 0x000007fefc575000 	C:\Windows\system32\mswsock.dll
0x000007fefc510000 - 0x000007fefc517000 	C:\Windows\System32\wship6.dll
0x000007fefa7b0000 - 0x000007fefa7d7000 	C:\Windows\system32\IPHLPAPI.DLL
0x000007fefa7a0000 - 0x000007fefa7ab000 	C:\Windows\system32\WINNSI.DLL
0x000007fef9bc0000 - 0x000007fef9bd8000 	C:\Windows\system32\dhcpcsvc.DLL
0x000007fef9c20000 - 0x000007fef9c31000 	C:\Windows\system32\dhcpcsvc6.DLL
0x0000000064c90000 - 0x0000000064ca1000 	D:\Xilinx\SDK\2015.4\tps\win64\jre\bin\nio.dll
0x000007fefaf70000 - 0x000007fefaf88000 	C:\Windows\system32\dwmapi.dll
0x000007fefa830000 - 0x000007fefa845000 	C:\Windows\system32\NLAapi.dll
0x000007fef67a0000 - 0x000007fef67b5000 	C:\Windows\system32\napinsp.dll
0x000007fef6780000 - 0x000007fef6799000 	C:\Windows\system32\pnrpnsp.dll
0x000007fefc390000 - 0x000007fefc3eb000 	C:\Windows\system32\DNSAPI.dll
0x000007fef6940000 - 0x000007fef694b000 	C:\Windows\System32\winrnr.dll
0x000007fefc230000 - 0x000007fefc237000 	C:\Windows\System32\wshtcpip.dll
0x000007fef6770000 - 0x000007fef6778000 	C:\Windows\system32\rasadhlp.dll
0x000007fef9ca0000 - 0x000007fef9cf3000 	C:\Windows\System32\fwpuclnt.dll
0x000000001be40000 - 0x000000001bee8000 	C:\Users\Administrator\.Xilinx\SDK\2015.4\org.eclipse.osgi\bundles\303\1\.cp\swt-win32-4335.dll
0x000007fefd670000 - 0x000007fefd707000 	C:\Windows\system32\comdlg32.dll
0x000007fef9fb0000 - 0x000007fefa021000 	C:\Windows\system32\WINSPOOL.DRV
0x000007fefd830000 - 0x000007fefda5c000 	C:\Windows\system32\WININET.dll
0x000007fefcfc0000 - 0x000007fefcfc4000 	C:\Windows\system32\api-ms-win-downlevel-user32-l1-1-0.dll
0x000007fefd0e0000 - 0x000007fefd0e5000 	C:\Windows\system32\api-ms-win-downlevel-advapi32-l1-1-0.dll
0x000007fefd0f0000 - 0x000007fefd0f4000 	C:\Windows\system32\api-ms-win-downlevel-shlwapi-l1-1-0.dll
0x000007fefd0d0000 - 0x000007fefd0d4000 	C:\Windows\system32\api-ms-win-downlevel-version-l1-1-0.dll
0x000007fefcfd0000 - 0x000007fefcfd3000 	C:\Windows\system32\api-ms-win-downlevel-normaliz-l1-1-0.dll
0x00000000770f0000 - 0x00000000770f3000 	C:\Windows\system32\normaliz.DLL
0x000007fefd340000 - 0x000007fefd5cc000 	C:\Windows\system32\iertutil.dll
0x000007fefcda0000 - 0x000007fefcf0c000 	C:\Windows\system32\CRYPT32.dll
0x000007fefcd80000 - 0x000007fefcd8f000 	C:\Windows\system32\MSASN1.dll
0x000007fefb750000 - 0x000007fefb87c000 	C:\Windows\system32\propsys.dll
0x000007fefe180000 - 0x000007fefe219000 	C:\Windows\system32\CLBCatQ.DLL
0x0000000018570000 - 0x000000001858e000 	C:\Users\Administrator\.Xilinx\SDK\2015.4\org.eclipse.osgi\bundles\303\1\.cp\swt-gdip-win32-4335.dll
0x000007fefb130000 - 0x000007fefb346000 	C:\Windows\WinSxS\amd64_microsoft.windows.gdiplus_6595b64144ccf1df_1.1.7601.18120_none_2b25b14c71ebf230\gdiplus.dll
0x000007fefadc0000 - 0x000007fefaf21000 	C:\Windows\system32\WindowsCodecs.dll
0x0000000180000000 - 0x0000000180012000 	C:\Users\Administrator\.Xilinx\SDK\2015.4\org.eclipse.osgi\bundles\121\1\.cp\os\win32\x86_64\localfile_1_0_0.dll
0x000007fefb4e0000 - 0x000007fefb4f1000 	C:\Users\Administrator\.Xilinx\SDK\2015.4\org.eclipse.osgi\bundles\124\1\.cp\jWinHttp-1.0.0.dll
0x000007fef6850000 - 0x000007fef68c1000 	C:\Windows\system32\WINHTTP.dll
0x000007fef67e0000 - 0x000007fef6844000 	C:\Windows\system32\webio.dll
0x000007fece960000 - 0x000007fece9b4000 	C:\Windows\system32\oleacc.dll
0x000007fefccd0000 - 0x000007fefcce4000 	C:\Windows\system32\RpcRtRemote.dll
0x000007fefab40000 - 0x000007fefab4f000 	D:\Xilinx\SDK\2015.4\lib\win64.o\librdi_repo_manager.dll
0x000007fecf710000 - 0x000007fecf73a000 	D:\Xilinx\SDK\2015.4\lib\win64.o\libisl_sysinfo.dll
0x000007fef3930000 - 0x000007fef3a04000 	C:\Windows\system32\MSVCR110.dll
0x000007fef3830000 - 0x000007fef38d7000 	C:\Windows\system32\MSVCP110.dll
0x000007fecb9d0000 - 0x000007fecc35d000 	D:\Xilinx\SDK\2015.4\lib\win64.o\librdi_common.dll
0x000007fecc980000 - 0x000007fecccee000 	D:\Xilinx\SDK\2015.4\lib\win64.o\libCOIN-all.dll
0x000007fecdb20000 - 0x000007fecdd3e000 	D:\Xilinx\SDK\2015.4\lib\win64.o\libXil_lmgr11.dll
0x000007fefcf80000 - 0x000007fefcfba000 	C:\Windows\system32\WINTRUST.dll
0x000007fefab10000 - 0x000007fefab20000 	D:\Xilinx\SDK\2015.4\lib\win64.o\libboost_date_time.dll
0x000007fecf6e0000 - 0x000007fecf702000 	D:\Xilinx\SDK\2015.4\lib\win64.o\libboost_filesystem.dll
0x000007fef5aa0000 - 0x000007fef5aa9000 	D:\Xilinx\SDK\2015.4\lib\win64.o\libboost_system.dll
0x000007fecf5b0000 - 0x000007fecf624000 	D:\Xilinx\SDK\2015.4\lib\win64.o\libboost_program_options.dll
0x000007fecf1a0000 - 0x000007fecf29a000 	D:\Xilinx\SDK\2015.4\lib\win64.o\libboost_regex.dll
0x000007fecf690000 - 0x000007fecf6a3000 	D:\Xilinx\SDK\2015.4\lib\win64.o\libboost_signals.dll
0x000007fef4430000 - 0x000007fef444d000 	D:\Xilinx\SDK\2015.4\lib\win64.o\libboost_thread.dll
0x000007fef5a40000 - 0x000007fef5a4b000 	D:\Xilinx\SDK\2015.4\lib\win64.o\libboost_chrono.dll
0x000007fef5a20000 - 0x000007fef5a2b000 	D:\Xilinx\SDK\2015.4\lib\win64.o\libboost_xilinx.dll
0x000007fecf530000 - 0x000007fecf5b0000 	D:\Xilinx\SDK\2015.4\lib\win64.o\libhdlpsolve.dll
0x000007fecec00000 - 0x000007fecec9a000 	D:\Xilinx\SDK\2015.4\lib\win64.o\libhdxml.dll
0x000007fecc540000 - 0x000007fecc974e00 	D:\Xilinx\SDK\2015.4\lib\win64.o\libisl_iostreams.dll
0x000007fecf670000 - 0x000007fecf686000 	D:\Xilinx\SDK\2015.4\lib\win64.o\libboost_iostreams.dll
0x000007fecf640000 - 0x000007fecf663000 	D:\Xilinx\SDK\2015.4\lib\win64.o\librdizlib.dll
0x000007fecf170000 - 0x000007fecf193000 	D:\Xilinx\SDK\2015.4\lib\win64.o\libisl_iosutils.dll
0x000007fecf510000 - 0x000007fecf525000 	D:\Xilinx\SDK\2015.4\lib\win64.o\pthreadVC2.dll
0x000007feceba0000 - 0x000007fecebf4000 	D:\Xilinx\SDK\2015.4\lib\win64.o\librdi_commonxillic.dll
0x000007fecea70000 - 0x000007feceba0000 	D:\Xilinx\SDK\2015.4\lib\win64.o\librdi_curl.dll
0x000007fecf4f0000 - 0x000007fecf508000 	D:\Xilinx\SDK\2015.4\lib\win64.o\librdiconfig.dll
0x000000005c900000 - 0x000000005ca27000 	D:\Xilinx\SDK\2015.4\lib\win64.o\tcl85t.dll
0x0000000024050000 - 0x00000000242b3000 	D:\Xilinx\SDK\2015.4\lib\win64.o\xerces-c_3_1.dll
0x000007fefdd10000 - 0x000007fefde69000 	C:\Windows\system32\urlmon.dll
0x000007fefcfe0000 - 0x000007fefcfe4000 	C:\Windows\system32\api-ms-win-downlevel-ole32-l1-1-0.dll
0x000007fef1540000 - 0x000007fef1563000 	C:\Windows\system32\VCOMP110.DLL
0x000007fecd930000 - 0x000007fecdb1c000 	D:\Xilinx\SDK\2015.4\lib\win64.o\librdi_hsm.dll
0x000007fecea20000 - 0x000007fecea63000 	D:\Xilinx\SDK\2015.4\lib\win64.o\librdi_hdf.dll
0x000007fecd520000 - 0x000007fecd775000 	D:\Xilinx\SDK\2015.4\lib\win64.o\librdi_ippcw.dll
0x000007feca980000 - 0x000007fecb190000 	D:\Xilinx\SDK\2015.4\lib\win64.o\libXil_lmgr11FNP.dll
0x000007fef63f0000 - 0x000007fef63fb000 	C:\Windows\system32\snmpapi.dll
0x000007fefdea0000 - 0x000007fefe077000 	C:\Windows\system32\SETUPAPI.dll
0x000007fefd090000 - 0x000007fefd0c6000 	C:\Windows\system32\CFGMGR32.dll
0x000007fefd100000 - 0x000007fefd11a000 	C:\Windows\system32\DEVOBJ.dll
0x000007fefcb50000 - 0x000007fefcb75000 	C:\Windows\system32\SspiCli.dll

VM Arguments:
jvm_args: -Dcom.xilinx.sdk.args.hwspec=D:/MIZ702/CH28/MIZ702_640X480P_OV/MIZ702.sdk/system_wrapper.hdf -Xms64m -Xmx512m & 
java_command: <unknown>
java_class_path (initial): D:\Xilinx\SDK\2015.4\eclipse\win64.o\\plugins/org.eclipse.equinox.launcher_1.3.0.v20130327-1440.jar
Launcher Type: generic

Environment Variables:
PATH=D:/Xilinx/SDK/2015.4/tps/win64/jre/bin/server;D:/Xilinx/SDK/2015.4/tps/win64/jre/bin;D:/Xilinx/SDK/2015.4/tps/win64/jre/lib/amd64;D:\Xilinx\SDK\2015.4\gnuwin\bin;D:\Xilinx\SDK\2015.4\gnu\microblaze\nt\bin;D:\Xilinx\SDK\2015.4\gnu\microblaze\linux_toolchain\nt64_le\bin;D:\Xilinx\SDK\2015.4\gnu\microblaze\linux_toolchain\nt64_be\bin;D:\Xilinx\SDK\2015.4\gnu\arm\nt\bin;D:\Xilinx\SDK\2015.4\gnu\aarch64\nt\aarch64-none\bin;D:\Xilinx\SDK\2015.4\gnu\aarch64\nt\aarch64-linux\bin;D:\Xilinx\SDK\2015.4\gnu\armr5\nt\gcc-arm-none-eabi\bin;D:\Xilinx\SDK\2015.4\gnu\aarch32\nt\gcc-arm-none-eabi\bin;D:\Xilinx\SDK\2015.4\gnu\aarch32\nt\gcc-arm-linux-gnueabi\bin;D:\Xilinx\SDK\2015.4\bin;D:\Xilinx\SDK\2015.4\lib\win64.o;D:\Xilinx\SDK\2015.4\tps\win64\jre\bin\server;D:\Xilinx\SDK\2015.4\tps\win64\jre\bin;D:\Xilinx\Vivado\2015.4\ids_lite\ISE\bin\nt64;D:\Xilinx\Vivado\2015.4\ids_lite\ISE\lib\nt64;D:\Xilinx\Vivado\2015.4\bin;D:\Xilinx\Vivado\2015.4\lib\win64.o;D:\Xilinx\Vivado\2015.4\tps\win64\jre\bin\server;D:\Xilinx\Vivado\2015.4\tps\win64\jre\bin;D:\Xilinx\Vivado_HLS\2015.4\bin;C:\Windows\system32;C:\Windows;C:\Windows\System32\Wbem;C:\Windows\System32\WindowsPowerShell\v1.0\;C:\Program Files (x86)\NVIDIA Corporation\PhysX\Common;d:\MIZ702\CH28\MIZ702_640X480P_OV;
USERNAME=Administrator
OS=Windows_NT
PROCESSOR_IDENTIFIER=Intel64 Family 6 Model 94 Stepping 3, GenuineIntel



---------------  S Y S T E M  ---------------

OS: Windows 7 , 64 bit Build 7601 (6.1.7601.18409)

CPU:total 8 (4 cores per cpu, 2 threads per core) family 6 model 94 stepping 3, cmov, cx8, fxsr, mmx, sse, sse2, sse3, ssse3, sse4.1, sse4.2, popcnt, avx, avx2, aes, clmul, erms, rtm, 3dnowpref, lzcnt, ht, tsc, tscinvbit, bmi1, bmi2, adx

Memory: 4k page, physical 16654348k(7775284k free), swap 33306832k(23710308k free)

vm_info: Java HotSpot(TM) 64-Bit Server VM (25.45-b02) for windows-amd64 JRE (1.8.0_45-b15), built on Apr 30 2015 12:40:44 by "java_re" with MS VC++ 10.0 (VS2010)

time: Sat Aug 13 17:49:32 2016
elapsed time: 2639 seconds (0d 0h 43m 59s)

