Copyright 1986-2017 Xilinx, Inc. All Rights Reserved.
----------------------------------------------------------------------------------------------------------------------------------------------------------------
| Tool Version     : Vivado v.2017.4 (win64) Build 2086221 Fri Dec 15 20:55:39 MST 2017
| Date             : Sat Mar 31 13:23:19 2018
| Host             : DESKTOP-VK2TAK2 running 64-bit major release  (build 9200)
| Command          : report_power -file system_wrapper_power_routed.rpt -pb system_wrapper_power_summary_routed.pb -rpx system_wrapper_power_routed.rpx
| Design           : system_wrapper
| Device           : xc7z010clg400-1
| Design State     : routed
| Grade            : commercial
| Process          : typical
| Characterization : Production
----------------------------------------------------------------------------------------------------------------------------------------------------------------

Power Report

Table of Contents
-----------------
1. Summary
1.1 On-Chip Components
1.2 Power Supply Summary
1.3 Confidence Level
2. Settings
2.1 Environment
2.2 Clock Constraints
3. Detailed Reports
3.1 By Hierarchy

1. Summary
----------

+--------------------------+--------------+
| Total On-Chip Power (W)  | 1.851        |
| Design Power Budget (W)  | Unspecified* |
| Power Budget Margin (W)  | NA           |
| Dynamic (W)              | 1.723        |
| Device Static (W)        | 0.128        |
| Effective TJA (C/W)      | 11.5         |
| Max Ambient (C)          | 63.7         |
| Junction Temperature (C) | 46.3         |
| Confidence Level         | Low          |
| Setting File             | ---          |
| Simulation Activity File | ---          |
| Design Nets Matched      | NA           |
+--------------------------+--------------+
* Specify Design Power Budget using, set_operating_conditions -design_power_budget <value in Watts>


1.1 On-Chip Components
----------------------

+--------------------------+-----------+----------+-----------+-----------------+
| On-Chip                  | Power (W) | Used     | Available | Utilization (%) |
+--------------------------+-----------+----------+-----------+-----------------+
| Clocks                   |     0.035 |        7 |       --- |             --- |
| Slice Logic              |     0.011 |    25692 |       --- |             --- |
|   LUT as Logic           |     0.009 |     7980 |     17600 |           45.34 |
|   Register               |    <0.001 |    13583 |     35200 |           38.59 |
|   CARRY4                 |    <0.001 |      337 |      4400 |            7.66 |
|   LUT as Distributed RAM |    <0.001 |      154 |      6000 |            2.57 |
|   F7/F8 Muxes            |    <0.001 |      389 |     17600 |            2.21 |
|   LUT as Shift Register  |    <0.001 |      451 |      6000 |            7.52 |
|   BUFG                   |    <0.001 |        1 |        32 |            3.13 |
|   Others                 |     0.000 |      917 |       --- |             --- |
| Signals                  |     0.017 |    19098 |       --- |             --- |
| Block RAM                |     0.004 |        8 |        60 |           13.33 |
| MMCM                     |     0.119 |        1 |         2 |           50.00 |
| I/O                      |     0.003 |       40 |       100 |           40.00 |
| PS7                      |     1.534 |        1 |       --- |             --- |
| Static Power             |     0.128 |          |           |                 |
| Total                    |     1.851 |          |           |                 |
+--------------------------+-----------+----------+-----------+-----------------+


1.2 Power Supply Summary
------------------------

+-----------+-------------+-----------+-------------+------------+
| Source    | Voltage (V) | Total (A) | Dynamic (A) | Static (A) |
+-----------+-------------+-----------+-------------+------------+
| Vccint    |       1.000 |     0.075 |       0.067 |      0.008 |
| Vccaux    |       1.800 |     0.074 |       0.066 |      0.008 |
| Vcco33    |       3.300 |     0.002 |       0.001 |      0.001 |
| Vcco25    |       2.500 |     0.000 |       0.000 |      0.000 |
| Vcco18    |       1.800 |     0.000 |       0.000 |      0.000 |
| Vcco15    |       1.500 |     0.000 |       0.000 |      0.000 |
| Vcco135   |       1.350 |     0.000 |       0.000 |      0.000 |
| Vcco12    |       1.200 |     0.000 |       0.000 |      0.000 |
| Vccaux_io |       1.800 |     0.000 |       0.000 |      0.000 |
| Vccbram   |       1.000 |     0.001 |       0.000 |      0.001 |
| MGTAVcc   |       1.000 |     0.000 |       0.000 |      0.000 |
| MGTAVtt   |       1.200 |     0.000 |       0.000 |      0.000 |
| MGTVccaux |       1.800 |     0.000 |       0.000 |      0.000 |
| Vccpint   |       1.000 |     0.754 |       0.722 |      0.032 |
| Vccpaux   |       1.800 |     0.061 |       0.051 |      0.010 |
| Vccpll    |       1.800 |     0.017 |       0.014 |      0.003 |
| Vcco_ddr  |       1.500 |     0.459 |       0.457 |      0.002 |
| Vcco_mio0 |       3.300 |     0.003 |       0.002 |      0.001 |
| Vcco_mio1 |       1.800 |     0.003 |       0.002 |      0.001 |
| Vccadc    |       1.800 |     0.020 |       0.000 |      0.020 |
+-----------+-------------+-----------+-------------+------------+


1.3 Confidence Level
--------------------

+-----------------------------+------------+--------------------------------------------------------+------------------------------------------------------------------------------------------------------------+
| User Input Data             | Confidence | Details                                                | Action                                                                                                     |
+-----------------------------+------------+--------------------------------------------------------+------------------------------------------------------------------------------------------------------------+
| Design implementation state | High       | Design is routed                                       |                                                                                                            |
| Clock nodes activity        | High       | User specified more than 95% of clocks                 |                                                                                                            |
| I/O nodes activity          | Low        | More than 75% of inputs are missing user specification | Provide missing input activity with simulation results or by editing the "By Resource Type -> I/Os" view   |
| Internal nodes activity     | Medium     | User specified less than 25% of internal nodes         | Provide missing internal nodes activity with simulation results or by editing the "By Resource Type" views |
| Device models               | High       | Device models are Production                           |                                                                                                            |
|                             |            |                                                        |                                                                                                            |
| Overall confidence level    | Low        |                                                        |                                                                                                            |
+-----------------------------+------------+--------------------------------------------------------+------------------------------------------------------------------------------------------------------------+


2. Settings
-----------

2.1 Environment
---------------

+-----------------------+------------------------+
| Ambient Temp (C)      | 25.0                   |
| ThetaJA (C/W)         | 11.5                   |
| Airflow (LFM)         | 250                    |
| Heat Sink             | none                   |
| ThetaSA (C/W)         | 0.0                    |
| Board Selection       | medium (10"x10")       |
| # of Board Layers     | 8to11 (8 to 11 Layers) |
| Board Temperature (C) | 25.0                   |
+-----------------------+------------------------+


2.2 Clock Constraints
---------------------

+-----------------------------+-------------------------------------------------------------------------------------+-----------------+
| Clock                       | Domain                                                                              | Constraint (ns) |
+-----------------------------+-------------------------------------------------------------------------------------+-----------------+
| clk_fpga_0                  | system_i/processing_system7_0/inst/FCLK_CLK0                                        |            10.0 |
| clk_fpga_0                  | system_i/processing_system7_0/inst/FCLK_CLK_unbuffered[0]                           |            10.0 |
| clk_out1_system_clk_wiz_0_0 | system_i/CLK_VIDEO_OUT_GEN/inst/CLK_CORE_DRP_I/clk_inst/clk_out1_system_clk_wiz_0_0 |            13.4 |
| clk_out2_system_clk_wiz_0_0 | system_i/CLK_VIDEO_OUT_GEN/inst/CLK_CORE_DRP_I/clk_inst/clk_out2_system_clk_wiz_0_0 |            40.0 |
| clkfbout_system_clk_wiz_0_0 | system_i/CLK_VIDEO_OUT_GEN/inst/CLK_CORE_DRP_I/clk_inst/clkfbout_system_clk_wiz_0_0 |            10.0 |
+-----------------------------+-------------------------------------------------------------------------------------+-----------------+


3. Detailed Reports
-------------------

3.1 By Hierarchy
----------------

+--------------------------------------------------------------------------------------------------------------------+-----------+
| Name                                                                                                               | Power (W) |
+--------------------------------------------------------------------------------------------------------------------+-----------+
| system_wrapper                                                                                                     |     1.723 |
|   system_i                                                                                                         |     1.720 |
|     CLK_VIDEO_OUT_GEN                                                                                              |     0.124 |
|       inst                                                                                                         |     0.124 |
|         AXI_LITE_IPIF_I                                                                                            |    <0.001 |
|           I_SLAVE_ATTACHMENT                                                                                       |    <0.001 |
|             I_DECODER                                                                                              |    <0.001 |
|         CLK_CORE_DRP_I                                                                                             |     0.123 |
|           clk_inst                                                                                                 |     0.119 |
|           mmcm_drp_inst                                                                                            |    <0.001 |
|         SOFT_RESET_I                                                                                               |    <0.001 |
|     OV5640_IP_ML_0                                                                                                 |     0.002 |
|       cmos_sdat_io_IOBUF_inst                                                                                      |     0.000 |
|       inst                                                                                                         |     0.002 |
|         cmos_decode_v1_u0                                                                                          |    <0.001 |
|         nolabel_line110                                                                                            |    <0.001 |
|         u_i2c_timing_ctrl                                                                                          |    <0.001 |
|     axi_mem_intercon                                                                                               |     0.003 |
|       m00_couplers                                                                                                 |     0.001 |
|         auto_pc                                                                                                    |     0.001 |
|           inst                                                                                                     |     0.001 |
|             gen_axi4_axi3.axi3_conv_inst                                                                           |     0.001 |
|               USE_READ.USE_SPLIT_R.read_addr_inst                                                                  |    <0.001 |
|                 USE_R_CHANNEL.cmd_queue                                                                            |    <0.001 |
|                   inst                                                                                             |    <0.001 |
|                     fifo_gen_inst                                                                                  |    <0.001 |
|                       inst_fifo_gen                                                                                |    <0.001 |
|                         gconvfifo.rf                                                                               |    <0.001 |
|                           grf.rf                                                                                   |    <0.001 |
|                             gntv_or_sync_fifo.gl0.rd                                                               |    <0.001 |
|                               gr1.gr1_int.rfwft                                                                    |    <0.001 |
|                               grss.rsts                                                                            |    <0.001 |
|                               rpntr                                                                                |    <0.001 |
|                             gntv_or_sync_fifo.gl0.wr                                                               |    <0.001 |
|                               gwss.wsts                                                                            |    <0.001 |
|                               wpntr                                                                                |    <0.001 |
|                             gntv_or_sync_fifo.mem                                                                  |    <0.001 |
|                               gdm.dm_gen.dm                                                                        |    <0.001 |
|                                 RAM_reg_0_31_0_0                                                                   |    <0.001 |
|                             rstblk                                                                                 |    <0.001 |
|                               ngwrdrst.grst.g7serrst.gnsckt_wrst.rst_wr_reg2_inst                                  |    <0.001 |
|               USE_WRITE.USE_SPLIT_W.write_resp_inst                                                                |    <0.001 |
|               USE_WRITE.write_addr_inst                                                                            |    <0.001 |
|                 USE_BURSTS.cmd_queue                                                                               |    <0.001 |
|                   inst                                                                                             |    <0.001 |
|                     fifo_gen_inst                                                                                  |    <0.001 |
|                       inst_fifo_gen                                                                                |    <0.001 |
|                         gconvfifo.rf                                                                               |    <0.001 |
|                           grf.rf                                                                                   |    <0.001 |
|                             gntv_or_sync_fifo.gl0.rd                                                               |    <0.001 |
|                               gr1.gr1_int.rfwft                                                                    |    <0.001 |
|                               grss.rsts                                                                            |    <0.001 |
|                               rpntr                                                                                |    <0.001 |
|                             gntv_or_sync_fifo.gl0.wr                                                               |    <0.001 |
|                               gwss.wsts                                                                            |    <0.001 |
|                               wpntr                                                                                |    <0.001 |
|                             gntv_or_sync_fifo.mem                                                                  |    <0.001 |
|                               gdm.dm_gen.dm                                                                        |    <0.001 |
|                                 RAM_reg_0_31_0_4                                                                   |    <0.001 |
|                             rstblk                                                                                 |    <0.001 |
|                               ngwrdrst.grst.g7serrst.gnsckt_wrst.rst_wr_reg2_inst                                  |    <0.001 |
|                 USE_B_CHANNEL.cmd_b_queue                                                                          |    <0.001 |
|                   inst                                                                                             |    <0.001 |
|                     fifo_gen_inst                                                                                  |    <0.001 |
|                       inst_fifo_gen                                                                                |    <0.001 |
|                         gconvfifo.rf                                                                               |    <0.001 |
|                           grf.rf                                                                                   |    <0.001 |
|                             gntv_or_sync_fifo.gl0.rd                                                               |    <0.001 |
|                               gr1.gr1_int.rfwft                                                                    |    <0.001 |
|                               grss.rsts                                                                            |    <0.001 |
|                               rpntr                                                                                |    <0.001 |
|                             gntv_or_sync_fifo.gl0.wr                                                               |    <0.001 |
|                               gwss.wsts                                                                            |    <0.001 |
|                               wpntr                                                                                |    <0.001 |
|                             gntv_or_sync_fifo.mem                                                                  |    <0.001 |
|                               gdm.dm_gen.dm                                                                        |    <0.001 |
|                                 RAM_reg_0_31_0_4                                                                   |    <0.001 |
|                             rstblk                                                                                 |    <0.001 |
|                               ngwrdrst.grst.g7serrst.gnsckt_wrst.rst_wr_reg2_inst                                  |    <0.001 |
|               USE_WRITE.write_data_inst                                                                            |    <0.001 |
|       xbar                                                                                                         |     0.001 |
|         inst                                                                                                       |     0.001 |
|           gen_samd.crossbar_samd                                                                                   |     0.001 |
|             addr_arbiter_ar                                                                                        |    <0.001 |
|             addr_arbiter_aw                                                                                        |    <0.001 |
|             gen_decerr_slave.decerr_slave_inst                                                                     |    <0.001 |
|             gen_master_slots[0].gen_mi_write.wdata_mux_w                                                           |    <0.001 |
|               gen_wmux.wmux_aw_fifo                                                                                |    <0.001 |
|                 gen_srls[0].gen_rep[0].srl_nx1                                                                     |    <0.001 |
|             gen_master_slots[0].reg_slice_mi                                                                       |    <0.001 |
|               b.b_pipe                                                                                             |    <0.001 |
|               r.r_pipe                                                                                             |    <0.001 |
|             gen_master_slots[1].gen_mi_write.wdata_mux_w                                                           |    <0.001 |
|               gen_wmux.wmux_aw_fifo                                                                                |    <0.001 |
|                 gen_srls[0].gen_rep[0].srl_nx1                                                                     |    <0.001 |
|             gen_master_slots[1].reg_slice_mi                                                                       |    <0.001 |
|               b.b_pipe                                                                                             |    <0.001 |
|               r.r_pipe                                                                                             |    <0.001 |
|             gen_slave_slots[0].gen_si_read.si_transactor_ar                                                        |    <0.001 |
|             gen_slave_slots[1].gen_si_write.si_transactor_aw                                                       |    <0.001 |
|             gen_slave_slots[1].gen_si_write.splitter_aw_si                                                         |    <0.001 |
|             gen_slave_slots[1].gen_si_write.wdata_router_w                                                         |    <0.001 |
|               wrouter_aw_fifo                                                                                      |    <0.001 |
|                 gen_srls[0].gen_rep[0].srl_nx1                                                                     |    <0.001 |
|             splitter_aw_mi                                                                                         |    <0.001 |
|     axi_vdma_0                                                                                                     |     0.019 |
|       U0                                                                                                           |     0.019 |
|         AXI_LITE_REG_INTERFACE_I                                                                                   |     0.002 |
|           GEN_AXI_LITE_IF.AXI_LITE_IF_I                                                                            |     0.002 |
|             GEN_LITE_IS_ASYNC.GEN_ASYNC_LITE_ACCESS.LITE_WVALID_MM2S_CDC_I                                         |    <0.001 |
|             GEN_LITE_IS_ASYNC.GEN_ASYNC_LITE_ACCESS.LITE_WVALID_S2MM_CDC_I                                         |    <0.001 |
|         GEN_SPRT_FOR_MM2S.ADDR32.I_MM2S_DMA_MNGR                                                                   |     0.001 |
|           I_CMDSTS                                                                                                 |    <0.001 |
|           I_SM                                                                                                     |    <0.001 |
|           I_STS_MNGR                                                                                               |    <0.001 |
|           VIDEO_GENLOCK_I                                                                                          |    <0.001 |
|             GENLOCK_FOR_SLAVE.GENLOCK_MUX_I                                                                        |    <0.001 |
|           VIDEO_REG_I                                                                                              |    <0.001 |
|             GEN_REGISTER_DIRECT.GEN_REGDIRECT_DRES.VIDREGISTER_I                                                   |    <0.001 |
|         GEN_SPRT_FOR_MM2S.GEN_AXIS_MM2S_DWIDTH_CONV.AXIS_MM2S_DWIDTH_CONVERTER_I                                   |    <0.001 |
|           GEN_DWIDTH_NO_SOF.MM2S_AXIS_DWIDTH_CONVERTER_I                                                           |    <0.001 |
|             gen_downsizer_conversion.axisc_downsizer_0                                                             |    <0.001 |
|             gen_upsizer_conversion.axisc_upsizer_0                                                                 |    <0.001 |
|         GEN_SPRT_FOR_MM2S.MM2S_FSYNC_I                                                                             |    <0.001 |
|         GEN_SPRT_FOR_MM2S.MM2S_LINEBUFFER_I                                                                        |    <0.001 |
|           GEN_LINEBUF_NO_SOF.GEN_FOR_ASYNC.ALL_LINES_XFRED_P_S_CDC_I                                               |    <0.001 |
|           GEN_LINEBUF_NO_SOF.GEN_FOR_ASYNC.HALT_CDC_I                                                              |    <0.001 |
|           GEN_LINEBUF_NO_SOF.GEN_FOR_ASYNC.SHUTDOWN_RST_CDC_I                                                      |    <0.001 |
|           GEN_LINEBUF_NO_SOF.GEN_LINEBUFFER.GEN_ASYNC_FIFO.LB_BUILT_IN.I_LINEBUFFER_FIFO                           |    <0.001 |
|             fg_builtin_fifo_inst                                                                                   |    <0.001 |
|               inst_fifo_gen                                                                                        |    <0.001 |
|                 gconvfifo.rf                                                                                       |    <0.001 |
|                   gbi.bi                                                                                           |    <0.001 |
|                     g7ser_birst.rstbt                                                                              |    <0.001 |
|                     v7_bi_fifo.fblk                                                                                |    <0.001 |
|                       gextw[1].gnll_fifo.inst_extd                                                                 |    <0.001 |
|                         gonep.inst_prim                                                                            |    <0.001 |
|           GEN_LINEBUF_NO_SOF.GEN_LINEBUFFER.I_MSTR_SKID                                                            |    <0.001 |
|         GEN_SPRT_FOR_MM2S.MM2S_REGISTER_MODULE_I                                                                   |    <0.001 |
|           GEN_REG_DIRECT_MODE.REGDIRECT_I                                                                          |    <0.001 |
|           I_DMA_REGISTER                                                                                           |    <0.001 |
|           LITE_READ_MUX_I                                                                                          |     0.000 |
|         GEN_SPRT_FOR_MM2S.MM2S_SOF_I                                                                               |    <0.001 |
|         GEN_SPRT_FOR_MM2S.MM2S_VID_CDC_I                                                                           |    <0.001 |
|           GEN_CDC_FOR_ASYNC.FSYNC_OUT_CDC_I                                                                        |    <0.001 |
|           GEN_CDC_FOR_ASYNC.SOF_CDC_I                                                                              |    <0.001 |
|         GEN_SPRT_FOR_S2MM.GEN_AXIS_S2MM_DWIDTH_CONV.AXIS_S2MM_DWIDTH_CONVERTER_I                                   |    <0.001 |
|           GEN_DWIDTH_FLUSH_SOF.S2MM_AXIS_DWIDTH_CONVERTER_I                                                        |    <0.001 |
|             gen_downsizer_conversion.axisc_downsizer_0                                                             |    <0.001 |
|             gen_upsizer_conversion.axisc_upsizer_0                                                                 |    <0.001 |
|         GEN_SPRT_FOR_S2MM.GEN_FLUSH_SOF_TREADY.GEN_FOR_ASYNC_FLUSH_SOF.S2MM_HALTED_CDC_I                           |    <0.001 |
|         GEN_SPRT_FOR_S2MM.GEN_FLUSH_SOF_TREADY.GEN_FOR_ASYNC_FLUSH_SOF.S2MM_PRM_UPDT_CDC_I                         |    <0.001 |
|         GEN_SPRT_FOR_S2MM.GEN_FLUSH_SOF_TREADY.GEN_FOR_ASYNC_FLUSH_SOF.SOF_LATE_CDC_I                              |    <0.001 |
|         GEN_SPRT_FOR_S2MM.GEN_S2MM_DRE_ON_SKID.I_S2MM_SKID_FLUSH_SOF                                               |    <0.001 |
|         GEN_SPRT_FOR_S2MM.S2MMADDR32.I_S2MM_DMA_MNGR                                                               |     0.001 |
|           I_CMDSTS                                                                                                 |    <0.001 |
|           I_SM                                                                                                     |    <0.001 |
|             GEN_FSIZE_MISMATCH.GEN_S2MM_MISMATCH_FLUSH_SOF.GEN_FOR_ASYNC.FSIZE_MISMATCH_CDC_I_FLUSH_SOF            |    <0.001 |
|           I_STS_MNGR                                                                                               |    <0.001 |
|           VIDEO_GENLOCK_I                                                                                          |    <0.001 |
|             GENLOCK_FOR_MASTER.GEN_FSTORES_GRTR_ONE.GREY_CODER_I                                                   |    <0.001 |
|           VIDEO_REG_I                                                                                              |    <0.001 |
|             GEN_REGISTER_DIRECT.GEN_REGDIRECT_DRES.VIDREGISTER_I                                                   |    <0.001 |
|         GEN_SPRT_FOR_S2MM.S2MM_FSYNC_I                                                                             |    <0.001 |
|         GEN_SPRT_FOR_S2MM.S2MM_LINEBUFFER_I                                                                        |     0.002 |
|           GEN_S2MM_FLUSH_SOF_LOGIC.GEN_FOR_ASYNC_FLUSH_SOF.FSYNC_OUT_CDC_I_FLUSH_SOF                               |    <0.001 |
|           GEN_S2MM_FLUSH_SOF_LOGIC.GEN_FOR_ASYNC_FLUSH_SOF.MMAP_NOT_FINISHED_CDC_I_FLUSH_SOF                       |    <0.001 |
|           GEN_S2MM_FLUSH_SOF_LOGIC.GEN_FOR_ASYNC_FLUSH_SOF.RUNSTOP_AXIS_0_CDC_I_FLUSH_SOF                          |    <0.001 |
|           GEN_S2MM_FLUSH_SOF_LOGIC.GEN_FOR_ASYNC_FLUSH_SOF.STRM_WR_HALT_CDC_I                                      |    <0.001 |
|           GEN_S2MM_FLUSH_SOF_LOGIC.GEN_LINEBUFFER_FLUSH_SOF.GEN_ASYNC_FIFO_FLUSH_SOF.LB_BUILT_IN.I_LINEBUFFER_FIFO |     0.001 |
|             fg_builtin_fifo_inst                                                                                   |     0.001 |
|               inst_fifo_gen                                                                                        |     0.001 |
|                 gconvfifo.rf                                                                                       |     0.001 |
|                   gbi.bi                                                                                           |     0.001 |
|                     g7ser_birst.rstbt                                                                              |    <0.001 |
|                     v7_bi_fifo.fblk                                                                                |     0.001 |
|                       gextw[1].gnll_fifo.inst_extd                                                                 |     0.001 |
|                         gonep.inst_prim                                                                            |     0.001 |
|         GEN_SPRT_FOR_S2MM.S2MM_REGISTER_MODULE_I                                                                   |    <0.001 |
|           GEN_REG_DIRECT_MODE.REGDIRECT_I                                                                          |    <0.001 |
|           I_DMA_REGISTER                                                                                           |    <0.001 |
|           LITE_READ_MUX_I                                                                                          |     0.000 |
|         GEN_SPRT_FOR_S2MM.S2MM_SOF_I                                                                               |    <0.001 |
|         GEN_SPRT_FOR_S2MM.S2MM_VID_CDC_I                                                                           |    <0.001 |
|           GEN_CDC_FOR_ASYNC.FSYNC_IN_CDC_I                                                                         |    <0.001 |
|           GEN_CDC_FOR_ASYNC.FSYNC_OUT_CDC_I                                                                        |    <0.001 |
|           GEN_CDC_FOR_ASYNC.SOF_CDC_I                                                                              |    <0.001 |
|         I_AXI_DMA_INTRPT                                                                                           |    <0.001 |
|         I_PRMRY_DATAMOVER                                                                                          |     0.009 |
|           GEN_MM2S_FULL.I_MM2S_FULL_WRAPPER                                                                        |     0.003 |
|             GEN_INCLUDE_MM2S_DRE.I_DRE_16_to_64                                                                    |    <0.001 |
|             GEN_INCLUDE_MM2S_SF.I_RD_SF                                                                            |     0.001 |
|               INCLUDE_DRE_CNTL.I_DRE_CNTL_FIFO                                                                     |    <0.001 |
|                 USE_SRL_FIFO.I_SYNC_FIFO                                                                           |    <0.001 |
|                   I_SRL_FIFO_RBU_F                                                                                 |    <0.001 |
|                     CNTR_INCR_DECR_ADDN_F_I                                                                        |    <0.001 |
|                     DYNSHREG_F_I                                                                                   |    <0.001 |
|               I_DATA_FIFO                                                                                          |     0.001 |
|                 BLK_MEM.I_SYNC_FIFOGEN_FIFO                                                                        |     0.001 |
|                   xpm_fifo_instance.xpm_fifo_sync_inst                                                             |     0.001 |
|                     xpm_fifo_base_inst                                                                             |    <0.001 |
|                       gen_fwft.rdpp1_inst                                                                          |    <0.001 |
|                       gen_sdpram.xpm_memory_base_inst                                                              |    <0.001 |
|                       rdp_inst                                                                                     |    <0.001 |
|                       rdpp1_inst                                                                                   |    <0.001 |
|                       wrp_inst                                                                                     |    <0.001 |
|                       wrpp1_inst                                                                                   |    <0.001 |
|                       xpm_fifo_rst_inst                                                                            |    <0.001 |
|             I_ADDR_CNTL                                                                                            |    <0.001 |
|               GEN_ADDR_FIFO.I_ADDR_QUAL_FIFO                                                                       |    <0.001 |
|                 USE_SRL_FIFO.I_SYNC_FIFO                                                                           |    <0.001 |
|                   I_SRL_FIFO_RBU_F                                                                                 |    <0.001 |
|                     CNTR_INCR_DECR_ADDN_F_I                                                                        |    <0.001 |
|                     DYNSHREG_F_I                                                                                   |    <0.001 |
|             I_CMD_STATUS                                                                                           |    <0.001 |
|               GEN_INCLUDE_STATUS_FIFO.I_STS_FIFO                                                                   |    <0.001 |
|                 USE_SRL_FIFO.I_SYNC_FIFO                                                                           |    <0.001 |
|                   I_SRL_FIFO_RBU_F                                                                                 |    <0.001 |
|                     CNTR_INCR_DECR_ADDN_F_I                                                                        |    <0.001 |
|                     DYNSHREG_F_I                                                                                   |    <0.001 |
|               I_CMD_FIFO                                                                                           |    <0.001 |
|                 USE_SRL_FIFO.I_SYNC_FIFO                                                                           |    <0.001 |
|                   I_SRL_FIFO_RBU_F                                                                                 |    <0.001 |
|                     CNTR_INCR_DECR_ADDN_F_I                                                                        |    <0.001 |
|                     DYNSHREG_F_I                                                                                   |    <0.001 |
|             I_MSTR_PCC                                                                                             |    <0.001 |
|             I_RD_DATA_CNTL                                                                                         |    <0.001 |
|               GEN_DATA_CNTL_FIFO.I_DATA_CNTL_FIFO                                                                  |    <0.001 |
|                 USE_SRL_FIFO.I_SYNC_FIFO                                                                           |    <0.001 |
|                   I_SRL_FIFO_RBU_F                                                                                 |    <0.001 |
|                     CNTR_INCR_DECR_ADDN_F_I                                                                        |    <0.001 |
|                     DYNSHREG_F_I                                                                                   |    <0.001 |
|             I_RD_STATUS_CNTLR                                                                                      |    <0.001 |
|             I_RESET                                                                                                |    <0.001 |
|           GEN_S2MM_FULL.I_S2MM_FULL_WRAPPER                                                                        |     0.006 |
|             GEN_ENABLE_INDET_BTT_SF.I_INDET_BTT                                                                    |     0.002 |
|               ENABLE_AXIS_SKID.I_INDET_BTT_SKID_BUF                                                                |    <0.001 |
|               I_DATA_FIFO                                                                                          |    <0.001 |
|                 BLK_MEM.I_SYNC_FIFOGEN_FIFO                                                                        |    <0.001 |
|                   xpm_fifo_instance.xpm_fifo_sync_inst                                                             |    <0.001 |
|                     xpm_fifo_base_inst                                                                             |    <0.001 |
|                       gen_sdpram.xpm_memory_base_inst                                                              |    <0.001 |
|                       rdp_inst                                                                                     |    <0.001 |
|                       rdpp1_inst                                                                                   |    <0.001 |
|                       wrp_inst                                                                                     |    <0.001 |
|                       wrpp1_inst                                                                                   |    <0.001 |
|                       xpm_fifo_rst_inst                                                                            |    <0.001 |
|               I_XD_FIFO                                                                                            |    <0.001 |
|                 NON_BLK_MEM.I_SYNC_FIFOGEN_FIFO                                                                    |    <0.001 |
|                   xpm_fifo_instance.xpm_fifo_sync_inst                                                             |    <0.001 |
|                     xpm_fifo_base_inst                                                                             |    <0.001 |
|                       gen_fwft.rdpp1_inst                                                                          |    <0.001 |
|                       gen_sdpram.xpm_memory_base_inst                                                              |    <0.001 |
|                         gen_wr_a.gen_word_narrow.mem_reg_0_15_0_5                                                  |    <0.001 |
|                         gen_wr_a.gen_word_narrow.mem_reg_0_15_6_11                                                 |    <0.001 |
|                       rdp_inst                                                                                     |    <0.001 |
|                       rdpp1_inst                                                                                   |    <0.001 |
|                       wrp_inst                                                                                     |    <0.001 |
|                       wrpp1_inst                                                                                   |    <0.001 |
|                       xpm_fifo_rst_inst                                                                            |    <0.001 |
|             GEN_INCLUDE_IBTTCC.I_S2MM_MSTR_IBTTCC                                                                  |    <0.001 |
|             GEN_INCLUDE_REALIGNER.I_S2MM_REALIGNER                                                                 |     0.001 |
|               GEN_INCLUDE_DRE.I_S2MM_DRE_BLOCK                                                                     |    <0.001 |
|               GEN_INCLUDE_SCATTER.I_S2MM_SCATTER                                                                   |    <0.001 |
|                 I_MSSAI_SKID_BUF                                                                                   |    <0.001 |
|                 I_TSTRB_FIFO                                                                                       |    <0.001 |
|                   USE_SRL_FIFO.I_SYNC_FIFO                                                                         |    <0.001 |
|                     I_SRL_FIFO_RBU_F                                                                               |    <0.001 |
|                       CNTR_INCR_DECR_ADDN_F_I                                                                      |    <0.001 |
|                       DYNSHREG_F_I                                                                                 |    <0.001 |
|                 SLICE_INSERTION                                                                                    |    <0.001 |
|               I_DRE_CNTL_FIFO                                                                                      |    <0.001 |
|                 USE_SRL_FIFO.I_SYNC_FIFO                                                                           |    <0.001 |
|                   I_SRL_FIFO_RBU_F                                                                                 |    <0.001 |
|                     CNTR_INCR_DECR_ADDN_F_I                                                                        |    <0.001 |
|                     DYNSHREG_F_I                                                                                   |    <0.001 |
|             I_ADDR_CNTL                                                                                            |    <0.001 |
|               GEN_ADDR_FIFO.I_ADDR_QUAL_FIFO                                                                       |    <0.001 |
|                 USE_SRL_FIFO.I_SYNC_FIFO                                                                           |    <0.001 |
|                   I_SRL_FIFO_RBU_F                                                                                 |    <0.001 |
|                     CNTR_INCR_DECR_ADDN_F_I                                                                        |    <0.001 |
|                     DYNSHREG_F_I                                                                                   |    <0.001 |
|             I_CMD_STATUS                                                                                           |    <0.001 |
|               GEN_INCLUDE_STATUS_FIFO.I_STS_FIFO                                                                   |    <0.001 |
|                 USE_SRL_FIFO.I_SYNC_FIFO                                                                           |    <0.001 |
|                   I_SRL_FIFO_RBU_F                                                                                 |    <0.001 |
|                     CNTR_INCR_DECR_ADDN_F_I                                                                        |    <0.001 |
|                     DYNSHREG_F_I                                                                                   |    <0.001 |
|               I_CMD_FIFO                                                                                           |    <0.001 |
|                 USE_SRL_FIFO.I_SYNC_FIFO                                                                           |    <0.001 |
|                   I_SRL_FIFO_RBU_F                                                                                 |    <0.001 |
|                     CNTR_INCR_DECR_ADDN_F_I                                                                        |    <0.001 |
|                     DYNSHREG_F_I                                                                                   |    <0.001 |
|             I_RESET                                                                                                |    <0.001 |
|             I_S2MM_MMAP_SKID_BUF                                                                                   |    <0.001 |
|             I_WR_DATA_CNTL                                                                                         |    <0.001 |
|               GEN_DATA_CNTL_FIFO.I_DATA_CNTL_FIFO                                                                  |    <0.001 |
|                 USE_SRL_FIFO.I_SYNC_FIFO                                                                           |    <0.001 |
|                   I_SRL_FIFO_RBU_F                                                                                 |    <0.001 |
|                     CNTR_INCR_DECR_ADDN_F_I                                                                        |    <0.001 |
|                     DYNSHREG_F_I                                                                                   |    <0.001 |
|               GEN_INDET_BTT.I_STRT_STRB_GEN                                                                        |    <0.001 |
|             I_WR_STATUS_CNTLR                                                                                      |    <0.001 |
|               GEN_ENABLE_INDET_BTT.I_SF_DATA_CNTL_STATUS_FIFO                                                      |    <0.001 |
|                 USE_SRL_FIFO.I_SYNC_FIFO                                                                           |    <0.001 |
|                   I_SRL_FIFO_RBU_F                                                                                 |    <0.001 |
|                     CNTR_INCR_DECR_ADDN_F_I                                                                        |    <0.001 |
|                     DYNSHREG_F_I                                                                                   |    <0.001 |
|               I_WRESP_STATUS_FIFO                                                                                  |    <0.001 |
|                 USE_SRL_FIFO.I_SYNC_FIFO                                                                           |    <0.001 |
|                   I_SRL_FIFO_RBU_F                                                                                 |    <0.001 |
|                     CNTR_INCR_DECR_ADDN_F_I                                                                        |    <0.001 |
|                     DYNSHREG_F_I                                                                                   |    <0.001 |
|         I_RST_MODULE                                                                                               |    <0.001 |
|           GEN_RESET_FOR_MM2S.RESET_I                                                                               |    <0.001 |
|             GEN_MIN_FOR_ASYNC.AXIS_CLR_CDC_I                                                                       |    <0.001 |
|             GEN_MIN_FOR_ASYNC.AXIS_IDLE_CDC_I                                                                      |    <0.001 |
|             GEN_MIN_FOR_ASYNC.AXIS_MIN_CDC_I                                                                       |    <0.001 |
|             GEN_MIN_FOR_ASYNC.AXIS_RESET_CDC_I                                                                     |    <0.001 |
|             GEN_MIN_FOR_ASYNC.LITE_CLR_CDC_I                                                                       |    <0.001 |
|             GEN_MIN_FOR_ASYNC.LITE_IDLE_CDC_I                                                                      |    <0.001 |
|             GEN_MIN_FOR_ASYNC.LITE_MIN_CDC_I                                                                       |    <0.001 |
|             GEN_MIN_FOR_ASYNC.LITE_RESET_CDC_I                                                                     |    <0.001 |
|             GEN_RESET_FOR_ASYNC.AXIS_RESET_CDC_I                                                                   |    <0.001 |
|             GEN_RESET_FOR_ASYNC.HARD_RESET_CDC_I                                                                   |    <0.001 |
|           GEN_RESET_FOR_S2MM.RESET_I                                                                               |    <0.001 |
|             GEN_MIN_FOR_ASYNC.AXIS_CLR_CDC_I                                                                       |    <0.001 |
|             GEN_MIN_FOR_ASYNC.AXIS_IDLE_CDC_I                                                                      |    <0.001 |
|             GEN_MIN_FOR_ASYNC.AXIS_MIN_CDC_I                                                                       |    <0.001 |
|             GEN_MIN_FOR_ASYNC.AXIS_RESET_CDC_I                                                                     |    <0.001 |
|             GEN_MIN_FOR_ASYNC.LITE_CLR_CDC_I                                                                       |    <0.001 |
|             GEN_MIN_FOR_ASYNC.LITE_IDLE_CDC_I                                                                      |    <0.001 |
|             GEN_MIN_FOR_ASYNC.LITE_MIN_CDC_I                                                                       |    <0.001 |
|             GEN_MIN_FOR_ASYNC.LITE_RESET_CDC_I                                                                     |    <0.001 |
|             GEN_RESET_FOR_ASYNC.AXIS_RESET_CDC_I                                                                   |    <0.001 |
|             GEN_RESET_FOR_ASYNC.HARD_RESET_CDC_I                                                                   |    <0.001 |
|     processing_system7_0                                                                                           |     1.537 |
|       inst                                                                                                         |     1.537 |
|     processing_system7_0_axi_periph                                                                                |     0.024 |
|       m01_couplers                                                                                                 |     0.007 |
|         auto_cc                                                                                                    |     0.004 |
|           inst                                                                                                     |     0.004 |
|             gen_clock_conv.gen_async_conv.asyncfifo_axi                                                            |     0.004 |
|               inst_fifo_gen                                                                                        |     0.004 |
|                 gaxi_full_lite.gread_ch.grach2.axi_rach                                                            |    <0.001 |
|                   grf.rf                                                                                           |    <0.001 |
|                     gntv_or_sync_fifo.gcx.clkx                                                                     |    <0.001 |
|                       rd_pntr_cdc_inst                                                                             |    <0.001 |
|                       wr_pntr_cdc_inst                                                                             |    <0.001 |
|                     gntv_or_sync_fifo.gl0.rd                                                                       |    <0.001 |
|                       gr1.gr1_int.rfwft                                                                            |    <0.001 |
|                       gras.rsts                                                                                    |    <0.001 |
|                       rpntr                                                                                        |    <0.001 |
|                     gntv_or_sync_fifo.gl0.wr                                                                       |    <0.001 |
|                       gwas.wsts                                                                                    |    <0.001 |
|                       wpntr                                                                                        |    <0.001 |
|                     gntv_or_sync_fifo.mem                                                                          |    <0.001 |
|                       gdm.dm_gen.dm                                                                                |    <0.001 |
|                         RAM_reg_0_15_12_17                                                                         |    <0.001 |
|                         RAM_reg_0_15_18_23                                                                         |    <0.001 |
|                         RAM_reg_0_15_24_29                                                                         |    <0.001 |
|                         RAM_reg_0_15_30_35                                                                         |    <0.001 |
|                         RAM_reg_0_15_36_41                                                                         |    <0.001 |
|                         RAM_reg_0_15_60_65                                                                         |    <0.001 |
|                         RAM_reg_0_15_66_71                                                                         |    <0.001 |
|                         RAM_reg_0_15_72_72                                                                         |    <0.001 |
|                     rstblk                                                                                         |    <0.001 |
|                       ngwrdrst.grst.g7serrst.gnsckt_wrst.gic_rst.rst_rd_reg2_inst                                  |    <0.001 |
|                       ngwrdrst.grst.g7serrst.gnsckt_wrst.gic_rst.xpm_cdc_single_inst_rrst_wr                       |    <0.001 |
|                       ngwrdrst.grst.g7serrst.gnsckt_wrst.gic_rst.xpm_cdc_single_inst_wrst_rd                       |    <0.001 |
|                       ngwrdrst.grst.g7serrst.gnsckt_wrst.rst_wr_reg2_inst                                          |    <0.001 |
|                 gaxi_full_lite.gread_ch.grdch2.axi_rdch                                                            |     0.001 |
|                   grf.rf                                                                                           |     0.001 |
|                     gntv_or_sync_fifo.gcx.clkx                                                                     |    <0.001 |
|                       rd_pntr_cdc_inst                                                                             |    <0.001 |
|                       wr_pntr_cdc_inst                                                                             |    <0.001 |
|                     gntv_or_sync_fifo.gl0.rd                                                                       |    <0.001 |
|                       gr1.gr1_int.rfwft                                                                            |    <0.001 |
|                       gras.rsts                                                                                    |    <0.001 |
|                       rpntr                                                                                        |    <0.001 |
|                     gntv_or_sync_fifo.gl0.wr                                                                       |    <0.001 |
|                       gwas.wsts                                                                                    |    <0.001 |
|                       wpntr                                                                                        |    <0.001 |
|                     gntv_or_sync_fifo.mem                                                                          |    <0.001 |
|                       gdm.dm_gen.dm                                                                                |    <0.001 |
|                         RAM_reg_0_15_0_5                                                                           |    <0.001 |
|                         RAM_reg_0_15_12_17                                                                         |    <0.001 |
|                         RAM_reg_0_15_18_23                                                                         |    <0.001 |
|                         RAM_reg_0_15_24_29                                                                         |    <0.001 |
|                         RAM_reg_0_15_30_35                                                                         |    <0.001 |
|                         RAM_reg_0_15_36_41                                                                         |    <0.001 |
|                         RAM_reg_0_15_42_46                                                                         |    <0.001 |
|                         RAM_reg_0_15_6_11                                                                          |    <0.001 |
|                     rstblk                                                                                         |    <0.001 |
|                       ngwrdrst.grst.g7serrst.gnsckt_wrst.gic_rst.rst_rd_reg2_inst                                  |    <0.001 |
|                       ngwrdrst.grst.g7serrst.gnsckt_wrst.gic_rst.xpm_cdc_single_inst_rrst_wr                       |    <0.001 |
|                       ngwrdrst.grst.g7serrst.gnsckt_wrst.gic_rst.xpm_cdc_single_inst_wrst_rd                       |    <0.001 |
|                       ngwrdrst.grst.g7serrst.gnsckt_wrst.rst_wr_reg2_inst                                          |    <0.001 |
|                 gaxi_full_lite.gwrite_ch.gwach2.axi_wach                                                           |    <0.001 |
|                   grf.rf                                                                                           |    <0.001 |
|                     gntv_or_sync_fifo.gcx.clkx                                                                     |    <0.001 |
|                       rd_pntr_cdc_inst                                                                             |    <0.001 |
|                       wr_pntr_cdc_inst                                                                             |    <0.001 |
|                     gntv_or_sync_fifo.gl0.rd                                                                       |    <0.001 |
|                       gr1.gr1_int.rfwft                                                                            |    <0.001 |
|                       gras.rsts                                                                                    |    <0.001 |
|                       rpntr                                                                                        |    <0.001 |
|                     gntv_or_sync_fifo.gl0.wr                                                                       |    <0.001 |
|                       gwas.wsts                                                                                    |    <0.001 |
|                       wpntr                                                                                        |    <0.001 |
|                     gntv_or_sync_fifo.mem                                                                          |    <0.001 |
|                       gdm.dm_gen.dm                                                                                |    <0.001 |
|                         RAM_reg_0_15_12_17                                                                         |    <0.001 |
|                         RAM_reg_0_15_18_23                                                                         |    <0.001 |
|                         RAM_reg_0_15_24_29                                                                         |    <0.001 |
|                         RAM_reg_0_15_30_35                                                                         |    <0.001 |
|                         RAM_reg_0_15_36_41                                                                         |    <0.001 |
|                         RAM_reg_0_15_60_65                                                                         |    <0.001 |
|                         RAM_reg_0_15_66_71                                                                         |    <0.001 |
|                         RAM_reg_0_15_72_72                                                                         |    <0.001 |
|                     rstblk                                                                                         |    <0.001 |
|                       ngwrdrst.grst.g7serrst.gnsckt_wrst.gic_rst.rst_rd_reg2_inst                                  |    <0.001 |
|                       ngwrdrst.grst.g7serrst.gnsckt_wrst.gic_rst.xpm_cdc_single_inst_rrst_wr                       |    <0.001 |
|                       ngwrdrst.grst.g7serrst.gnsckt_wrst.gic_rst.xpm_cdc_single_inst_wrst_rd                       |    <0.001 |
|                       ngwrdrst.grst.g7serrst.gnsckt_wrst.rst_wr_reg2_inst                                          |    <0.001 |
|                 gaxi_full_lite.gwrite_ch.gwdch2.axi_wdch                                                           |    <0.001 |
|                   grf.rf                                                                                           |    <0.001 |
|                     gntv_or_sync_fifo.gcx.clkx                                                                     |    <0.001 |
|                       rd_pntr_cdc_inst                                                                             |    <0.001 |
|                       wr_pntr_cdc_inst                                                                             |    <0.001 |
|                     gntv_or_sync_fifo.gl0.rd                                                                       |    <0.001 |
|                       gr1.gr1_int.rfwft                                                                            |    <0.001 |
|                       gras.rsts                                                                                    |    <0.001 |
|                       rpntr                                                                                        |    <0.001 |
|                     gntv_or_sync_fifo.gl0.wr                                                                       |    <0.001 |
|                       gwas.wsts                                                                                    |    <0.001 |
|                       wpntr                                                                                        |    <0.001 |
|                     gntv_or_sync_fifo.mem                                                                          |    <0.001 |
|                       gdm.dm_gen.dm                                                                                |    <0.001 |
|                         RAM_reg_0_15_0_5                                                                           |    <0.001 |
|                         RAM_reg_0_15_12_17                                                                         |    <0.001 |
|                         RAM_reg_0_15_18_23                                                                         |    <0.001 |
|                         RAM_reg_0_15_24_29                                                                         |    <0.001 |
|                         RAM_reg_0_15_30_35                                                                         |    <0.001 |
|                         RAM_reg_0_15_36_36                                                                         |    <0.001 |
|                         RAM_reg_0_15_6_11                                                                          |    <0.001 |
|                     rstblk                                                                                         |    <0.001 |
|                       ngwrdrst.grst.g7serrst.gnsckt_wrst.gic_rst.rst_rd_reg2_inst                                  |    <0.001 |
|                       ngwrdrst.grst.g7serrst.gnsckt_wrst.gic_rst.xpm_cdc_single_inst_rrst_wr                       |    <0.001 |
|                       ngwrdrst.grst.g7serrst.gnsckt_wrst.gic_rst.xpm_cdc_single_inst_wrst_rd                       |    <0.001 |
|                       ngwrdrst.grst.g7serrst.gnsckt_wrst.rst_wr_reg2_inst                                          |    <0.001 |
|                 gaxi_full_lite.gwrite_ch.gwrch2.axi_wrch                                                           |    <0.001 |
|                   grf.rf                                                                                           |    <0.001 |
|                     gntv_or_sync_fifo.gcx.clkx                                                                     |    <0.001 |
|                       rd_pntr_cdc_inst                                                                             |    <0.001 |
|                       wr_pntr_cdc_inst                                                                             |    <0.001 |
|                     gntv_or_sync_fifo.gl0.rd                                                                       |    <0.001 |
|                       gr1.gr1_int.rfwft                                                                            |    <0.001 |
|                       gras.rsts                                                                                    |    <0.001 |
|                       rpntr                                                                                        |    <0.001 |
|                     gntv_or_sync_fifo.gl0.wr                                                                       |    <0.001 |
|                       gwas.wsts                                                                                    |    <0.001 |
|                       wpntr                                                                                        |    <0.001 |
|                     gntv_or_sync_fifo.mem                                                                          |    <0.001 |
|                       gdm.dm_gen.dm                                                                                |    <0.001 |
|                         RAM_reg_0_15_0_5                                                                           |    <0.001 |
|                         RAM_reg_0_15_12_13                                                                         |    <0.001 |
|                         RAM_reg_0_15_6_11                                                                          |    <0.001 |
|                     rstblk                                                                                         |    <0.001 |
|                       ngwrdrst.grst.g7serrst.gnsckt_wrst.gic_rst.rst_rd_reg2_inst                                  |    <0.001 |
|                       ngwrdrst.grst.g7serrst.gnsckt_wrst.gic_rst.xpm_cdc_single_inst_rrst_wr                       |    <0.001 |
|                       ngwrdrst.grst.g7serrst.gnsckt_wrst.gic_rst.xpm_cdc_single_inst_wrst_rd                       |    <0.001 |
|                       ngwrdrst.grst.g7serrst.gnsckt_wrst.rst_wr_reg2_inst                                          |    <0.001 |
|         auto_pc                                                                                                    |     0.003 |
|           inst                                                                                                     |     0.003 |
|             gen_axilite.gen_b2s_conv.axilite_b2s                                                                   |     0.003 |
|               RD.ar_channel_0                                                                                      |    <0.001 |
|                 ar_cmd_fsm_0                                                                                       |    <0.001 |
|                 cmd_translator_0                                                                                   |    <0.001 |
|                   incr_cmd_0                                                                                       |    <0.001 |
|                   wrap_cmd_0                                                                                       |    <0.001 |
|               RD.r_channel_0                                                                                       |    <0.001 |
|                 rd_data_fifo_0                                                                                     |    <0.001 |
|                 transaction_fifo_0                                                                                 |    <0.001 |
|               SI_REG                                                                                               |    <0.001 |
|                 ar.ar_pipe                                                                                         |    <0.001 |
|                 aw.aw_pipe                                                                                         |    <0.001 |
|                 b.b_pipe                                                                                           |    <0.001 |
|                 r.r_pipe                                                                                           |    <0.001 |
|               WR.aw_channel_0                                                                                      |    <0.001 |
|                 aw_cmd_fsm_0                                                                                       |    <0.001 |
|                 cmd_translator_0                                                                                   |    <0.001 |
|                   incr_cmd_0                                                                                       |    <0.001 |
|                   wrap_cmd_0                                                                                       |    <0.001 |
|               WR.b_channel_0                                                                                       |    <0.001 |
|                 bid_fifo_0                                                                                         |    <0.001 |
|                 bresp_fifo_0                                                                                       |    <0.001 |
|       m02_couplers                                                                                                 |     0.004 |
|         auto_pc                                                                                                    |     0.004 |
|           inst                                                                                                     |     0.004 |
|             gen_axilite.gen_b2s_conv.axilite_b2s                                                                   |     0.004 |
|               RD.ar_channel_0                                                                                      |    <0.001 |
|                 ar_cmd_fsm_0                                                                                       |    <0.001 |
|                 cmd_translator_0                                                                                   |    <0.001 |
|                   incr_cmd_0                                                                                       |    <0.001 |
|                   wrap_cmd_0                                                                                       |    <0.001 |
|               RD.r_channel_0                                                                                       |    <0.001 |
|                 rd_data_fifo_0                                                                                     |    <0.001 |
|                 transaction_fifo_0                                                                                 |    <0.001 |
|               SI_REG                                                                                               |     0.001 |
|                 ar.ar_pipe                                                                                         |    <0.001 |
|                 aw.aw_pipe                                                                                         |    <0.001 |
|                 b.b_pipe                                                                                           |    <0.001 |
|                 r.r_pipe                                                                                           |    <0.001 |
|               WR.aw_channel_0                                                                                      |    <0.001 |
|                 aw_cmd_fsm_0                                                                                       |    <0.001 |
|                 cmd_translator_0                                                                                   |    <0.001 |
|                   incr_cmd_0                                                                                       |    <0.001 |
|                   wrap_cmd_0                                                                                       |    <0.001 |
|               WR.b_channel_0                                                                                       |    <0.001 |
|                 bid_fifo_0                                                                                         |    <0.001 |
|                 bresp_fifo_0                                                                                       |    <0.001 |
|       m03_couplers                                                                                                 |     0.005 |
|         auto_pc                                                                                                    |     0.005 |
|           inst                                                                                                     |     0.005 |
|             gen_axilite.gen_b2s_conv.axilite_b2s                                                                   |     0.005 |
|               RD.ar_channel_0                                                                                      |    <0.001 |
|                 ar_cmd_fsm_0                                                                                       |    <0.001 |
|                 cmd_translator_0                                                                                   |    <0.001 |
|                   incr_cmd_0                                                                                       |    <0.001 |
|                   wrap_cmd_0                                                                                       |    <0.001 |
|               RD.r_channel_0                                                                                       |    <0.001 |
|                 rd_data_fifo_0                                                                                     |    <0.001 |
|                 transaction_fifo_0                                                                                 |    <0.001 |
|               SI_REG                                                                                               |     0.001 |
|                 ar.ar_pipe                                                                                         |    <0.001 |
|                 aw.aw_pipe                                                                                         |    <0.001 |
|                 b.b_pipe                                                                                           |    <0.001 |
|                 r.r_pipe                                                                                           |    <0.001 |
|               WR.aw_channel_0                                                                                      |     0.001 |
|                 aw_cmd_fsm_0                                                                                       |    <0.001 |
|                 cmd_translator_0                                                                                   |    <0.001 |
|                   incr_cmd_0                                                                                       |    <0.001 |
|                   wrap_cmd_0                                                                                       |    <0.001 |
|               WR.b_channel_0                                                                                       |    <0.001 |
|                 bid_fifo_0                                                                                         |    <0.001 |
|                 bresp_fifo_0                                                                                       |    <0.001 |
|       m04_couplers                                                                                                 |     0.003 |
|         auto_pc                                                                                                    |     0.003 |
|           inst                                                                                                     |     0.003 |
|             gen_axilite.gen_b2s_conv.axilite_b2s                                                                   |     0.003 |
|               RD.ar_channel_0                                                                                      |    <0.001 |
|                 ar_cmd_fsm_0                                                                                       |    <0.001 |
|                 cmd_translator_0                                                                                   |    <0.001 |
|                   incr_cmd_0                                                                                       |    <0.001 |
|                   wrap_cmd_0                                                                                       |    <0.001 |
|               RD.r_channel_0                                                                                       |    <0.001 |
|                 rd_data_fifo_0                                                                                     |    <0.001 |
|                 transaction_fifo_0                                                                                 |    <0.001 |
|               SI_REG                                                                                               |     0.001 |
|                 ar.ar_pipe                                                                                         |    <0.001 |
|                 aw.aw_pipe                                                                                         |    <0.001 |
|                 b.b_pipe                                                                                           |    <0.001 |
|                 r.r_pipe                                                                                           |    <0.001 |
|               WR.aw_channel_0                                                                                      |    <0.001 |
|                 aw_cmd_fsm_0                                                                                       |    <0.001 |
|                 cmd_translator_0                                                                                   |    <0.001 |
|                   incr_cmd_0                                                                                       |    <0.001 |
|                   wrap_cmd_0                                                                                       |    <0.001 |
|               WR.b_channel_0                                                                                       |    <0.001 |
|                 bid_fifo_0                                                                                         |    <0.001 |
|                 bresp_fifo_0                                                                                       |    <0.001 |
|       s00_couplers                                                                                                 |     0.000 |
|         auto_pc                                                                                                    |     0.000 |
|       xbar                                                                                                         |     0.005 |
|         inst                                                                                                       |     0.005 |
|           gen_samd.crossbar_samd                                                                                   |     0.005 |
|             addr_arbiter_ar                                                                                        |    <0.001 |
|             addr_arbiter_aw                                                                                        |    <0.001 |
|             gen_decerr_slave.decerr_slave_inst                                                                     |    <0.001 |
|             gen_master_slots[0].reg_slice_mi                                                                       |    <0.001 |
|               b.b_pipe                                                                                             |    <0.001 |
|               r.r_pipe                                                                                             |    <0.001 |
|             gen_master_slots[1].reg_slice_mi                                                                       |    <0.001 |
|               b.b_pipe                                                                                             |    <0.001 |
|               r.r_pipe                                                                                             |    <0.001 |
|             gen_master_slots[2].reg_slice_mi                                                                       |    <0.001 |
|               b.b_pipe                                                                                             |    <0.001 |
|               r.r_pipe                                                                                             |    <0.001 |
|             gen_master_slots[3].reg_slice_mi                                                                       |    <0.001 |
|               b.b_pipe                                                                                             |    <0.001 |
|               r.r_pipe                                                                                             |    <0.001 |
|             gen_master_slots[4].reg_slice_mi                                                                       |    <0.001 |
|               b.b_pipe                                                                                             |    <0.001 |
|               r.r_pipe                                                                                             |    <0.001 |
|             gen_master_slots[5].reg_slice_mi                                                                       |    <0.001 |
|               b.b_pipe                                                                                             |    <0.001 |
|               r.r_pipe                                                                                             |    <0.001 |
|             gen_slave_slots[0].gen_si_read.si_transactor_ar                                                        |     0.001 |
|               gen_multi_thread.arbiter_resp_inst                                                                   |    <0.001 |
|               gen_multi_thread.mux_resp_multi_thread                                                               |    <0.001 |
|             gen_slave_slots[0].gen_si_write.si_transactor_aw                                                       |     0.001 |
|               gen_multi_thread.arbiter_resp_inst                                                                   |    <0.001 |
|               gen_multi_thread.mux_resp_multi_thread                                                               |    <0.001 |
|             gen_slave_slots[0].gen_si_write.splitter_aw_si                                                         |    <0.001 |
|             gen_slave_slots[0].gen_si_write.wdata_router_w                                                         |    <0.001 |
|               wrouter_aw_fifo                                                                                      |    <0.001 |
|                 gen_srls[0].gen_rep[0].srl_nx1                                                                     |    <0.001 |
|                 gen_srls[0].gen_rep[1].srl_nx1                                                                     |    <0.001 |
|                 gen_srls[0].gen_rep[2].srl_nx1                                                                     |    <0.001 |
|                 gen_srls[0].gen_rep[3].srl_nx1                                                                     |    <0.001 |
|             splitter_aw_mi                                                                                         |    <0.001 |
|     rst_processing_system7_0_100M                                                                                  |    <0.001 |
|       U0                                                                                                           |    <0.001 |
|         EXT_LPF                                                                                                    |    <0.001 |
|           ACTIVE_LOW_AUX.ACT_LO_AUX                                                                                |    <0.001 |
|           ACTIVE_LOW_EXT.ACT_LO_EXT                                                                                |    <0.001 |
|         SEQ                                                                                                        |    <0.001 |
|           SEQ_COUNTER                                                                                              |    <0.001 |
|     v_axi4s_vid_out_0                                                                                              |     0.003 |
|       inst                                                                                                         |     0.003 |
|         COUPLER_INST                                                                                               |     0.002 |
|           generate_async_fifo.FIFO_INST                                                                            |     0.002 |
|             XPM_FIFO_ASYNC_INST                                                                                    |     0.002 |
|               gnuram_async_fifo.xpm_fifo_base_inst                                                                 |     0.002 |
|                 gen_cdc_pntr.rd_pntr_cdc_inst                                                                      |    <0.001 |
|                 gen_cdc_pntr.rpw_gray_reg                                                                          |    <0.001 |
|                 gen_cdc_pntr.wpr_gray_reg                                                                          |    <0.001 |
|                 gen_cdc_pntr.wpr_gray_reg_dc                                                                       |    <0.001 |
|                 gen_cdc_pntr.wr_pntr_cdc_dc_inst                                                                   |    <0.001 |
|                 gen_cdc_pntr.wr_pntr_cdc_inst                                                                      |    <0.001 |
|                 gen_fwft.rdpp1_inst                                                                                |    <0.001 |
|                 gen_sdpram.xpm_memory_base_inst                                                                    |    <0.001 |
|                 rdp_inst                                                                                           |    <0.001 |
|                 rdpp1_inst                                                                                         |    <0.001 |
|                 rst_d1_inst                                                                                        |    <0.001 |
|                 wrp_inst                                                                                           |    <0.001 |
|                 wrpp1_inst                                                                                         |    <0.001 |
|                 wrpp2_inst                                                                                         |    <0.001 |
|                 xpm_fifo_rst_inst                                                                                  |    <0.001 |
|                   gen_rst_ic.rrst_rd_inst                                                                          |    <0.001 |
|                     gen_pipe_bit[1].pipe_bit_inst                                                                  |    <0.001 |
|                     gen_pipe_bit[2].pipe_bit_inst                                                                  |    <0.001 |
|                   gen_rst_ic.rrst_wr_inst                                                                          |    <0.001 |
|                   gen_rst_ic.wrst_rd_inst                                                                          |    <0.001 |
|                   gen_rst_ic.wrst_wr_inst                                                                          |    <0.001 |
|                     gen_pipe_bit[0].pipe_bit_inst                                                                  |    <0.001 |
|                     gen_pipe_bit[1].pipe_bit_inst                                                                  |    <0.001 |
|         FORMATTER_INST                                                                                             |    <0.001 |
|         SYNC_INST                                                                                                  |    <0.001 |
|     v_tc_0                                                                                                         |     0.008 |
|       U0                                                                                                           |     0.008 |
|         U_TC_TOP                                                                                                   |    <0.001 |
|           GEN_GENERATOR.U_TC_GEN                                                                                   |    <0.001 |
|         U_VIDEO_CTRL                                                                                               |     0.007 |
|           AXI4_LITE_INTERFACE.AXI_LITE_IPIF_I                                                                      |    <0.001 |
|             I_SLAVE_ATTACHMENT                                                                                     |    <0.001 |
|               I_DECODER                                                                                            |    <0.001 |
|           AXI4_LITE_INTERFACE.CORE_MUX0                                                                            |    <0.001 |
|           AXI4_LITE_INTERFACE.GENR_MUX0                                                                            |     0.002 |
|           AXI4_LITE_INTERFACE.SYNC2PROCCLK_I                                                                       |    <0.001 |
|           AXI4_LITE_INTERFACE.SYNC2VIDCLK_I                                                                        |    <0.001 |
|     v_vid_in_axi4s_0                                                                                               |    <0.001 |
|       inst                                                                                                         |    <0.001 |
|         COUPLER_INST                                                                                               |    <0.001 |
|           generate_sync_fifo.FIFO_INST                                                                             |    <0.001 |
|             XPM_FIFO_SYNC_INST                                                                                     |    <0.001 |
|               xpm_fifo_base_inst                                                                                   |    <0.001 |
|                 gen_sdpram.xpm_memory_base_inst                                                                    |    <0.001 |
|                 rdp_inst                                                                                           |    <0.001 |
|                 rdpp1_inst                                                                                         |    <0.001 |
|                 rst_d1_inst                                                                                        |    <0.001 |
|                 wrp_inst                                                                                           |    <0.001 |
|                 wrpp1_inst                                                                                         |    <0.001 |
|                 xpm_fifo_rst_inst                                                                                  |    <0.001 |
|         FORMATTER_INST                                                                                             |    <0.001 |
|     video_lock_monitor                                                                                             |    <0.001 |
|       U0                                                                                                           |    <0.001 |
|         AXI_LITE_IPIF_I                                                                                            |    <0.001 |
|           I_SLAVE_ATTACHMENT                                                                                       |    <0.001 |
|             I_DECODER                                                                                              |    <0.001 |
|         gpio_core_1                                                                                                |    <0.001 |
|           Not_Dual.INPUT_DOUBLE_REGS3                                                                              |    <0.001 |
+--------------------------------------------------------------------------------------------------------------------+-----------+


